[0.650s] Invoking command in '/home/riboha/ros2_ws/src/actions': PYTHONPATH=/home/riboha/ros2_ws/src/build/actions/prefix_override:/home/riboha/ros2_ws/src/install/actions/lib/python3.10/site-packages:${PYTHONPATH} /usr/bin/python3 setup.py egg_info --egg-base ../build/actions build --build-base /home/riboha/ros2_ws/src/build/actions/build install --record /home/riboha/ros2_ws/src/build/actions/install.log --single-version-externally-managed
[0.790s] running egg_info
[0.791s] writing ../build/actions/actions.egg-info/PKG-INFO
[0.791s] writing dependency_links to ../build/actions/actions.egg-info/dependency_links.txt
[0.791s] writing entry points to ../build/actions/actions.egg-info/entry_points.txt
[0.791s] writing requirements to ../build/actions/actions.egg-info/requires.txt
[0.791s] writing top-level names to ../build/actions/actions.egg-info/top_level.txt
[0.792s] reading manifest file '../build/actions/actions.egg-info/SOURCES.txt'
[0.793s] writing manifest file '../build/actions/actions.egg-info/SOURCES.txt'
[0.793s] running build
[0.793s] running build_py
[0.793s] copying actions/stt_action.py -> /home/riboha/ros2_ws/src/build/actions/build/lib/actions
[0.793s] running install
[0.793s] /usr/lib/python3/dist-packages/setuptools/command/install.py:34: SetuptoolsDeprecationWarning: setup.py install is deprecated. Use build and pip and other standards-based tools.
[0.793s]   warnings.warn(
[0.793s] running install_lib
[0.794s] copying /home/riboha/ros2_ws/src/build/actions/build/lib/actions/stt_action.py -> /home/riboha/ros2_ws/src/install/actions/lib/python3.10/site-packages/actions
[0.794s] byte-compiling /home/riboha/ros2_ws/src/install/actions/lib/python3.10/site-packages/actions/stt_action.py to stt_action.cpython-310.pyc
[0.795s] running install_data
[0.795s] running install_egg_info
[0.796s] removing '/home/riboha/ros2_ws/src/install/actions/lib/python3.10/site-packages/actions-0.0.1-py3.10.egg-info' (and everything under it)
[0.796s] Copying ../build/actions/actions.egg-info to /home/riboha/ros2_ws/src/install/actions/lib/python3.10/site-packages/actions-0.0.1-py3.10.egg-info
[0.796s] running install_scripts
[0.811s] Installing foot_action script to /home/riboha/ros2_ws/src/install/actions/lib/actions
[0.811s] Installing send_action script to /home/riboha/ros2_ws/src/install/actions/lib/actions
[0.811s] Installing stt_action script to /home/riboha/ros2_ws/src/install/actions/lib/actions
[0.811s] writing list of installed files to '/home/riboha/ros2_ws/src/build/actions/install.log'
[0.848s] Invoked command in '/home/riboha/ros2_ws/src/actions' returned '0': PYTHONPATH=/home/riboha/ros2_ws/src/build/actions/prefix_override:/home/riboha/ros2_ws/src/install/actions/lib/python3.10/site-packages:${PYTHONPATH} /usr/bin/python3 setup.py egg_info --egg-base ../build/actions build --build-base /home/riboha/ros2_ws/src/build/actions/build install --record /home/riboha/ros2_ws/src/build/actions/install.log --single-version-externally-managed
