running egg_info
creating ../../build/mini_pupper_control/mini_pupper_control.egg-info
writing ../../build/mini_pupper_control/mini_pupper_control.egg-info/PKG-INFO
writing dependency_links to ../../build/mini_pupper_control/mini_pupper_control.egg-info/dependency_links.txt
writing entry points to ../../build/mini_pupper_control/mini_pupper_control.egg-info/entry_points.txt
writing requirements to ../../build/mini_pupper_control/mini_pupper_control.egg-info/requires.txt
writing top-level names to ../../build/mini_pupper_control/mini_pupper_control.egg-info/top_level.txt
writing manifest file '../../build/mini_pupper_control/mini_pupper_control.egg-info/SOURCES.txt'
reading manifest file '../../build/mini_pupper_control/mini_pupper_control.egg-info/SOURCES.txt'
writing manifest file '../../build/mini_pupper_control/mini_pupper_control.egg-info/SOURCES.txt'
running build
running build_py
creating /home/riboha/ros2_ws/src/build/mini_pupper_control/build
creating /home/riboha/ros2_ws/src/build/mini_pupper_control/build/lib
creating /home/riboha/ros2_ws/src/build/mini_pupper_control/build/lib/mini_pupper_control
copying mini_pupper_control/__init__.py -> /home/riboha/ros2_ws/src/build/mini_pupper_control/build/lib/mini_pupper_control
copying mini_pupper_control/display_interface.py -> /home/riboha/ros2_ws/src/build/mini_pupper_control/build/lib/mini_pupper_control
copying mini_pupper_control/servo_interface.py -> /home/riboha/ros2_ws/src/build/mini_pupper_control/build/lib/mini_pupper_control
running install
/usr/lib/python3/dist-packages/setuptools/command/install.py:34: SetuptoolsDeprecationWarning: setup.py install is deprecated. Use build and pip and other standards-based tools.
  warnings.warn(
running install_lib
creating /home/riboha/ros2_ws/src/install/mini_pupper_control/lib/python3.10/site-packages/mini_pupper_control
copying /home/riboha/ros2_ws/src/build/mini_pupper_control/build/lib/mini_pupper_control/__init__.py -> /home/riboha/ros2_ws/src/install/mini_pupper_control/lib/python3.10/site-packages/mini_pupper_control
copying /home/riboha/ros2_ws/src/build/mini_pupper_control/build/lib/mini_pupper_control/display_interface.py -> /home/riboha/ros2_ws/src/install/mini_pupper_control/lib/python3.10/site-packages/mini_pupper_control
copying /home/riboha/ros2_ws/src/build/mini_pupper_control/build/lib/mini_pupper_control/servo_interface.py -> /home/riboha/ros2_ws/src/install/mini_pupper_control/lib/python3.10/site-packages/mini_pupper_control
byte-compiling /home/riboha/ros2_ws/src/install/mini_pupper_control/lib/python3.10/site-packages/mini_pupper_control/__init__.py to __init__.cpython-310.pyc
byte-compiling /home/riboha/ros2_ws/src/install/mini_pupper_control/lib/python3.10/site-packages/mini_pupper_control/display_interface.py to display_interface.cpython-310.pyc
byte-compiling /home/riboha/ros2_ws/src/install/mini_pupper_control/lib/python3.10/site-packages/mini_pupper_control/servo_interface.py to servo_interface.cpython-310.pyc
running install_data
creating /home/riboha/ros2_ws/src/install/mini_pupper_control/share/ament_index
creating /home/riboha/ros2_ws/src/install/mini_pupper_control/share/ament_index/resource_index
creating /home/riboha/ros2_ws/src/install/mini_pupper_control/share/ament_index/resource_index/packages
copying resource/mini_pupper_control -> /home/riboha/ros2_ws/src/install/mini_pupper_control/share/ament_index/resource_index/packages
copying package.xml -> /home/riboha/ros2_ws/src/install/mini_pupper_control/share/mini_pupper_control
creating /home/riboha/ros2_ws/src/install/mini_pupper_control/share/mini_pupper_control/launch
copying launch/display_interface.launch.py -> /home/riboha/ros2_ws/src/install/mini_pupper_control/share/mini_pupper_control/launch
copying launch/servo_interface.launch.py -> /home/riboha/ros2_ws/src/install/mini_pupper_control/share/mini_pupper_control/launch
running install_egg_info
Copying ../../build/mini_pupper_control/mini_pupper_control.egg-info to /home/riboha/ros2_ws/src/install/mini_pupper_control/lib/python3.10/site-packages/mini_pupper_control-0.0.1-py3.10.egg-info
running install_scripts
Installing display_interface script to /home/riboha/ros2_ws/src/install/mini_pupper_control/lib/mini_pupper_control
Installing servo_interface script to /home/riboha/ros2_ws/src/install/mini_pupper_control/lib/mini_pupper_control
writing list of installed files to '/home/riboha/ros2_ws/src/build/mini_pupper_control/install.log'
