[0.929s] Invoking command in '/home/riboha/ros2_ws/src/mini_pupper_ros/mini_pupper_control': PYTHONPATH=/home/riboha/ros2_ws/src/build/mini_pupper_control/prefix_override:/home/riboha/ros2_ws/src/install/mini_pupper_control/lib/python3.10/site-packages:${PYTHONPATH} /usr/bin/python3 setup.py egg_info --egg-base ../../build/mini_pupper_control build --build-base /home/riboha/ros2_ws/src/build/mini_pupper_control/build install --record /home/riboha/ros2_ws/src/build/mini_pupper_control/install.log --single-version-externally-managed
[1.158s] running egg_info
[1.158s] creating ../../build/mini_pupper_control/mini_pupper_control.egg-info
[1.158s] writing ../../build/mini_pupper_control/mini_pupper_control.egg-info/PKG-INFO
[1.158s] writing dependency_links to ../../build/mini_pupper_control/mini_pupper_control.egg-info/dependency_links.txt
[1.158s] writing entry points to ../../build/mini_pupper_control/mini_pupper_control.egg-info/entry_points.txt
[1.158s] writing requirements to ../../build/mini_pupper_control/mini_pupper_control.egg-info/requires.txt
[1.159s] writing top-level names to ../../build/mini_pupper_control/mini_pupper_control.egg-info/top_level.txt
[1.159s] writing manifest file '../../build/mini_pupper_control/mini_pupper_control.egg-info/SOURCES.txt'
[1.160s] reading manifest file '../../build/mini_pupper_control/mini_pupper_control.egg-info/SOURCES.txt'
[1.160s] writing manifest file '../../build/mini_pupper_control/mini_pupper_control.egg-info/SOURCES.txt'
[1.160s] running build
[1.160s] running build_py
[1.161s] creating /home/riboha/ros2_ws/src/build/mini_pupper_control/build
[1.161s] creating /home/riboha/ros2_ws/src/build/mini_pupper_control/build/lib
[1.161s] creating /home/riboha/ros2_ws/src/build/mini_pupper_control/build/lib/mini_pupper_control
[1.161s] copying mini_pupper_control/__init__.py -> /home/riboha/ros2_ws/src/build/mini_pupper_control/build/lib/mini_pupper_control
[1.161s] copying mini_pupper_control/display_interface.py -> /home/riboha/ros2_ws/src/build/mini_pupper_control/build/lib/mini_pupper_control
[1.161s] copying mini_pupper_control/servo_interface.py -> /home/riboha/ros2_ws/src/build/mini_pupper_control/build/lib/mini_pupper_control
[1.161s] running install
[1.161s] /usr/lib/python3/dist-packages/setuptools/command/install.py:34: SetuptoolsDeprecationWarning: setup.py install is deprecated. Use build and pip and other standards-based tools.
[1.161s]   warnings.warn(
[1.162s] running install_lib
[1.162s] creating /home/riboha/ros2_ws/src/install/mini_pupper_control/lib/python3.10/site-packages/mini_pupper_control
[1.162s] copying /home/riboha/ros2_ws/src/build/mini_pupper_control/build/lib/mini_pupper_control/__init__.py -> /home/riboha/ros2_ws/src/install/mini_pupper_control/lib/python3.10/site-packages/mini_pupper_control
[1.162s] copying /home/riboha/ros2_ws/src/build/mini_pupper_control/build/lib/mini_pupper_control/display_interface.py -> /home/riboha/ros2_ws/src/install/mini_pupper_control/lib/python3.10/site-packages/mini_pupper_control
[1.162s] copying /home/riboha/ros2_ws/src/build/mini_pupper_control/build/lib/mini_pupper_control/servo_interface.py -> /home/riboha/ros2_ws/src/install/mini_pupper_control/lib/python3.10/site-packages/mini_pupper_control
[1.163s] byte-compiling /home/riboha/ros2_ws/src/install/mini_pupper_control/lib/python3.10/site-packages/mini_pupper_control/__init__.py to __init__.cpython-310.pyc
[1.163s] byte-compiling /home/riboha/ros2_ws/src/install/mini_pupper_control/lib/python3.10/site-packages/mini_pupper_control/display_interface.py to display_interface.cpython-310.pyc
[1.164s] byte-compiling /home/riboha/ros2_ws/src/install/mini_pupper_control/lib/python3.10/site-packages/mini_pupper_control/servo_interface.py to servo_interface.cpython-310.pyc
[1.164s] running install_data
[1.165s] creating /home/riboha/ros2_ws/src/install/mini_pupper_control/share/ament_index
[1.165s] creating /home/riboha/ros2_ws/src/install/mini_pupper_control/share/ament_index/resource_index
[1.165s] creating /home/riboha/ros2_ws/src/install/mini_pupper_control/share/ament_index/resource_index/packages
[1.165s] copying resource/mini_pupper_control -> /home/riboha/ros2_ws/src/install/mini_pupper_control/share/ament_index/resource_index/packages
[1.165s] copying package.xml -> /home/riboha/ros2_ws/src/install/mini_pupper_control/share/mini_pupper_control
[1.165s] creating /home/riboha/ros2_ws/src/install/mini_pupper_control/share/mini_pupper_control/launch
[1.165s] copying launch/display_interface.launch.py -> /home/riboha/ros2_ws/src/install/mini_pupper_control/share/mini_pupper_control/launch
[1.165s] copying launch/servo_interface.launch.py -> /home/riboha/ros2_ws/src/install/mini_pupper_control/share/mini_pupper_control/launch
[1.165s] running install_egg_info
[1.167s] Copying ../../build/mini_pupper_control/mini_pupper_control.egg-info to /home/riboha/ros2_ws/src/install/mini_pupper_control/lib/python3.10/site-packages/mini_pupper_control-0.0.1-py3.10.egg-info
[1.168s] running install_scripts
[1.187s] Installing display_interface script to /home/riboha/ros2_ws/src/install/mini_pupper_control/lib/mini_pupper_control
[1.187s] Installing servo_interface script to /home/riboha/ros2_ws/src/install/mini_pupper_control/lib/mini_pupper_control
[1.187s] writing list of installed files to '/home/riboha/ros2_ws/src/build/mini_pupper_control/install.log'
[1.217s] Invoked command in '/home/riboha/ros2_ws/src/mini_pupper_ros/mini_pupper_control' returned '0': PYTHONPATH=/home/riboha/ros2_ws/src/build/mini_pupper_control/prefix_override:/home/riboha/ros2_ws/src/install/mini_pupper_control/lib/python3.10/site-packages:${PYTHONPATH} /usr/bin/python3 setup.py egg_info --egg-base ../../build/mini_pupper_control build --build-base /home/riboha/ros2_ws/src/build/mini_pupper_control/build install --record /home/riboha/ros2_ws/src/build/mini_pupper_control/install.log --single-version-externally-managed
