[0.011s] Invoking command in '/home/riboha/ros2_ws/src/build/champ_gazebo': AMENT_PREFIX_PATH=/home/riboha/ros2_ws/src/install/champ_msgs:/home/riboha/ros2_ws/src/install/champ:${AMENT_PREFIX_PATH} CMAKE_PREFIX_PATH=/home/riboha/ros2_ws/src/install/champ_msgs:/home/riboha/ros2_ws/src/install/champ:/home/riboha/ros2_ws/install/mini_pupper_navigation:/home/riboha/ros2_ws/install/mini_pupper_gazebo:/home/riboha/ros2_ws/install/mini_pupper_description:/home/riboha/ros2_ws/install/mini_pupper_bringup:/home/riboha/ros2_ws/install/ldlidar_stl_ros2:/home/riboha/ros2_ws/install/champ_teleop:/home/riboha/ros2_ws/install/champ_navigation:/home/riboha/ros2_ws/install/champ_gazebo:/home/riboha/ros2_ws/install/champ_bringup:/home/riboha/ros2_ws/install/champ_base:/home/riboha/ros2_ws/install/champ_msgs:/home/riboha/ros2_ws/install/champ_description:/home/riboha/ros2_ws/install/champ_config:/home/riboha/ros2_ws/install/champ:/home/riboha/turtle/install/turtlebot3:/home/riboha/turtle/install/turtlebot3_simulations:/home/riboha/turtle/install/turtlebot3_bringup:/home/riboha/turtle/install/turtlebot3_node:/home/riboha/turtle/install/turtlebot3_navigation2:/home/riboha/turtle/install/turtlebot3_gazebo:/home/riboha/turtle/install/turtlebot3_fake_node:/home/riboha/turtle/install/turtlebot3_description:/home/riboha/turtle/install/turtlebot3_cartographer:/home/riboha/colcon_ws/install/velodyne:/home/riboha/colcon_ws/install/velodyne_pointcloud:/home/riboha/colcon_ws/install/velodyne_driver:/home/riboha/colcon_ws/install/velodyne_msgs:/home/riboha/colcon_ws/install/velodyne_laserscan:/home/riboha/colcon_ws/install/lidarslam:/home/riboha/colcon_ws/install/scanmatcher:/home/riboha/colcon_ws/install/pcls:/home/riboha/colcon_ws/install/pcl_localization_ros2:/home/riboha/colcon_ws/install/graph_based_slam:/home/riboha/colcon_ws/install/ndt_omp_ros2:/home/riboha/colcon_ws/install/lidarslam_msgs:/home/riboha/ros2_ws/install/mini_pupper_control:/home/riboha/ros2_ws/install/actions:/home/riboha/turtle/install/turtlebot3_teleop:/home/riboha/turtle/install/turtlebot3_example:/home/riboha/colcon_ws/install/ros_tcp_endpoint:/opt/ros/humble LD_LIBRARY_PATH=/home/riboha/ros2_ws/src/install/champ_msgs/lib:/home/riboha/ros2_ws/install/champ_base/lib:/home/riboha/ros2_ws/install/champ_msgs/lib:/home/riboha/colcon_ws/install/velodyne_pointcloud/lib:/home/riboha/colcon_ws/install/velodyne_driver/lib:/home/riboha/colcon_ws/install/velodyne_msgs/lib:/home/riboha/colcon_ws/install/velodyne_laserscan/lib:/home/riboha/colcon_ws/install/scanmatcher/lib:/home/riboha/colcon_ws/install/pcl_localization_ros2/lib:/home/riboha/colcon_ws/install/graph_based_slam/lib:/home/riboha/colcon_ws/install/lidarslam_msgs/lib:/usr/lib/x86_64-linux-gnu/gazebo-11/plugins:/opt/ros/humble/opt/rviz_ogre_vendor/lib:/opt/ros/humble/lib/x86_64-linux-gnu:/opt/ros/humble/lib:/usr/local/cuda-12.0/lib64 PYTHONPATH=/home/riboha/ros2_ws/src/install/champ_msgs/local/lib/python3.10/dist-packages:${PYTHONPATH} /usr/bin/cmake /home/riboha/ros2_ws/src/champ/champ/champ_gazebo -DCMAKE_INSTALL_PREFIX=/home/riboha/ros2_ws/src/install/champ_gazebo
[0.045s] -- The C compiler identification is GNU 11.3.0
[0.079s] -- The CXX compiler identification is GNU 11.3.0
[0.084s] -- Detecting C compiler ABI info
[0.126s] -- Detecting C compiler ABI info - done
[0.130s] -- Check for working C compiler: /usr/bin/cc - skipped
[0.131s] -- Detecting C compile features
[0.131s] -- Detecting C compile features - done
[0.133s] -- Detecting CXX compiler ABI info
[0.181s] -- Detecting CXX compiler ABI info - done
[0.185s] -- Check for working CXX compiler: /usr/bin/c++ - skipped
[0.186s] -- Detecting CXX compile features
[0.186s] -- Detecting CXX compile features - done
[0.188s] -- Found ament_cmake: 1.3.3 (/opt/ros/humble/share/ament_cmake/cmake)
[0.316s] -- Found Python3: /usr/bin/python3.10 (found version "3.10.6") found components: Interpreter 
[0.400s] -- Found rclcpp: 16.0.3 (/opt/ros/humble/share/rclcpp/cmake)
[0.453s] -- Found rosidl_generator_c: 3.1.4 (/opt/ros/humble/share/rosidl_generator_c/cmake)
[0.459s] -- Found rosidl_adapter: 3.1.4 (/opt/ros/humble/share/rosidl_adapter/cmake)
[0.467s] -- Found rosidl_generator_cpp: 3.1.4 (/opt/ros/humble/share/rosidl_generator_cpp/cmake)
[0.480s] -- Using all available rosidl_typesupport_c: rosidl_typesupport_fastrtps_c;rosidl_typesupport_introspection_c
[0.498s] -- Using all available rosidl_typesupport_cpp: rosidl_typesupport_fastrtps_cpp;rosidl_typesupport_introspection_cpp
[0.554s] -- Found rmw_implementation_cmake: 6.1.1 (/opt/ros/humble/share/rmw_implementation_cmake/cmake)
[0.558s] -- Found rmw_fastrtps_cpp: 6.2.2 (/opt/ros/humble/share/rmw_fastrtps_cpp/cmake)
[0.628s] -- Found OpenSSL: /usr/lib/x86_64-linux-gnu/libcrypto.so (found version "3.0.2")  
[0.649s] -- Found FastRTPS: /opt/ros/humble/include  
[0.684s] -- Using RMW implementation 'rmw_fastrtps_cpp' as default
[0.695s] -- Looking for pthread.h
[0.738s] -- Looking for pthread.h - found
[0.738s] -- Performing Test CMAKE_HAVE_LIBC_PTHREAD
[0.781s] -- Performing Test CMAKE_HAVE_LIBC_PTHREAD - Success
[0.782s] -- Found Threads: TRUE  
[0.893s] -- Found urdf: 2.6.0 (/opt/ros/humble/share/urdf/cmake)
[0.928s] -- Found champ: 0.1.0 (/home/riboha/ros2_ws/src/install/champ/share/champ/cmake)
[0.929s] -- Found champ_msgs: 0.1.0 (/home/riboha/ros2_ws/src/install/champ_msgs/share/champ_msgs/cmake)
[1.003s] -- Found gazebo_ros2_control: 0.4.1 (/opt/ros/humble/share/gazebo_ros2_control/cmake)
[1.007s] -- Found gazebo_ros: 3.7.0 (/opt/ros/humble/share/gazebo_ros/cmake)
[1.018s] -- Found PkgConfig: /usr/bin/pkg-config (found version "0.29.2") 
[1.018s] -- Checking for module 'bullet>=2.82'
[1.027s] --   Found bullet, version 3.05
[1.095s] -- Found fcl: /usr/include (found suitable version "0.7.0", minimum required is "0.5.0") 
[1.123s] -- Found assimp: /usr/include (found version "5.2.0") 
[1.143s] -- Found DART: /usr/include (Required is at least version "6.6") found components: dart 
[1.169s] -- Found Boost: /usr/lib/x86_64-linux-gnu/cmake/Boost-1.74.0/BoostConfig.cmake (found suitable version "1.74.0", minimum required is "1.40.0") found components: thread system filesystem program_options regex iostreams date_time 
[1.180s] -- Found Protobuf: /usr/lib/x86_64-linux-gnu/libprotobuf.so (found version "3.12.4") 
[1.186s] -- Looking for ignition-math6 -- found version 6.10.0
[1.191s] -- Searching for dependencies of ignition-math6
[1.192s] -- Looking for OGRE...
[1.193s] -- OGRE_PREFIX_WATCH changed.
[1.196s] -- Checking for module 'OGRE'
[1.204s] --   Found OGRE, version 1.9.0
[1.222s] -- Found Ogre Ghadamon (1.9.0)
[1.228s] -- Found OGRE: optimized;/usr/lib/x86_64-linux-gnu/libOgreMain.so;debug;/usr/lib/x86_64-linux-gnu/libOgreMain.so
[1.235s] -- Looking for OGRE_Paging...
[1.240s] -- Found OGRE_Paging: optimized;/usr/lib/x86_64-linux-gnu/libOgrePaging.so;debug;/usr/lib/x86_64-linux-gnu/libOgrePaging.so
[1.241s] -- Looking for OGRE_Terrain...
[1.246s] -- Found OGRE_Terrain: optimized;/usr/lib/x86_64-linux-gnu/libOgreTerrain.so;debug;/usr/lib/x86_64-linux-gnu/libOgreTerrain.so
[1.246s] -- Looking for OGRE_Property...
[1.251s] -- Found OGRE_Property: optimized;/usr/lib/x86_64-linux-gnu/libOgreProperty.so;debug;/usr/lib/x86_64-linux-gnu/libOgreProperty.so
[1.251s] -- Looking for OGRE_RTShaderSystem...
[1.256s] -- Found OGRE_RTShaderSystem: optimized;/usr/lib/x86_64-linux-gnu/libOgreRTShaderSystem.so;debug;/usr/lib/x86_64-linux-gnu/libOgreRTShaderSystem.so
[1.257s] -- Looking for OGRE_Volume...
[1.262s] -- Found OGRE_Volume: optimized;/usr/lib/x86_64-linux-gnu/libOgreVolume.so;debug;/usr/lib/x86_64-linux-gnu/libOgreVolume.so
[1.262s] -- Looking for OGRE_Overlay...
[1.267s] -- Found OGRE_Overlay: optimized;/usr/lib/x86_64-linux-gnu/libOgreOverlay.so;debug;/usr/lib/x86_64-linux-gnu/libOgreOverlay.so
[1.388s] -- Looking for ignition-math6 -- found version 6.10.0
[1.391s] -- Looking for ignition-transport8 -- found version 8.2.1
[1.391s] -- Searching for dependencies of ignition-transport8
[1.403s] -- Found Protobuf: /usr/lib/x86_64-linux-gnu/libprotobuf.so (found suitable version "3.12.4", minimum required is "3") 
[1.411s] -- Config-file not installed for ZeroMQ -- checking for pkg-config
[1.415s] -- Checking for module 'libzmq >= 4'
[1.423s] --   Found libzmq , version 4.3.4
[1.443s] -- Found ZeroMQ: TRUE (Required is at least version "4") 
[1.447s] -- Checking for module 'uuid'
[1.455s] --   Found uuid, version 2.37.2
[1.474s] -- Found UUID: TRUE  
[1.476s] -- Looking for ignition-msgs5 -- found version 5.8.1
[1.477s] -- Searching for dependencies of ignition-msgs5
[1.490s] -- Looking for ignition-math6 -- found version 6.10.0
[1.493s] -- Checking for module 'tinyxml2'
[1.502s] --   Found tinyxml2, version 9.0.0
[1.520s] -- Looking for ignition-msgs5 -- found version 5.8.1
[1.523s] -- Looking for ignition-common3 -- found version 3.14.0
[1.524s] -- Searching for dependencies of ignition-common3
[1.524s] -- Looking for dlfcn.h - found
[1.525s] -- Looking for libdl - found
[1.526s] -- Found DL: TRUE  
[1.534s] -- Found tinyobjloader: /usr/lib/x86_64-linux-gnu/cmake/tinyobjloader/tinyobjloader-config.cmake (found version "2.0.0") 
[1.534s] -- Searching for <ignition-common3> component [graphics]
[1.537s] -- Looking for ignition-common3-graphics -- found version 3.14.0
[1.537s] -- Searching for dependencies of ignition-common3-graphics
[1.537s] -- Looking for ignition-math6 -- found version 6.10.0
[1.541s] -- Looking for ignition-fuel_tools4 -- found version 4.4.0
[1.541s] -- Searching for dependencies of ignition-fuel_tools4
[1.588s] -- Found CURL: /usr/lib/x86_64-linux-gnu/libcurl.so (found version "7.81.0")  
[1.595s] -- Checking for module 'jsoncpp'
[1.605s] --   Found jsoncpp, version 1.9.5
[1.622s] -- Found JSONCPP: TRUE  
[1.626s] -- Checking for module 'libzip'
[1.638s] --   Found libzip, version 1.7.3
[1.660s] -- Found ZIP: TRUE  
[1.661s] -- Looking for ignition-common3 -- found version 3.14.0
[1.661s] -- Looking for ignition-math6 -- found version 6.10.0
[1.661s] -- Looking for ignition-msgs5 -- found version 5.8.1
[1.665s] -- Gazebo version: 11.10
[1.665s] -- Checking for module 'tbb'
[1.675s] --   Found tbb, version 2021.5.0
[1.763s] -- Configuring done
[1.776s] -- Generating done
[1.778s] -- Build files have been written to: /home/riboha/ros2_ws/src/build/champ_gazebo
[1.788s] Invoked command in '/home/riboha/ros2_ws/src/build/champ_gazebo' returned '0': AMENT_PREFIX_PATH=/home/riboha/ros2_ws/src/install/champ_msgs:/home/riboha/ros2_ws/src/install/champ:${AMENT_PREFIX_PATH} CMAKE_PREFIX_PATH=/home/riboha/ros2_ws/src/install/champ_msgs:/home/riboha/ros2_ws/src/install/champ:/home/riboha/ros2_ws/install/mini_pupper_navigation:/home/riboha/ros2_ws/install/mini_pupper_gazebo:/home/riboha/ros2_ws/install/mini_pupper_description:/home/riboha/ros2_ws/install/mini_pupper_bringup:/home/riboha/ros2_ws/install/ldlidar_stl_ros2:/home/riboha/ros2_ws/install/champ_teleop:/home/riboha/ros2_ws/install/champ_navigation:/home/riboha/ros2_ws/install/champ_gazebo:/home/riboha/ros2_ws/install/champ_bringup:/home/riboha/ros2_ws/install/champ_base:/home/riboha/ros2_ws/install/champ_msgs:/home/riboha/ros2_ws/install/champ_description:/home/riboha/ros2_ws/install/champ_config:/home/riboha/ros2_ws/install/champ:/home/riboha/turtle/install/turtlebot3:/home/riboha/turtle/install/turtlebot3_simulations:/home/riboha/turtle/install/turtlebot3_bringup:/home/riboha/turtle/install/turtlebot3_node:/home/riboha/turtle/install/turtlebot3_navigation2:/home/riboha/turtle/install/turtlebot3_gazebo:/home/riboha/turtle/install/turtlebot3_fake_node:/home/riboha/turtle/install/turtlebot3_description:/home/riboha/turtle/install/turtlebot3_cartographer:/home/riboha/colcon_ws/install/velodyne:/home/riboha/colcon_ws/install/velodyne_pointcloud:/home/riboha/colcon_ws/install/velodyne_driver:/home/riboha/colcon_ws/install/velodyne_msgs:/home/riboha/colcon_ws/install/velodyne_laserscan:/home/riboha/colcon_ws/install/lidarslam:/home/riboha/colcon_ws/install/scanmatcher:/home/riboha/colcon_ws/install/pcls:/home/riboha/colcon_ws/install/pcl_localization_ros2:/home/riboha/colcon_ws/install/graph_based_slam:/home/riboha/colcon_ws/install/ndt_omp_ros2:/home/riboha/colcon_ws/install/lidarslam_msgs:/home/riboha/ros2_ws/install/mini_pupper_control:/home/riboha/ros2_ws/install/actions:/home/riboha/turtle/install/turtlebot3_teleop:/home/riboha/turtle/install/turtlebot3_example:/home/riboha/colcon_ws/install/ros_tcp_endpoint:/opt/ros/humble LD_LIBRARY_PATH=/home/riboha/ros2_ws/src/install/champ_msgs/lib:/home/riboha/ros2_ws/install/champ_base/lib:/home/riboha/ros2_ws/install/champ_msgs/lib:/home/riboha/colcon_ws/install/velodyne_pointcloud/lib:/home/riboha/colcon_ws/install/velodyne_driver/lib:/home/riboha/colcon_ws/install/velodyne_msgs/lib:/home/riboha/colcon_ws/install/velodyne_laserscan/lib:/home/riboha/colcon_ws/install/scanmatcher/lib:/home/riboha/colcon_ws/install/pcl_localization_ros2/lib:/home/riboha/colcon_ws/install/graph_based_slam/lib:/home/riboha/colcon_ws/install/lidarslam_msgs/lib:/usr/lib/x86_64-linux-gnu/gazebo-11/plugins:/opt/ros/humble/opt/rviz_ogre_vendor/lib:/opt/ros/humble/lib/x86_64-linux-gnu:/opt/ros/humble/lib:/usr/local/cuda-12.0/lib64 PYTHONPATH=/home/riboha/ros2_ws/src/install/champ_msgs/local/lib/python3.10/dist-packages:${PYTHONPATH} /usr/bin/cmake /home/riboha/ros2_ws/src/champ/champ/champ_gazebo -DCMAKE_INSTALL_PREFIX=/home/riboha/ros2_ws/src/install/champ_gazebo
[1.789s] Invoking command in '/home/riboha/ros2_ws/src/build/champ_gazebo': AMENT_PREFIX_PATH=/home/riboha/ros2_ws/src/install/champ_msgs:/home/riboha/ros2_ws/src/install/champ:${AMENT_PREFIX_PATH} CMAKE_PREFIX_PATH=/home/riboha/ros2_ws/src/install/champ_msgs:/home/riboha/ros2_ws/src/install/champ:/home/riboha/ros2_ws/install/mini_pupper_navigation:/home/riboha/ros2_ws/install/mini_pupper_gazebo:/home/riboha/ros2_ws/install/mini_pupper_description:/home/riboha/ros2_ws/install/mini_pupper_bringup:/home/riboha/ros2_ws/install/ldlidar_stl_ros2:/home/riboha/ros2_ws/install/champ_teleop:/home/riboha/ros2_ws/install/champ_navigation:/home/riboha/ros2_ws/install/champ_gazebo:/home/riboha/ros2_ws/install/champ_bringup:/home/riboha/ros2_ws/install/champ_base:/home/riboha/ros2_ws/install/champ_msgs:/home/riboha/ros2_ws/install/champ_description:/home/riboha/ros2_ws/install/champ_config:/home/riboha/ros2_ws/install/champ:/home/riboha/turtle/install/turtlebot3:/home/riboha/turtle/install/turtlebot3_simulations:/home/riboha/turtle/install/turtlebot3_bringup:/home/riboha/turtle/install/turtlebot3_node:/home/riboha/turtle/install/turtlebot3_navigation2:/home/riboha/turtle/install/turtlebot3_gazebo:/home/riboha/turtle/install/turtlebot3_fake_node:/home/riboha/turtle/install/turtlebot3_description:/home/riboha/turtle/install/turtlebot3_cartographer:/home/riboha/colcon_ws/install/velodyne:/home/riboha/colcon_ws/install/velodyne_pointcloud:/home/riboha/colcon_ws/install/velodyne_driver:/home/riboha/colcon_ws/install/velodyne_msgs:/home/riboha/colcon_ws/install/velodyne_laserscan:/home/riboha/colcon_ws/install/lidarslam:/home/riboha/colcon_ws/install/scanmatcher:/home/riboha/colcon_ws/install/pcls:/home/riboha/colcon_ws/install/pcl_localization_ros2:/home/riboha/colcon_ws/install/graph_based_slam:/home/riboha/colcon_ws/install/ndt_omp_ros2:/home/riboha/colcon_ws/install/lidarslam_msgs:/home/riboha/ros2_ws/install/mini_pupper_control:/home/riboha/ros2_ws/install/actions:/home/riboha/turtle/install/turtlebot3_teleop:/home/riboha/turtle/install/turtlebot3_example:/home/riboha/colcon_ws/install/ros_tcp_endpoint:/opt/ros/humble LD_LIBRARY_PATH=/home/riboha/ros2_ws/src/install/champ_msgs/lib:/home/riboha/ros2_ws/install/champ_base/lib:/home/riboha/ros2_ws/install/champ_msgs/lib:/home/riboha/colcon_ws/install/velodyne_pointcloud/lib:/home/riboha/colcon_ws/install/velodyne_driver/lib:/home/riboha/colcon_ws/install/velodyne_msgs/lib:/home/riboha/colcon_ws/install/velodyne_laserscan/lib:/home/riboha/colcon_ws/install/scanmatcher/lib:/home/riboha/colcon_ws/install/pcl_localization_ros2/lib:/home/riboha/colcon_ws/install/graph_based_slam/lib:/home/riboha/colcon_ws/install/lidarslam_msgs/lib:/usr/lib/x86_64-linux-gnu/gazebo-11/plugins:/opt/ros/humble/opt/rviz_ogre_vendor/lib:/opt/ros/humble/lib/x86_64-linux-gnu:/opt/ros/humble/lib:/usr/local/cuda-12.0/lib64 PYTHONPATH=/home/riboha/ros2_ws/src/install/champ_msgs/local/lib/python3.10/dist-packages:${PYTHONPATH} /usr/bin/cmake --build /home/riboha/ros2_ws/src/build/champ_gazebo -- -j16 -l16
[1.823s] [ 50%] [32mBuilding CXX object CMakeFiles/contact_sensor.dir/src/contact_sensor.cpp.o[0m
[11.901s] [100%] [32m[1mLinking CXX executable contact_sensor[0m
[12.918s] [100%] Built target contact_sensor
[12.925s] Invoked command in '/home/riboha/ros2_ws/src/build/champ_gazebo' returned '0': AMENT_PREFIX_PATH=/home/riboha/ros2_ws/src/install/champ_msgs:/home/riboha/ros2_ws/src/install/champ:${AMENT_PREFIX_PATH} CMAKE_PREFIX_PATH=/home/riboha/ros2_ws/src/install/champ_msgs:/home/riboha/ros2_ws/src/install/champ:/home/riboha/ros2_ws/install/mini_pupper_navigation:/home/riboha/ros2_ws/install/mini_pupper_gazebo:/home/riboha/ros2_ws/install/mini_pupper_description:/home/riboha/ros2_ws/install/mini_pupper_bringup:/home/riboha/ros2_ws/install/ldlidar_stl_ros2:/home/riboha/ros2_ws/install/champ_teleop:/home/riboha/ros2_ws/install/champ_navigation:/home/riboha/ros2_ws/install/champ_gazebo:/home/riboha/ros2_ws/install/champ_bringup:/home/riboha/ros2_ws/install/champ_base:/home/riboha/ros2_ws/install/champ_msgs:/home/riboha/ros2_ws/install/champ_description:/home/riboha/ros2_ws/install/champ_config:/home/riboha/ros2_ws/install/champ:/home/riboha/turtle/install/turtlebot3:/home/riboha/turtle/install/turtlebot3_simulations:/home/riboha/turtle/install/turtlebot3_bringup:/home/riboha/turtle/install/turtlebot3_node:/home/riboha/turtle/install/turtlebot3_navigation2:/home/riboha/turtle/install/turtlebot3_gazebo:/home/riboha/turtle/install/turtlebot3_fake_node:/home/riboha/turtle/install/turtlebot3_description:/home/riboha/turtle/install/turtlebot3_cartographer:/home/riboha/colcon_ws/install/velodyne:/home/riboha/colcon_ws/install/velodyne_pointcloud:/home/riboha/colcon_ws/install/velodyne_driver:/home/riboha/colcon_ws/install/velodyne_msgs:/home/riboha/colcon_ws/install/velodyne_laserscan:/home/riboha/colcon_ws/install/lidarslam:/home/riboha/colcon_ws/install/scanmatcher:/home/riboha/colcon_ws/install/pcls:/home/riboha/colcon_ws/install/pcl_localization_ros2:/home/riboha/colcon_ws/install/graph_based_slam:/home/riboha/colcon_ws/install/ndt_omp_ros2:/home/riboha/colcon_ws/install/lidarslam_msgs:/home/riboha/ros2_ws/install/mini_pupper_control:/home/riboha/ros2_ws/install/actions:/home/riboha/turtle/install/turtlebot3_teleop:/home/riboha/turtle/install/turtlebot3_example:/home/riboha/colcon_ws/install/ros_tcp_endpoint:/opt/ros/humble LD_LIBRARY_PATH=/home/riboha/ros2_ws/src/install/champ_msgs/lib:/home/riboha/ros2_ws/install/champ_base/lib:/home/riboha/ros2_ws/install/champ_msgs/lib:/home/riboha/colcon_ws/install/velodyne_pointcloud/lib:/home/riboha/colcon_ws/install/velodyne_driver/lib:/home/riboha/colcon_ws/install/velodyne_msgs/lib:/home/riboha/colcon_ws/install/velodyne_laserscan/lib:/home/riboha/colcon_ws/install/scanmatcher/lib:/home/riboha/colcon_ws/install/pcl_localization_ros2/lib:/home/riboha/colcon_ws/install/graph_based_slam/lib:/home/riboha/colcon_ws/install/lidarslam_msgs/lib:/usr/lib/x86_64-linux-gnu/gazebo-11/plugins:/opt/ros/humble/opt/rviz_ogre_vendor/lib:/opt/ros/humble/lib/x86_64-linux-gnu:/opt/ros/humble/lib:/usr/local/cuda-12.0/lib64 PYTHONPATH=/home/riboha/ros2_ws/src/install/champ_msgs/local/lib/python3.10/dist-packages:${PYTHONPATH} /usr/bin/cmake --build /home/riboha/ros2_ws/src/build/champ_gazebo -- -j16 -l16
[12.942s] Invoking command in '/home/riboha/ros2_ws/src/build/champ_gazebo': AMENT_PREFIX_PATH=/home/riboha/ros2_ws/src/install/champ_msgs:/home/riboha/ros2_ws/src/install/champ:${AMENT_PREFIX_PATH} CMAKE_PREFIX_PATH=/home/riboha/ros2_ws/src/install/champ_msgs:/home/riboha/ros2_ws/src/install/champ:/home/riboha/ros2_ws/install/mini_pupper_navigation:/home/riboha/ros2_ws/install/mini_pupper_gazebo:/home/riboha/ros2_ws/install/mini_pupper_description:/home/riboha/ros2_ws/install/mini_pupper_bringup:/home/riboha/ros2_ws/install/ldlidar_stl_ros2:/home/riboha/ros2_ws/install/champ_teleop:/home/riboha/ros2_ws/install/champ_navigation:/home/riboha/ros2_ws/install/champ_gazebo:/home/riboha/ros2_ws/install/champ_bringup:/home/riboha/ros2_ws/install/champ_base:/home/riboha/ros2_ws/install/champ_msgs:/home/riboha/ros2_ws/install/champ_description:/home/riboha/ros2_ws/install/champ_config:/home/riboha/ros2_ws/install/champ:/home/riboha/turtle/install/turtlebot3:/home/riboha/turtle/install/turtlebot3_simulations:/home/riboha/turtle/install/turtlebot3_bringup:/home/riboha/turtle/install/turtlebot3_node:/home/riboha/turtle/install/turtlebot3_navigation2:/home/riboha/turtle/install/turtlebot3_gazebo:/home/riboha/turtle/install/turtlebot3_fake_node:/home/riboha/turtle/install/turtlebot3_description:/home/riboha/turtle/install/turtlebot3_cartographer:/home/riboha/colcon_ws/install/velodyne:/home/riboha/colcon_ws/install/velodyne_pointcloud:/home/riboha/colcon_ws/install/velodyne_driver:/home/riboha/colcon_ws/install/velodyne_msgs:/home/riboha/colcon_ws/install/velodyne_laserscan:/home/riboha/colcon_ws/install/lidarslam:/home/riboha/colcon_ws/install/scanmatcher:/home/riboha/colcon_ws/install/pcls:/home/riboha/colcon_ws/install/pcl_localization_ros2:/home/riboha/colcon_ws/install/graph_based_slam:/home/riboha/colcon_ws/install/ndt_omp_ros2:/home/riboha/colcon_ws/install/lidarslam_msgs:/home/riboha/ros2_ws/install/mini_pupper_control:/home/riboha/ros2_ws/install/actions:/home/riboha/turtle/install/turtlebot3_teleop:/home/riboha/turtle/install/turtlebot3_example:/home/riboha/colcon_ws/install/ros_tcp_endpoint:/opt/ros/humble LD_LIBRARY_PATH=/home/riboha/ros2_ws/src/install/champ_msgs/lib:/home/riboha/ros2_ws/install/champ_base/lib:/home/riboha/ros2_ws/install/champ_msgs/lib:/home/riboha/colcon_ws/install/velodyne_pointcloud/lib:/home/riboha/colcon_ws/install/velodyne_driver/lib:/home/riboha/colcon_ws/install/velodyne_msgs/lib:/home/riboha/colcon_ws/install/velodyne_laserscan/lib:/home/riboha/colcon_ws/install/scanmatcher/lib:/home/riboha/colcon_ws/install/pcl_localization_ros2/lib:/home/riboha/colcon_ws/install/graph_based_slam/lib:/home/riboha/colcon_ws/install/lidarslam_msgs/lib:/usr/lib/x86_64-linux-gnu/gazebo-11/plugins:/opt/ros/humble/opt/rviz_ogre_vendor/lib:/opt/ros/humble/lib/x86_64-linux-gnu:/opt/ros/humble/lib:/usr/local/cuda-12.0/lib64 PYTHONPATH=/home/riboha/ros2_ws/src/install/champ_msgs/local/lib/python3.10/dist-packages:${PYTHONPATH} /usr/bin/cmake --install /home/riboha/ros2_ws/src/build/champ_gazebo
[12.948s] -- Install configuration: ""
[12.948s] -- Installing: /home/riboha/ros2_ws/src/install/champ_gazebo/bin/imu_sensor.py
[12.948s] -- Installing: /home/riboha/ros2_ws/src/install/champ_gazebo/bin/odometry_tf.py
[12.948s] -- Installing: /home/riboha/ros2_ws/src/install/champ_gazebo/bin/odometry.py
[12.948s] -- Installing: /home/riboha/ros2_ws/src/install/champ_gazebo/lib/champ_gazebo/contact_sensor
[12.949s] -- Set runtime path of "/home/riboha/ros2_ws/src/install/champ_gazebo/lib/champ_gazebo/contact_sensor" to ""
[12.949s] -- Installing: /home/riboha/ros2_ws/src/install/champ_gazebo/share/champ_gazebo/launch
[12.949s] -- Installing: /home/riboha/ros2_ws/src/install/champ_gazebo/share/champ_gazebo/launch/gazebo.launch.py
[12.949s] -- Installing: /home/riboha/ros2_ws/src/install/champ_gazebo/share/champ_gazebo/launch/spawn_robot.launch
[12.950s] -- Installing: /home/riboha/ros2_ws/src/install/champ_gazebo/share/champ_gazebo/launch/gazebo.launch
[12.950s] -- Installing: /home/riboha/ros2_ws/src/install/champ_gazebo/share/champ_gazebo/launch/spawn_world.launch
[12.950s] -- Installing: /home/riboha/ros2_ws/src/install/champ_gazebo/share/champ_gazebo/config
[12.950s] -- Installing: /home/riboha/ros2_ws/src/install/champ_gazebo/share/champ_gazebo/config/gazebo.yaml
[12.950s] -- Installing: /home/riboha/ros2_ws/src/install/champ_gazebo/share/champ_gazebo/config/ros_control.yaml
[12.950s] -- Installing: /home/riboha/ros2_ws/src/install/champ_gazebo/share/champ_gazebo/worlds
[12.950s] -- Installing: /home/riboha/ros2_ws/src/install/champ_gazebo/share/champ_gazebo/worlds/outdoor.world
[12.950s] -- Installing: /home/riboha/ros2_ws/src/install/champ_gazebo/share/champ_gazebo/worlds/default.world
[12.950s] -- Installing: /home/riboha/ros2_ws/src/install/champ_gazebo/share/champ_gazebo/worlds/playground.world
[12.951s] -- Installing: /home/riboha/ros2_ws/src/install/champ_gazebo/share/ament_index/resource_index/package_run_dependencies/champ_gazebo
[12.951s] -- Installing: /home/riboha/ros2_ws/src/install/champ_gazebo/share/ament_index/resource_index/parent_prefix_path/champ_gazebo
[12.951s] -- Installing: /home/riboha/ros2_ws/src/install/champ_gazebo/share/champ_gazebo/environment/ament_prefix_path.sh
[12.951s] -- Installing: /home/riboha/ros2_ws/src/install/champ_gazebo/share/champ_gazebo/environment/ament_prefix_path.dsv
[12.951s] -- Installing: /home/riboha/ros2_ws/src/install/champ_gazebo/share/champ_gazebo/environment/path.sh
[12.951s] -- Installing: /home/riboha/ros2_ws/src/install/champ_gazebo/share/champ_gazebo/environment/path.dsv
[12.951s] -- Installing: /home/riboha/ros2_ws/src/install/champ_gazebo/share/champ_gazebo/local_setup.bash
[12.951s] -- Installing: /home/riboha/ros2_ws/src/install/champ_gazebo/share/champ_gazebo/local_setup.sh
[12.951s] -- Installing: /home/riboha/ros2_ws/src/install/champ_gazebo/share/champ_gazebo/local_setup.zsh
[12.951s] -- Installing: /home/riboha/ros2_ws/src/install/champ_gazebo/share/champ_gazebo/local_setup.dsv
[12.951s] -- Installing: /home/riboha/ros2_ws/src/install/champ_gazebo/share/champ_gazebo/package.dsv
[12.951s] -- Installing: /home/riboha/ros2_ws/src/install/champ_gazebo/share/ament_index/resource_index/packages/champ_gazebo
[12.951s] -- Installing: /home/riboha/ros2_ws/src/install/champ_gazebo/share/champ_gazebo/cmake/ament_cmake_export_include_directories-extras.cmake
[12.951s] -- Installing: /home/riboha/ros2_ws/src/install/champ_gazebo/share/champ_gazebo/cmake/ament_cmake_export_dependencies-extras.cmake
[12.951s] -- Installing: /home/riboha/ros2_ws/src/install/champ_gazebo/share/champ_gazebo/cmake/champ_gazeboConfig.cmake
[12.951s] -- Installing: /home/riboha/ros2_ws/src/install/champ_gazebo/share/champ_gazebo/cmake/champ_gazeboConfig-version.cmake
[12.951s] -- Installing: /home/riboha/ros2_ws/src/install/champ_gazebo/share/champ_gazebo/package.xml
[12.955s] Invoked command in '/home/riboha/ros2_ws/src/build/champ_gazebo' returned '0': AMENT_PREFIX_PATH=/home/riboha/ros2_ws/src/install/champ_msgs:/home/riboha/ros2_ws/src/install/champ:${AMENT_PREFIX_PATH} CMAKE_PREFIX_PATH=/home/riboha/ros2_ws/src/install/champ_msgs:/home/riboha/ros2_ws/src/install/champ:/home/riboha/ros2_ws/install/mini_pupper_navigation:/home/riboha/ros2_ws/install/mini_pupper_gazebo:/home/riboha/ros2_ws/install/mini_pupper_description:/home/riboha/ros2_ws/install/mini_pupper_bringup:/home/riboha/ros2_ws/install/ldlidar_stl_ros2:/home/riboha/ros2_ws/install/champ_teleop:/home/riboha/ros2_ws/install/champ_navigation:/home/riboha/ros2_ws/install/champ_gazebo:/home/riboha/ros2_ws/install/champ_bringup:/home/riboha/ros2_ws/install/champ_base:/home/riboha/ros2_ws/install/champ_msgs:/home/riboha/ros2_ws/install/champ_description:/home/riboha/ros2_ws/install/champ_config:/home/riboha/ros2_ws/install/champ:/home/riboha/turtle/install/turtlebot3:/home/riboha/turtle/install/turtlebot3_simulations:/home/riboha/turtle/install/turtlebot3_bringup:/home/riboha/turtle/install/turtlebot3_node:/home/riboha/turtle/install/turtlebot3_navigation2:/home/riboha/turtle/install/turtlebot3_gazebo:/home/riboha/turtle/install/turtlebot3_fake_node:/home/riboha/turtle/install/turtlebot3_description:/home/riboha/turtle/install/turtlebot3_cartographer:/home/riboha/colcon_ws/install/velodyne:/home/riboha/colcon_ws/install/velodyne_pointcloud:/home/riboha/colcon_ws/install/velodyne_driver:/home/riboha/colcon_ws/install/velodyne_msgs:/home/riboha/colcon_ws/install/velodyne_laserscan:/home/riboha/colcon_ws/install/lidarslam:/home/riboha/colcon_ws/install/scanmatcher:/home/riboha/colcon_ws/install/pcls:/home/riboha/colcon_ws/install/pcl_localization_ros2:/home/riboha/colcon_ws/install/graph_based_slam:/home/riboha/colcon_ws/install/ndt_omp_ros2:/home/riboha/colcon_ws/install/lidarslam_msgs:/home/riboha/ros2_ws/install/mini_pupper_control:/home/riboha/ros2_ws/install/actions:/home/riboha/turtle/install/turtlebot3_teleop:/home/riboha/turtle/install/turtlebot3_example:/home/riboha/colcon_ws/install/ros_tcp_endpoint:/opt/ros/humble LD_LIBRARY_PATH=/home/riboha/ros2_ws/src/install/champ_msgs/lib:/home/riboha/ros2_ws/install/champ_base/lib:/home/riboha/ros2_ws/install/champ_msgs/lib:/home/riboha/colcon_ws/install/velodyne_pointcloud/lib:/home/riboha/colcon_ws/install/velodyne_driver/lib:/home/riboha/colcon_ws/install/velodyne_msgs/lib:/home/riboha/colcon_ws/install/velodyne_laserscan/lib:/home/riboha/colcon_ws/install/scanmatcher/lib:/home/riboha/colcon_ws/install/pcl_localization_ros2/lib:/home/riboha/colcon_ws/install/graph_based_slam/lib:/home/riboha/colcon_ws/install/lidarslam_msgs/lib:/usr/lib/x86_64-linux-gnu/gazebo-11/plugins:/opt/ros/humble/opt/rviz_ogre_vendor/lib:/opt/ros/humble/lib/x86_64-linux-gnu:/opt/ros/humble/lib:/usr/local/cuda-12.0/lib64 PYTHONPATH=/home/riboha/ros2_ws/src/install/champ_msgs/local/lib/python3.10/dist-packages:${PYTHONPATH} /usr/bin/cmake --install /home/riboha/ros2_ws/src/build/champ_gazebo
