[0.063s] Invoking command in '/home/riboha/ros2_ws/src/build/champ': CMAKE_PREFIX_PATH=${CMAKE_PREFIX_PATH}:/home/riboha/ros2_ws/install/mini_pupper_control:/home/riboha/ros2_ws/install/actions:/home/riboha/turtle/install/turtlebot3_teleop:/home/riboha/turtle/install/turtlebot3_example:/home/riboha/colcon_ws/install/ros_tcp_endpoint:/opt/ros/humble /usr/bin/cmake --build /home/riboha/ros2_ws/src/build/champ -- -j16 -l16
[0.403s] Invoked command in '/home/riboha/ros2_ws/src/build/champ' returned '0': CMAKE_PREFIX_PATH=${CMAKE_PREFIX_PATH}:/home/riboha/ros2_ws/install/mini_pupper_control:/home/riboha/ros2_ws/install/actions:/home/riboha/turtle/install/turtlebot3_teleop:/home/riboha/turtle/install/turtlebot3_example:/home/riboha/colcon_ws/install/ros_tcp_endpoint:/opt/ros/humble /usr/bin/cmake --build /home/riboha/ros2_ws/src/build/champ -- -j16 -l16
[0.425s] Invoking command in '/home/riboha/ros2_ws/src/build/champ': CMAKE_PREFIX_PATH=${CMAKE_PREFIX_PATH}:/home/riboha/ros2_ws/install/mini_pupper_control:/home/riboha/ros2_ws/install/actions:/home/riboha/turtle/install/turtlebot3_teleop:/home/riboha/turtle/install/turtlebot3_example:/home/riboha/colcon_ws/install/ros_tcp_endpoint:/opt/ros/humble /usr/bin/cmake --install /home/riboha/ros2_ws/src/build/champ
[0.431s] -- Install configuration: ""
[0.432s] -- Up-to-date: /home/riboha/ros2_ws/src/install/champ/include
[0.433s] -- Up-to-date: /home/riboha/ros2_ws/src/install/champ/include/champ
[0.433s] -- Up-to-date: /home/riboha/ros2_ws/src/install/champ/include/champ/bla
[0.433s] -- Up-to-date: /home/riboha/ros2_ws/src/install/champ/include/champ/bla/basic_linear_algebra.h
[0.433s] -- Up-to-date: /home/riboha/ros2_ws/src/install/champ/include/champ/bla/memory_delegate.h
[0.433s] -- Up-to-date: /home/riboha/ros2_ws/src/install/champ/include/champ/body_controller
[0.433s] -- Up-to-date: /home/riboha/ros2_ws/src/install/champ/include/champ/body_controller/body_controller.h
[0.433s] -- Up-to-date: /home/riboha/ros2_ws/src/install/champ/include/champ/odometry
[0.433s] -- Up-to-date: /home/riboha/ros2_ws/src/install/champ/include/champ/odometry/odometry.h
[0.433s] -- Up-to-date: /home/riboha/ros2_ws/src/install/champ/include/champ/LICENSE
[0.433s] -- Up-to-date: /home/riboha/ros2_ws/src/install/champ/include/champ/leg_controller
[0.433s] -- Up-to-date: /home/riboha/ros2_ws/src/install/champ/include/champ/leg_controller/leg_controller.h
[0.433s] -- Up-to-date: /home/riboha/ros2_ws/src/install/champ/include/champ/leg_controller/phase_generator.h
[0.433s] -- Up-to-date: /home/riboha/ros2_ws/src/install/champ/include/champ/leg_controller/trajectory_planner.h
[0.433s] -- Up-to-date: /home/riboha/ros2_ws/src/install/champ/include/champ/kinematics
[0.433s] -- Up-to-date: /home/riboha/ros2_ws/src/install/champ/include/champ/kinematics/kinematics.h
[0.433s] -- Up-to-date: /home/riboha/ros2_ws/src/install/champ/include/champ/utils
[0.433s] -- Up-to-date: /home/riboha/ros2_ws/src/install/champ/include/champ/utils/xmlrpc_helpers.h
[0.433s] -- Up-to-date: /home/riboha/ros2_ws/src/install/champ/include/champ/utils/urdf_loader.h
[0.433s] -- Up-to-date: /home/riboha/ros2_ws/src/install/champ/include/champ/geometry
[0.433s] -- Up-to-date: /home/riboha/ros2_ws/src/install/champ/include/champ/geometry/geometry.h
[0.433s] -- Up-to-date: /home/riboha/ros2_ws/src/install/champ/include/champ/.git
[0.433s] -- Up-to-date: /home/riboha/ros2_ws/src/install/champ/include/champ/macros
[0.433s] -- Up-to-date: /home/riboha/ros2_ws/src/install/champ/include/champ/macros/macros.h
[0.434s] -- Up-to-date: /home/riboha/ros2_ws/src/install/champ/include/champ/README.md
[0.434s] -- Up-to-date: /home/riboha/ros2_ws/src/install/champ/include/champ/quadruped_base
[0.434s] -- Up-to-date: /home/riboha/ros2_ws/src/install/champ/include/champ/quadruped_base/quadruped_components.h
[0.434s] -- Up-to-date: /home/riboha/ros2_ws/src/install/champ/include/champ/quadruped_base/quadruped_joint.h
[0.434s] -- Up-to-date: /home/riboha/ros2_ws/src/install/champ/include/champ/quadruped_base/quadruped_base.h
[0.434s] -- Up-to-date: /home/riboha/ros2_ws/src/install/champ/include/champ/quadruped_base/quadruped_leg.h
[0.434s] -- Up-to-date: /home/riboha/ros2_ws/src/install/champ/share/ament_index/resource_index/package_run_dependencies/champ
[0.434s] -- Up-to-date: /home/riboha/ros2_ws/src/install/champ/share/ament_index/resource_index/parent_prefix_path/champ
[0.434s] -- Up-to-date: /home/riboha/ros2_ws/src/install/champ/share/champ/environment/ament_prefix_path.sh
[0.435s] -- Up-to-date: /home/riboha/ros2_ws/src/install/champ/share/champ/environment/ament_prefix_path.dsv
[0.435s] -- Up-to-date: /home/riboha/ros2_ws/src/install/champ/share/champ/environment/path.sh
[0.435s] -- Up-to-date: /home/riboha/ros2_ws/src/install/champ/share/champ/environment/path.dsv
[0.435s] -- Up-to-date: /home/riboha/ros2_ws/src/install/champ/share/champ/local_setup.bash
[0.435s] -- Up-to-date: /home/riboha/ros2_ws/src/install/champ/share/champ/local_setup.sh
[0.435s] -- Up-to-date: /home/riboha/ros2_ws/src/install/champ/share/champ/local_setup.zsh
[0.435s] -- Up-to-date: /home/riboha/ros2_ws/src/install/champ/share/champ/local_setup.dsv
[0.435s] -- Up-to-date: /home/riboha/ros2_ws/src/install/champ/share/champ/package.dsv
[0.435s] -- Up-to-date: /home/riboha/ros2_ws/src/install/champ/share/ament_index/resource_index/packages/champ
[0.435s] -- Up-to-date: /home/riboha/ros2_ws/src/install/champ/share/champ/cmake/ament_cmake_export_include_directories-extras.cmake
[0.435s] -- Up-to-date: /home/riboha/ros2_ws/src/install/champ/share/champ/cmake/champConfig.cmake
[0.435s] -- Up-to-date: /home/riboha/ros2_ws/src/install/champ/share/champ/cmake/champConfig-version.cmake
[0.437s] -- Up-to-date: /home/riboha/ros2_ws/src/install/champ/share/champ/package.xml
[0.444s] Invoked command in '/home/riboha/ros2_ws/src/build/champ' returned '0': CMAKE_PREFIX_PATH=${CMAKE_PREFIX_PATH}:/home/riboha/ros2_ws/install/mini_pupper_control:/home/riboha/ros2_ws/install/actions:/home/riboha/turtle/install/turtlebot3_teleop:/home/riboha/turtle/install/turtlebot3_example:/home/riboha/colcon_ws/install/ros_tcp_endpoint:/opt/ros/humble /usr/bin/cmake --install /home/riboha/ros2_ws/src/build/champ
