[0.347s] Invoking command in '/home/riboha/ros2_ws/src/build/mini_pupper_gazebo': CMAKE_PREFIX_PATH=${CMAKE_PREFIX_PATH}:/home/riboha/ros2_ws/install/mini_pupper_control:/home/riboha/ros2_ws/install/actions:/home/riboha/turtle/install/turtlebot3_teleop:/home/riboha/turtle/install/turtlebot3_example:/home/riboha/colcon_ws/install/ros_tcp_endpoint:/opt/ros/humble /usr/bin/cmake --build /home/riboha/ros2_ws/src/build/mini_pupper_gazebo -- -j16 -l16
[0.377s] Invoked command in '/home/riboha/ros2_ws/src/build/mini_pupper_gazebo' returned '0': CMAKE_PREFIX_PATH=${CMAKE_PREFIX_PATH}:/home/riboha/ros2_ws/install/mini_pupper_control:/home/riboha/ros2_ws/install/actions:/home/riboha/turtle/install/turtlebot3_teleop:/home/riboha/turtle/install/turtlebot3_example:/home/riboha/colcon_ws/install/ros_tcp_endpoint:/opt/ros/humble /usr/bin/cmake --build /home/riboha/ros2_ws/src/build/mini_pupper_gazebo -- -j16 -l16
[0.448s] Invoking command in '/home/riboha/ros2_ws/src/build/mini_pupper_gazebo': CMAKE_PREFIX_PATH=${CMAKE_PREFIX_PATH}:/home/riboha/ros2_ws/install/mini_pupper_control:/home/riboha/ros2_ws/install/actions:/home/riboha/turtle/install/turtlebot3_teleop:/home/riboha/turtle/install/turtlebot3_example:/home/riboha/colcon_ws/install/ros_tcp_endpoint:/opt/ros/humble /usr/bin/cmake --install /home/riboha/ros2_ws/src/build/mini_pupper_gazebo
[0.464s] -- Install configuration: ""
[0.464s] -- Up-to-date: /home/riboha/ros2_ws/src/install/mini_pupper_gazebo/share/mini_pupper_gazebo/launch
[0.468s] -- Up-to-date: /home/riboha/ros2_ws/src/install/mini_pupper_gazebo/share/mini_pupper_gazebo/launch/gazebo.launch.py
[0.468s] -- Up-to-date: /home/riboha/ros2_ws/src/install/mini_pupper_gazebo/share/mini_pupper_gazebo/worlds
[0.468s] -- Up-to-date: /home/riboha/ros2_ws/src/install/mini_pupper_gazebo/share/mini_pupper_gazebo/worlds/outdoor.world
[0.468s] -- Up-to-date: /home/riboha/ros2_ws/src/install/mini_pupper_gazebo/share/mini_pupper_gazebo/worlds/default.world
[0.469s] -- Up-to-date: /home/riboha/ros2_ws/src/install/mini_pupper_gazebo/share/mini_pupper_gazebo/worlds/playground.world
[0.469s] -- Up-to-date: /home/riboha/ros2_ws/src/install/mini_pupper_gazebo/share/ament_index/resource_index/package_run_dependencies/mini_pupper_gazebo
[0.469s] -- Up-to-date: /home/riboha/ros2_ws/src/install/mini_pupper_gazebo/share/ament_index/resource_index/parent_prefix_path/mini_pupper_gazebo
[0.469s] -- Up-to-date: /home/riboha/ros2_ws/src/install/mini_pupper_gazebo/share/mini_pupper_gazebo/environment/ament_prefix_path.sh
[0.469s] -- Up-to-date: /home/riboha/ros2_ws/src/install/mini_pupper_gazebo/share/mini_pupper_gazebo/environment/ament_prefix_path.dsv
[0.469s] -- Up-to-date: /home/riboha/ros2_ws/src/install/mini_pupper_gazebo/share/mini_pupper_gazebo/environment/path.sh
[0.469s] -- Up-to-date: /home/riboha/ros2_ws/src/install/mini_pupper_gazebo/share/mini_pupper_gazebo/environment/path.dsv
[0.469s] -- Up-to-date: /home/riboha/ros2_ws/src/install/mini_pupper_gazebo/share/mini_pupper_gazebo/local_setup.bash
[0.469s] -- Up-to-date: /home/riboha/ros2_ws/src/install/mini_pupper_gazebo/share/mini_pupper_gazebo/local_setup.sh
[0.469s] -- Up-to-date: /home/riboha/ros2_ws/src/install/mini_pupper_gazebo/share/mini_pupper_gazebo/local_setup.zsh
[0.469s] -- Up-to-date: /home/riboha/ros2_ws/src/install/mini_pupper_gazebo/share/mini_pupper_gazebo/local_setup.dsv
[0.470s] -- Up-to-date: /home/riboha/ros2_ws/src/install/mini_pupper_gazebo/share/mini_pupper_gazebo/package.dsv
[0.470s] -- Up-to-date: /home/riboha/ros2_ws/src/install/mini_pupper_gazebo/share/ament_index/resource_index/packages/mini_pupper_gazebo
[0.470s] -- Up-to-date: /home/riboha/ros2_ws/src/install/mini_pupper_gazebo/share/mini_pupper_gazebo/cmake/mini_pupper_gazeboConfig.cmake
[0.470s] -- Up-to-date: /home/riboha/ros2_ws/src/install/mini_pupper_gazebo/share/mini_pupper_gazebo/cmake/mini_pupper_gazeboConfig-version.cmake
[0.470s] -- Up-to-date: /home/riboha/ros2_ws/src/install/mini_pupper_gazebo/share/mini_pupper_gazebo/package.xml
[0.500s] Invoked command in '/home/riboha/ros2_ws/src/build/mini_pupper_gazebo' returned '0': CMAKE_PREFIX_PATH=${CMAKE_PREFIX_PATH}:/home/riboha/ros2_ws/install/mini_pupper_control:/home/riboha/ros2_ws/install/actions:/home/riboha/turtle/install/turtlebot3_teleop:/home/riboha/turtle/install/turtlebot3_example:/home/riboha/colcon_ws/install/ros_tcp_endpoint:/opt/ros/humble /usr/bin/cmake --install /home/riboha/ros2_ws/src/build/mini_pupper_gazebo
