[0.222s] Invoking command in '/home/riboha/ros2_ws/src/build/champ_navigation': CMAKE_PREFIX_PATH=${CMAKE_PREFIX_PATH}:/home/riboha/ros2_ws/install/mini_pupper_control:/home/riboha/ros2_ws/install/actions:/home/riboha/turtle/install/turtlebot3_teleop:/home/riboha/turtle/install/turtlebot3_example:/home/riboha/colcon_ws/install/ros_tcp_endpoint:/opt/ros/humble /usr/bin/cmake /home/riboha/ros2_ws/src/champ/champ/champ_navigation -DCMAKE_INSTALL_PREFIX=/home/riboha/ros2_ws/src/install/champ_navigation
[0.454s] -- The C compiler identification is GNU 11.3.0
[0.454s] -- The CXX compiler identification is GNU 11.3.0
[0.454s] -- Detecting C compiler ABI info
[0.454s] -- Detecting C compiler ABI info - done
[0.454s] -- Check for working C compiler: /usr/bin/cc - skipped
[0.454s] -- Detecting C compile features
[0.454s] -- Detecting C compile features - done
[0.454s] -- Detecting CXX compiler ABI info
[0.454s] -- Detecting CXX compiler ABI info - done
[0.454s] -- Check for working CXX compiler: /usr/bin/c++ - skipped
[0.454s] -- Detecting CXX compile features
[0.454s] -- Detecting CXX compile features - done
[0.454s] -- Found ament_cmake: 1.3.3 (/opt/ros/humble/share/ament_cmake/cmake)
[0.607s] -- Found Python3: /usr/bin/python3.10 (found version "3.10.6") found components: Interpreter 
[0.798s] -- Configuring done
[0.800s] -- Generating done
[0.801s] -- Build files have been written to: /home/riboha/ros2_ws/src/build/champ_navigation
[0.808s] Invoked command in '/home/riboha/ros2_ws/src/build/champ_navigation' returned '0': CMAKE_PREFIX_PATH=${CMAKE_PREFIX_PATH}:/home/riboha/ros2_ws/install/mini_pupper_control:/home/riboha/ros2_ws/install/actions:/home/riboha/turtle/install/turtlebot3_teleop:/home/riboha/turtle/install/turtlebot3_example:/home/riboha/colcon_ws/install/ros_tcp_endpoint:/opt/ros/humble /usr/bin/cmake /home/riboha/ros2_ws/src/champ/champ/champ_navigation -DCMAKE_INSTALL_PREFIX=/home/riboha/ros2_ws/src/install/champ_navigation
[0.808s] Invoking command in '/home/riboha/ros2_ws/src/build/champ_navigation': CMAKE_PREFIX_PATH=${CMAKE_PREFIX_PATH}:/home/riboha/ros2_ws/install/mini_pupper_control:/home/riboha/ros2_ws/install/actions:/home/riboha/turtle/install/turtlebot3_teleop:/home/riboha/turtle/install/turtlebot3_example:/home/riboha/colcon_ws/install/ros_tcp_endpoint:/opt/ros/humble /usr/bin/cmake --build /home/riboha/ros2_ws/src/build/champ_navigation -- -j16 -l16
[0.851s] Invoked command in '/home/riboha/ros2_ws/src/build/champ_navigation' returned '0': CMAKE_PREFIX_PATH=${CMAKE_PREFIX_PATH}:/home/riboha/ros2_ws/install/mini_pupper_control:/home/riboha/ros2_ws/install/actions:/home/riboha/turtle/install/turtlebot3_teleop:/home/riboha/turtle/install/turtlebot3_example:/home/riboha/colcon_ws/install/ros_tcp_endpoint:/opt/ros/humble /usr/bin/cmake --build /home/riboha/ros2_ws/src/build/champ_navigation -- -j16 -l16
[0.883s] Invoking command in '/home/riboha/ros2_ws/src/build/champ_navigation': CMAKE_PREFIX_PATH=${CMAKE_PREFIX_PATH}:/home/riboha/ros2_ws/install/mini_pupper_control:/home/riboha/ros2_ws/install/actions:/home/riboha/turtle/install/turtlebot3_teleop:/home/riboha/turtle/install/turtlebot3_example:/home/riboha/colcon_ws/install/ros_tcp_endpoint:/opt/ros/humble /usr/bin/cmake --install /home/riboha/ros2_ws/src/build/champ_navigation
[0.890s] -- Install configuration: ""
[0.891s] -- Installing: /home/riboha/ros2_ws/src/install/champ_navigation/share/champ_navigation/launch
[0.891s] -- Installing: /home/riboha/ros2_ws/src/install/champ_navigation/share/champ_navigation/launch/navigate.launch.py
[0.891s] -- Installing: /home/riboha/ros2_ws/src/install/champ_navigation/share/champ_navigation/launch/slam.launch.py
[0.891s] -- Installing: /home/riboha/ros2_ws/src/install/champ_navigation/share/champ_navigation/rviz
[0.891s] -- Installing: /home/riboha/ros2_ws/src/install/champ_navigation/share/champ_navigation/rviz/navigation_minimal.rviz
[0.891s] -- Installing: /home/riboha/ros2_ws/src/install/champ_navigation/share/champ_navigation/rviz/navigation.rviz
[0.891s] -- Installing: /home/riboha/ros2_ws/src/install/champ_navigation/share/champ_navigation/rviz/slam.rviz
[0.891s] -- Installing: /home/riboha/ros2_ws/src/install/champ_navigation/share/ament_index/resource_index/package_run_dependencies/champ_navigation
[0.891s] -- Installing: /home/riboha/ros2_ws/src/install/champ_navigation/share/ament_index/resource_index/parent_prefix_path/champ_navigation
[0.892s] -- Installing: /home/riboha/ros2_ws/src/install/champ_navigation/share/champ_navigation/environment/ament_prefix_path.sh
[0.892s] -- Installing: /home/riboha/ros2_ws/src/install/champ_navigation/share/champ_navigation/environment/ament_prefix_path.dsv
[0.892s] -- Installing: /home/riboha/ros2_ws/src/install/champ_navigation/share/champ_navigation/environment/path.sh
[0.892s] -- Installing: /home/riboha/ros2_ws/src/install/champ_navigation/share/champ_navigation/environment/path.dsv
[0.892s] -- Installing: /home/riboha/ros2_ws/src/install/champ_navigation/share/champ_navigation/local_setup.bash
[0.893s] -- Installing: /home/riboha/ros2_ws/src/install/champ_navigation/share/champ_navigation/local_setup.sh
[0.893s] -- Installing: /home/riboha/ros2_ws/src/install/champ_navigation/share/champ_navigation/local_setup.zsh
[0.893s] -- Installing: /home/riboha/ros2_ws/src/install/champ_navigation/share/champ_navigation/local_setup.dsv
[0.893s] -- Installing: /home/riboha/ros2_ws/src/install/champ_navigation/share/champ_navigation/package.dsv
[0.893s] -- Installing: /home/riboha/ros2_ws/src/install/champ_navigation/share/ament_index/resource_index/packages/champ_navigation
[0.893s] -- Installing: /home/riboha/ros2_ws/src/install/champ_navigation/share/champ_navigation/cmake/champ_navigationConfig.cmake
[0.893s] -- Installing: /home/riboha/ros2_ws/src/install/champ_navigation/share/champ_navigation/cmake/champ_navigationConfig-version.cmake
[0.893s] -- Installing: /home/riboha/ros2_ws/src/install/champ_navigation/share/champ_navigation/package.xml
[0.897s] Invoked command in '/home/riboha/ros2_ws/src/build/champ_navigation' returned '0': CMAKE_PREFIX_PATH=${CMAKE_PREFIX_PATH}:/home/riboha/ros2_ws/install/mini_pupper_control:/home/riboha/ros2_ws/install/actions:/home/riboha/turtle/install/turtlebot3_teleop:/home/riboha/turtle/install/turtlebot3_example:/home/riboha/colcon_ws/install/ros_tcp_endpoint:/opt/ros/humble /usr/bin/cmake --install /home/riboha/ros2_ws/src/build/champ_navigation
