[0.345s] Invoking command in '/home/riboha/ros2_ws/src/build/mini_pupper_navigation': CMAKE_PREFIX_PATH=${CMAKE_PREFIX_PATH}:/home/riboha/ros2_ws/install/mini_pupper_control:/home/riboha/ros2_ws/install/actions:/home/riboha/turtle/install/turtlebot3_teleop:/home/riboha/turtle/install/turtlebot3_example:/home/riboha/colcon_ws/install/ros_tcp_endpoint:/opt/ros/humble /usr/bin/cmake --build /home/riboha/ros2_ws/src/build/mini_pupper_navigation -- -j16 -l16
[0.373s] Invoked command in '/home/riboha/ros2_ws/src/build/mini_pupper_navigation' returned '0': CMAKE_PREFIX_PATH=${CMAKE_PREFIX_PATH}:/home/riboha/ros2_ws/install/mini_pupper_control:/home/riboha/ros2_ws/install/actions:/home/riboha/turtle/install/turtlebot3_teleop:/home/riboha/turtle/install/turtlebot3_example:/home/riboha/colcon_ws/install/ros_tcp_endpoint:/opt/ros/humble /usr/bin/cmake --build /home/riboha/ros2_ws/src/build/mini_pupper_navigation -- -j16 -l16
[0.444s] Invoking command in '/home/riboha/ros2_ws/src/build/mini_pupper_navigation': CMAKE_PREFIX_PATH=${CMAKE_PREFIX_PATH}:/home/riboha/ros2_ws/install/mini_pupper_control:/home/riboha/ros2_ws/install/actions:/home/riboha/turtle/install/turtlebot3_teleop:/home/riboha/turtle/install/turtlebot3_example:/home/riboha/colcon_ws/install/ros_tcp_endpoint:/opt/ros/humble /usr/bin/cmake --install /home/riboha/ros2_ws/src/build/mini_pupper_navigation
[0.466s] -- Install configuration: ""
[0.466s] -- Up-to-date: /home/riboha/ros2_ws/src/install/mini_pupper_navigation/share/mini_pupper_navigation/launch
[0.466s] -- Up-to-date: /home/riboha/ros2_ws/src/install/mini_pupper_navigation/share/mini_pupper_navigation/launch/localization.launch.py
[0.466s] -- Up-to-date: /home/riboha/ros2_ws/src/install/mini_pupper_navigation/share/mini_pupper_navigation/launch/navigation.launch.py
[0.466s] -- Up-to-date: /home/riboha/ros2_ws/src/install/mini_pupper_navigation/share/mini_pupper_navigation/launch/slam.launch.py
[0.466s] -- Up-to-date: /home/riboha/ros2_ws/src/install/mini_pupper_navigation/share/mini_pupper_navigation/launch/bringup.launch.py
[0.466s] -- Up-to-date: /home/riboha/ros2_ws/src/install/mini_pupper_navigation/share/mini_pupper_navigation/config
[0.466s] -- Up-to-date: /home/riboha/ros2_ws/src/install/mini_pupper_navigation/share/mini_pupper_navigation/config/cartographer
[0.466s] -- Up-to-date: /home/riboha/ros2_ws/src/install/mini_pupper_navigation/share/mini_pupper_navigation/config/cartographer/nav.lua
[0.466s] -- Up-to-date: /home/riboha/ros2_ws/src/install/mini_pupper_navigation/share/mini_pupper_navigation/config/cartographer/slam.lua
[0.466s] -- Up-to-date: /home/riboha/ros2_ws/src/install/mini_pupper_navigation/share/mini_pupper_navigation/config/nav2
[0.466s] -- Up-to-date: /home/riboha/ros2_ws/src/install/mini_pupper_navigation/share/mini_pupper_navigation/config/nav2/mini_pupper.yaml
[0.466s] -- Up-to-date: /home/riboha/ros2_ws/src/install/mini_pupper_navigation/share/mini_pupper_navigation/maps
[0.467s] -- Up-to-date: /home/riboha/ros2_ws/src/install/mini_pupper_navigation/share/mini_pupper_navigation/maps/cartographer_map.pbstream
[0.467s] -- Up-to-date: /home/riboha/ros2_ws/src/install/mini_pupper_navigation/share/mini_pupper_navigation/maps/map.yaml
[0.467s] -- Up-to-date: /home/riboha/ros2_ws/src/install/mini_pupper_navigation/share/mini_pupper_navigation/maps/map.pgm
[0.467s] -- Up-to-date: /home/riboha/ros2_ws/src/install/mini_pupper_navigation/share/mini_pupper_navigation/maps/playground.pgm
[0.467s] -- Up-to-date: /home/riboha/ros2_ws/src/install/mini_pupper_navigation/share/mini_pupper_navigation/maps/cartographer_map.pgm
[0.467s] -- Up-to-date: /home/riboha/ros2_ws/src/install/mini_pupper_navigation/share/mini_pupper_navigation/maps/playground.yaml
[0.467s] -- Up-to-date: /home/riboha/ros2_ws/src/install/mini_pupper_navigation/share/mini_pupper_navigation/maps/cartographer_map.yaml
[0.467s] -- Up-to-date: /home/riboha/ros2_ws/src/install/mini_pupper_navigation/share/mini_pupper_navigation/rviz
[0.467s] -- Up-to-date: /home/riboha/ros2_ws/src/install/mini_pupper_navigation/share/mini_pupper_navigation/rviz/navigation_minimal.rviz
[0.469s] -- Up-to-date: /home/riboha/ros2_ws/src/install/mini_pupper_navigation/share/mini_pupper_navigation/rviz/navigation.rviz
[0.469s] -- Up-to-date: /home/riboha/ros2_ws/src/install/mini_pupper_navigation/share/mini_pupper_navigation/rviz/slam.rviz
[0.469s] -- Up-to-date: /home/riboha/ros2_ws/src/install/mini_pupper_navigation/share/mini_pupper_navigation/rviz/cartographer.rviz
[0.469s] -- Up-to-date: /home/riboha/ros2_ws/src/install/mini_pupper_navigation/share/ament_index/resource_index/package_run_dependencies/mini_pupper_navigation
[0.469s] -- Up-to-date: /home/riboha/ros2_ws/src/install/mini_pupper_navigation/share/ament_index/resource_index/parent_prefix_path/mini_pupper_navigation
[0.469s] -- Up-to-date: /home/riboha/ros2_ws/src/install/mini_pupper_navigation/share/mini_pupper_navigation/environment/ament_prefix_path.sh
[0.469s] -- Up-to-date: /home/riboha/ros2_ws/src/install/mini_pupper_navigation/share/mini_pupper_navigation/environment/ament_prefix_path.dsv
[0.469s] -- Up-to-date: /home/riboha/ros2_ws/src/install/mini_pupper_navigation/share/mini_pupper_navigation/environment/path.sh
[0.469s] -- Up-to-date: /home/riboha/ros2_ws/src/install/mini_pupper_navigation/share/mini_pupper_navigation/environment/path.dsv
[0.469s] -- Up-to-date: /home/riboha/ros2_ws/src/install/mini_pupper_navigation/share/mini_pupper_navigation/local_setup.bash
[0.469s] -- Up-to-date: /home/riboha/ros2_ws/src/install/mini_pupper_navigation/share/mini_pupper_navigation/local_setup.sh
[0.469s] -- Up-to-date: /home/riboha/ros2_ws/src/install/mini_pupper_navigation/share/mini_pupper_navigation/local_setup.zsh
[0.469s] -- Up-to-date: /home/riboha/ros2_ws/src/install/mini_pupper_navigation/share/mini_pupper_navigation/local_setup.dsv
[0.469s] -- Up-to-date: /home/riboha/ros2_ws/src/install/mini_pupper_navigation/share/mini_pupper_navigation/package.dsv
[0.470s] -- Up-to-date: /home/riboha/ros2_ws/src/install/mini_pupper_navigation/share/ament_index/resource_index/packages/mini_pupper_navigation
[0.470s] -- Up-to-date: /home/riboha/ros2_ws/src/install/mini_pupper_navigation/share/mini_pupper_navigation/cmake/mini_pupper_navigationConfig.cmake
[0.470s] -- Up-to-date: /home/riboha/ros2_ws/src/install/mini_pupper_navigation/share/mini_pupper_navigation/cmake/mini_pupper_navigationConfig-version.cmake
[0.470s] -- Up-to-date: /home/riboha/ros2_ws/src/install/mini_pupper_navigation/share/mini_pupper_navigation/package.xml
[0.484s] Invoked command in '/home/riboha/ros2_ws/src/build/mini_pupper_navigation' returned '0': CMAKE_PREFIX_PATH=${CMAKE_PREFIX_PATH}:/home/riboha/ros2_ws/install/mini_pupper_control:/home/riboha/ros2_ws/install/actions:/home/riboha/turtle/install/turtlebot3_teleop:/home/riboha/turtle/install/turtlebot3_example:/home/riboha/colcon_ws/install/ros_tcp_endpoint:/opt/ros/humble /usr/bin/cmake --install /home/riboha/ros2_ws/src/build/mini_pupper_navigation
