[0.198s] Invoking command in '/home/riboha/ros2_ws/src/build/champ_teleop': CMAKE_PREFIX_PATH=${CMAKE_PREFIX_PATH}:/home/riboha/ros2_ws/install/mini_pupper_control:/home/riboha/ros2_ws/install/actions:/home/riboha/turtle/install/turtlebot3_teleop:/home/riboha/turtle/install/turtlebot3_example:/home/riboha/colcon_ws/install/ros_tcp_endpoint:/opt/ros/humble /usr/bin/cmake --build /home/riboha/ros2_ws/src/build/champ_teleop -- -j16 -l16
[0.376s] Invoked command in '/home/riboha/ros2_ws/src/build/champ_teleop' returned '0': CMAKE_PREFIX_PATH=${CMAKE_PREFIX_PATH}:/home/riboha/ros2_ws/install/mini_pupper_control:/home/riboha/ros2_ws/install/actions:/home/riboha/turtle/install/turtlebot3_teleop:/home/riboha/turtle/install/turtlebot3_example:/home/riboha/colcon_ws/install/ros_tcp_endpoint:/opt/ros/humble /usr/bin/cmake --build /home/riboha/ros2_ws/src/build/champ_teleop -- -j16 -l16
[0.399s] Invoking command in '/home/riboha/ros2_ws/src/build/champ_teleop': CMAKE_PREFIX_PATH=${CMAKE_PREFIX_PATH}:/home/riboha/ros2_ws/install/mini_pupper_control:/home/riboha/ros2_ws/install/actions:/home/riboha/turtle/install/turtlebot3_teleop:/home/riboha/turtle/install/turtlebot3_example:/home/riboha/colcon_ws/install/ros_tcp_endpoint:/opt/ros/humble /usr/bin/cmake --install /home/riboha/ros2_ws/src/build/champ_teleop
[0.410s] -- Install configuration: ""
[0.410s] -- Up-to-date: /home/riboha/ros2_ws/src/install/champ_teleop/share/champ_teleop/launch
[0.411s] -- Up-to-date: /home/riboha/ros2_ws/src/install/champ_teleop/share/champ_teleop/launch/teleop.launch.py
[0.411s] -- Up-to-date: /home/riboha/ros2_ws/src/install/champ_teleop/lib/champ_teleop/champ_teleop.py
[0.411s] -- Up-to-date: /home/riboha/ros2_ws/src/install/champ_teleop/share/ament_index/resource_index/package_run_dependencies/champ_teleop
[0.411s] -- Up-to-date: /home/riboha/ros2_ws/src/install/champ_teleop/share/ament_index/resource_index/parent_prefix_path/champ_teleop
[0.411s] -- Up-to-date: /home/riboha/ros2_ws/src/install/champ_teleop/share/champ_teleop/environment/ament_prefix_path.sh
[0.411s] -- Up-to-date: /home/riboha/ros2_ws/src/install/champ_teleop/share/champ_teleop/environment/ament_prefix_path.dsv
[0.411s] -- Up-to-date: /home/riboha/ros2_ws/src/install/champ_teleop/share/champ_teleop/environment/path.sh
[0.411s] -- Up-to-date: /home/riboha/ros2_ws/src/install/champ_teleop/share/champ_teleop/environment/path.dsv
[0.411s] -- Up-to-date: /home/riboha/ros2_ws/src/install/champ_teleop/share/champ_teleop/local_setup.bash
[0.411s] -- Up-to-date: /home/riboha/ros2_ws/src/install/champ_teleop/share/champ_teleop/local_setup.sh
[0.411s] -- Up-to-date: /home/riboha/ros2_ws/src/install/champ_teleop/share/champ_teleop/local_setup.zsh
[0.411s] -- Up-to-date: /home/riboha/ros2_ws/src/install/champ_teleop/share/champ_teleop/local_setup.dsv
[0.411s] -- Up-to-date: /home/riboha/ros2_ws/src/install/champ_teleop/share/champ_teleop/package.dsv
[0.412s] -- Up-to-date: /home/riboha/ros2_ws/src/install/champ_teleop/share/ament_index/resource_index/packages/champ_teleop
[0.412s] -- Up-to-date: /home/riboha/ros2_ws/src/install/champ_teleop/share/champ_teleop/cmake/champ_teleopConfig.cmake
[0.412s] -- Up-to-date: /home/riboha/ros2_ws/src/install/champ_teleop/share/champ_teleop/cmake/champ_teleopConfig-version.cmake
[0.412s] -- Up-to-date: /home/riboha/ros2_ws/src/install/champ_teleop/share/champ_teleop/package.xml
[0.434s] Invoked command in '/home/riboha/ros2_ws/src/build/champ_teleop' returned '0': CMAKE_PREFIX_PATH=${CMAKE_PREFIX_PATH}:/home/riboha/ros2_ws/install/mini_pupper_control:/home/riboha/ros2_ws/install/actions:/home/riboha/turtle/install/turtlebot3_teleop:/home/riboha/turtle/install/turtlebot3_example:/home/riboha/colcon_ws/install/ros_tcp_endpoint:/opt/ros/humble /usr/bin/cmake --install /home/riboha/ros2_ws/src/build/champ_teleop
