[0.892s] Invoking command in '/home/riboha/ros2_ws/src/actions': PYTHONPATH=/home/riboha/ros2_ws/src/build/actions/prefix_override:/home/riboha/ros2_ws/src/install/actions/lib/python3.10/site-packages:${PYTHONPATH} /usr/bin/python3 setup.py egg_info --egg-base ../build/actions build --build-base /home/riboha/ros2_ws/src/build/actions/build install --record /home/riboha/ros2_ws/src/build/actions/install.log --single-version-externally-managed
[1.110s] running egg_info
[1.110s] creating ../build/actions/actions.egg-info
[1.111s] writing ../build/actions/actions.egg-info/PKG-INFO
[1.111s] writing dependency_links to ../build/actions/actions.egg-info/dependency_links.txt
[1.111s] writing entry points to ../build/actions/actions.egg-info/entry_points.txt
[1.111s] writing requirements to ../build/actions/actions.egg-info/requires.txt
[1.111s] writing top-level names to ../build/actions/actions.egg-info/top_level.txt
[1.111s] writing manifest file '../build/actions/actions.egg-info/SOURCES.txt'
[1.114s] reading manifest file '../build/actions/actions.egg-info/SOURCES.txt'
[1.115s] writing manifest file '../build/actions/actions.egg-info/SOURCES.txt'
[1.115s] running build
[1.115s] running build_py
[1.115s] creating /home/riboha/ros2_ws/src/build/actions/build
[1.115s] creating /home/riboha/ros2_ws/src/build/actions/build/lib
[1.115s] creating /home/riboha/ros2_ws/src/build/actions/build/lib/actions
[1.115s] copying actions/__init__.py -> /home/riboha/ros2_ws/src/build/actions/build/lib/actions
[1.115s] copying actions/foot_action.py -> /home/riboha/ros2_ws/src/build/actions/build/lib/actions
[1.116s] copying actions/stt_action.py -> /home/riboha/ros2_ws/src/build/actions/build/lib/actions
[1.116s] copying actions/send_action.py -> /home/riboha/ros2_ws/src/build/actions/build/lib/actions
[1.116s] running install
[1.116s] /usr/lib/python3/dist-packages/setuptools/command/install.py:34: SetuptoolsDeprecationWarning: setup.py install is deprecated. Use build and pip and other standards-based tools.
[1.116s]   warnings.warn(
[1.116s] running install_lib
[1.117s] creating /home/riboha/ros2_ws/src/install/actions/lib/python3.10/site-packages/actions
[1.117s] copying /home/riboha/ros2_ws/src/build/actions/build/lib/actions/__init__.py -> /home/riboha/ros2_ws/src/install/actions/lib/python3.10/site-packages/actions
[1.117s] copying /home/riboha/ros2_ws/src/build/actions/build/lib/actions/foot_action.py -> /home/riboha/ros2_ws/src/install/actions/lib/python3.10/site-packages/actions
[1.117s] copying /home/riboha/ros2_ws/src/build/actions/build/lib/actions/stt_action.py -> /home/riboha/ros2_ws/src/install/actions/lib/python3.10/site-packages/actions
[1.117s] copying /home/riboha/ros2_ws/src/build/actions/build/lib/actions/send_action.py -> /home/riboha/ros2_ws/src/install/actions/lib/python3.10/site-packages/actions
[1.118s] byte-compiling /home/riboha/ros2_ws/src/install/actions/lib/python3.10/site-packages/actions/__init__.py to __init__.cpython-310.pyc
[1.118s] byte-compiling /home/riboha/ros2_ws/src/install/actions/lib/python3.10/site-packages/actions/foot_action.py to foot_action.cpython-310.pyc
[1.118s] byte-compiling /home/riboha/ros2_ws/src/install/actions/lib/python3.10/site-packages/actions/stt_action.py to stt_action.cpython-310.pyc
[1.119s] byte-compiling /home/riboha/ros2_ws/src/install/actions/lib/python3.10/site-packages/actions/send_action.py to send_action.cpython-310.pyc
[1.119s] running install_data
[1.119s] creating /home/riboha/ros2_ws/src/install/actions/share/ament_index
[1.119s] creating /home/riboha/ros2_ws/src/install/actions/share/ament_index/resource_index
[1.119s] creating /home/riboha/ros2_ws/src/install/actions/share/ament_index/resource_index/packages
[1.119s] copying resource/actions -> /home/riboha/ros2_ws/src/install/actions/share/ament_index/resource_index/packages
[1.119s] copying package.xml -> /home/riboha/ros2_ws/src/install/actions/share/actions
[1.119s] running install_egg_info
[1.120s] Copying ../build/actions/actions.egg-info to /home/riboha/ros2_ws/src/install/actions/lib/python3.10/site-packages/actions-0.0.1-py3.10.egg-info
[1.121s] running install_scripts
[1.137s] Installing foot_action script to /home/riboha/ros2_ws/src/install/actions/lib/actions
[1.137s] Installing send_action script to /home/riboha/ros2_ws/src/install/actions/lib/actions
[1.137s] Installing stt_action script to /home/riboha/ros2_ws/src/install/actions/lib/actions
[1.138s] writing list of installed files to '/home/riboha/ros2_ws/src/build/actions/install.log'
[1.172s] Invoked command in '/home/riboha/ros2_ws/src/actions' returned '0': PYTHONPATH=/home/riboha/ros2_ws/src/build/actions/prefix_override:/home/riboha/ros2_ws/src/install/actions/lib/python3.10/site-packages:${PYTHONPATH} /usr/bin/python3 setup.py egg_info --egg-base ../build/actions build --build-base /home/riboha/ros2_ws/src/build/actions/build install --record /home/riboha/ros2_ws/src/build/actions/install.log --single-version-externally-managed
