[0.067s] Invoking command in '/home/riboha/ros2_ws/src/build/champ_msgs': CMAKE_PREFIX_PATH=${CMAKE_PREFIX_PATH}:/home/riboha/ros2_ws/install/mini_pupper_control:/home/riboha/ros2_ws/install/actions:/home/riboha/turtle/install/turtlebot3_teleop:/home/riboha/turtle/install/turtlebot3_example:/home/riboha/colcon_ws/install/ros_tcp_endpoint:/opt/ros/humble /usr/bin/cmake /home/riboha/ros2_ws/src/champ/champ/champ_msgs -DCMAKE_INSTALL_PREFIX=/home/riboha/ros2_ws/src/install/champ_msgs
[0.471s] -- The C compiler identification is GNU 11.3.0
[0.472s] -- The CXX compiler identification is GNU 11.3.0
[0.473s] -- Detecting C compiler ABI info
[0.473s] -- Detecting C compiler ABI info - done
[0.473s] -- Check for working C compiler: /usr/bin/cc - skipped
[0.473s] -- Detecting C compile features
[0.473s] -- Detecting C compile features - done
[0.474s] -- Detecting CXX compiler ABI info
[0.474s] -- Detecting CXX compiler ABI info - done
[0.474s] -- Check for working CXX compiler: /usr/bin/c++ - skipped
[0.474s] -- Detecting CXX compile features
[0.474s] -- Detecting CXX compile features - done
[0.474s] -- Found ament_cmake: 1.3.3 (/opt/ros/humble/share/ament_cmake/cmake)
[0.474s] -- Found Python3: /usr/bin/python3.10 (found version "3.10.6") found components: Interpreter 
[0.524s] -- Found rosidl_default_generators: 1.2.0 (/opt/ros/humble/share/rosidl_default_generators/cmake)
[0.534s] -- Using all available rosidl_typesupport_c: rosidl_typesupport_fastrtps_c;rosidl_typesupport_introspection_c
[0.546s] -- Found rosidl_adapter: 3.1.4 (/opt/ros/humble/share/rosidl_adapter/cmake)
[0.604s] -- Using all available rosidl_typesupport_cpp: rosidl_typesupport_fastrtps_cpp;rosidl_typesupport_introspection_cpp
[0.664s] -- Found std_msgs: 4.2.3 (/opt/ros/humble/share/std_msgs/cmake)
[0.724s] -- Found geometry_msgs: 4.2.3 (/opt/ros/humble/share/geometry_msgs/cmake)
[1.123s] -- Found ament_cmake_ros: 0.10.0 (/opt/ros/humble/share/ament_cmake_ros/cmake)
[1.361s] -- Using all available rosidl_typesupport_c: rosidl_typesupport_fastrtps_c;rosidl_typesupport_introspection_c
[1.581s] -- Using all available rosidl_typesupport_cpp: rosidl_typesupport_fastrtps_cpp;rosidl_typesupport_introspection_cpp
[1.598s] -- Found PythonInterp: /usr/bin/python3 (found suitable version "3.10.6", minimum required is "3.6") 
[1.601s] -- Found python_cmake_module: 0.10.0 (/opt/ros/humble/share/python_cmake_module/cmake)
[1.622s] -- Found PythonLibs: /usr/lib/x86_64-linux-gnu/libpython3.10.so (found suitable version "3.10.6", minimum required is "3.5") 
[1.622s] -- Using PYTHON_EXECUTABLE: /usr/bin/python3
[1.622s] -- Using PYTHON_INCLUDE_DIRS: /usr/include/python3.10
[1.622s] -- Using PYTHON_LIBRARIES: /usr/lib/x86_64-linux-gnu/libpython3.10.so
[1.637s] -- Found PythonExtra: .so  
[1.710s] -- Found ament_lint_auto: 0.12.5 (/opt/ros/humble/share/ament_lint_auto/cmake)
[1.718s] -- Configuring done
[1.764s] -- Generating done
[1.767s] -- Build files have been written to: /home/riboha/ros2_ws/src/build/champ_msgs
[1.775s] Invoked command in '/home/riboha/ros2_ws/src/build/champ_msgs' returned '0': CMAKE_PREFIX_PATH=${CMAKE_PREFIX_PATH}:/home/riboha/ros2_ws/install/mini_pupper_control:/home/riboha/ros2_ws/install/actions:/home/riboha/turtle/install/turtlebot3_teleop:/home/riboha/turtle/install/turtlebot3_example:/home/riboha/colcon_ws/install/ros_tcp_endpoint:/opt/ros/humble /usr/bin/cmake /home/riboha/ros2_ws/src/champ/champ/champ_msgs -DCMAKE_INSTALL_PREFIX=/home/riboha/ros2_ws/src/install/champ_msgs
[1.776s] Invoking command in '/home/riboha/ros2_ws/src/build/champ_msgs': CMAKE_PREFIX_PATH=${CMAKE_PREFIX_PATH}:/home/riboha/ros2_ws/install/mini_pupper_control:/home/riboha/ros2_ws/install/actions:/home/riboha/turtle/install/turtlebot3_teleop:/home/riboha/turtle/install/turtlebot3_example:/home/riboha/colcon_ws/install/ros_tcp_endpoint:/opt/ros/humble /usr/bin/cmake --build /home/riboha/ros2_ws/src/build/champ_msgs -- -j16 -l16
[1.820s] [  1%] [34m[1mGenerating C code for ROS interfaces[0m
[1.832s] [  2%] [34m[1mGenerating C++ code for ROS interfaces[0m
[1.843s] [  2%] Built target ament_cmake_python_copy_champ_msgs
[2.103s] running egg_info
[2.104s] creating champ_msgs.egg-info
[2.104s] writing champ_msgs.egg-info/PKG-INFO
[2.105s] writing dependency_links to champ_msgs.egg-info/dependency_links.txt
[2.105s] writing top-level names to champ_msgs.egg-info/top_level.txt
[2.105s] writing manifest file 'champ_msgs.egg-info/SOURCES.txt'
[2.108s] reading manifest file 'champ_msgs.egg-info/SOURCES.txt'
[2.108s] writing manifest file 'champ_msgs.egg-info/SOURCES.txt'
[2.148s] [  2%] Built target ament_cmake_python_build_champ_msgs_egg
[2.389s] [  2%] Built target champ_msgs__cpp
[2.395s] [  4%] [34m[1mGenerating C++ type support dispatch for ROS interfaces[0m
[2.395s] [  4%] [34m[1mGenerating C++ type support for eProsima Fast-RTPS[0m
[2.397s] [  5%] [34m[1mGenerating C++ introspection for ROS interfaces[0m
[2.405s] [  6%] [32mBuilding C object CMakeFiles/champ_msgs__rosidl_generator_c.dir/rosidl_generator_c/champ_msgs/msg/detail/velocities__functions.c.o[0m
[2.406s] [  8%] [32mBuilding C object CMakeFiles/champ_msgs__rosidl_generator_c.dir/rosidl_generator_c/champ_msgs/msg/detail/point__functions.c.o[0m
[2.406s] [  8%] [32mBuilding C object CMakeFiles/champ_msgs__rosidl_generator_c.dir/rosidl_generator_c/champ_msgs/msg/detail/contacts_stamped__functions.c.o[0m
[2.407s] [ 12%] [32mBuilding C object CMakeFiles/champ_msgs__rosidl_generator_c.dir/rosidl_generator_c/champ_msgs/msg/detail/pid__functions.c.o[0m
[2.408s] [  9%] [32mBuilding C object CMakeFiles/champ_msgs__rosidl_generator_c.dir/rosidl_generator_c/champ_msgs/msg/detail/point_array__functions.c.o[0m
[2.408s] [ 11%] [32mBuilding C object CMakeFiles/champ_msgs__rosidl_generator_c.dir/rosidl_generator_c/champ_msgs/msg/detail/imu__functions.c.o[0m
[2.408s] [ 11%] [32mBuilding C object CMakeFiles/champ_msgs__rosidl_generator_c.dir/rosidl_generator_c/champ_msgs/msg/detail/joints__functions.c.o[0m
[2.416s] [ 13%] [32mBuilding C object CMakeFiles/champ_msgs__rosidl_generator_c.dir/rosidl_generator_c/champ_msgs/msg/detail/contacts__functions.c.o[0m
[2.417s] [ 14%] [32mBuilding C object CMakeFiles/champ_msgs__rosidl_generator_c.dir/rosidl_generator_c/champ_msgs/msg/detail/pose__functions.c.o[0m
[2.474s] [ 15%] [32m[1mLinking C shared library libchamp_msgs__rosidl_generator_c.so[0m
[2.513s] [ 15%] Built target champ_msgs__rosidl_generator_c
[2.523s] [ 16%] [34m[1mGenerating C type support dispatch for ROS interfaces[0m
[2.525s] [ 18%] [34m[1mGenerating C type support for eProsima Fast-RTPS[0m
[2.525s] [ 18%] [34m[1mGenerating C introspection for ROS interfaces[0m
[2.752s] [ 20%] [32mBuilding CXX object CMakeFiles/champ_msgs__rosidl_typesupport_cpp.dir/rosidl_typesupport_cpp/champ_msgs/msg/velocities__type_support.cpp.o[0m
[2.752s] [ 22%] [32mBuilding CXX object CMakeFiles/champ_msgs__rosidl_typesupport_cpp.dir/rosidl_typesupport_cpp/champ_msgs/msg/point_array__type_support.cpp.o[0m
[2.752s] [ 22%] [32mBuilding CXX object CMakeFiles/champ_msgs__rosidl_typesupport_cpp.dir/rosidl_typesupport_cpp/champ_msgs/msg/contacts__type_support.cpp.o[0m
[2.755s] [ 24%] [32mBuilding CXX object CMakeFiles/champ_msgs__rosidl_typesupport_cpp.dir/rosidl_typesupport_cpp/champ_msgs/msg/pose__type_support.cpp.o[0m
[2.755s] [ 24%] [32mBuilding CXX object CMakeFiles/champ_msgs__rosidl_typesupport_cpp.dir/rosidl_typesupport_cpp/champ_msgs/msg/point__type_support.cpp.o[0m
[2.756s] [ 25%] [32mBuilding CXX object CMakeFiles/champ_msgs__rosidl_typesupport_cpp.dir/rosidl_typesupport_cpp/champ_msgs/msg/pid__type_support.cpp.o[0m
[2.756s] [ 26%] [32mBuilding CXX object CMakeFiles/champ_msgs__rosidl_typesupport_cpp.dir/rosidl_typesupport_cpp/champ_msgs/msg/imu__type_support.cpp.o[0m
[2.763s] [ 27%] [32mBuilding CXX object CMakeFiles/champ_msgs__rosidl_typesupport_cpp.dir/rosidl_typesupport_cpp/champ_msgs/msg/joints__type_support.cpp.o[0m
[2.764s] [ 28%] [32mBuilding CXX object CMakeFiles/champ_msgs__rosidl_typesupport_cpp.dir/rosidl_typesupport_cpp/champ_msgs/msg/contacts_stamped__type_support.cpp.o[0m
[2.930s] [ 29%] [32mBuilding CXX object CMakeFiles/champ_msgs__rosidl_typesupport_introspection_cpp.dir/rosidl_typesupport_introspection_cpp/champ_msgs/msg/detail/velocities__type_support.cpp.o[0m
[2.951s] [ 30%] [32mBuilding CXX object CMakeFiles/champ_msgs__rosidl_typesupport_introspection_cpp.dir/rosidl_typesupport_introspection_cpp/champ_msgs/msg/detail/imu__type_support.cpp.o[0m
[2.960s] [ 31%] [32mBuilding CXX object CMakeFiles/champ_msgs__rosidl_typesupport_introspection_cpp.dir/rosidl_typesupport_introspection_cpp/champ_msgs/msg/detail/pid__type_support.cpp.o[0m
[3.005s] [ 32%] [32mBuilding CXX object CMakeFiles/champ_msgs__rosidl_typesupport_fastrtps_cpp.dir/rosidl_typesupport_fastrtps_cpp/champ_msgs/msg/detail/dds_fastrtps/velocities__type_support.cpp.o[0m
[3.025s] [ 33%] [32mBuilding CXX object CMakeFiles/champ_msgs__rosidl_typesupport_c.dir/rosidl_typesupport_c/champ_msgs/msg/velocities__type_support.cpp.o[0m
[3.038s] [ 34%] [32mBuilding CXX object CMakeFiles/champ_msgs__rosidl_typesupport_introspection_cpp.dir/rosidl_typesupport_introspection_cpp/champ_msgs/msg/detail/point__type_support.cpp.o[0m
[3.052s] [ 35%] [32mBuilding CXX object CMakeFiles/champ_msgs__rosidl_typesupport_fastrtps_cpp.dir/rosidl_typesupport_fastrtps_cpp/champ_msgs/msg/detail/dds_fastrtps/pid__type_support.cpp.o[0m
[3.067s] [ 36%] [32mBuilding CXX object CMakeFiles/champ_msgs__rosidl_typesupport_fastrtps_cpp.dir/rosidl_typesupport_fastrtps_cpp/champ_msgs/msg/detail/dds_fastrtps/imu__type_support.cpp.o[0m
[3.070s] [ 37%] [32mBuilding CXX object CMakeFiles/champ_msgs__rosidl_typesupport_c.dir/rosidl_typesupport_c/champ_msgs/msg/pid__type_support.cpp.o[0m
[3.087s] [ 38%] [32mBuilding CXX object CMakeFiles/champ_msgs__rosidl_typesupport_fastrtps_cpp.dir/rosidl_typesupport_fastrtps_cpp/champ_msgs/msg/detail/dds_fastrtps/point__type_support.cpp.o[0m
[3.101s] [ 40%] [32mBuilding CXX object CMakeFiles/champ_msgs__rosidl_typesupport_introspection_cpp.dir/rosidl_typesupport_introspection_cpp/champ_msgs/msg/detail/point_array__type_support.cpp.o[0m
[3.110s] [ 41%] [32mBuilding CXX object CMakeFiles/champ_msgs__rosidl_typesupport_c.dir/rosidl_typesupport_c/champ_msgs/msg/imu__type_support.cpp.o[0m
[3.110s] [ 42%] [32mBuilding CXX object CMakeFiles/champ_msgs__rosidl_typesupport_introspection_cpp.dir/rosidl_typesupport_introspection_cpp/champ_msgs/msg/detail/joints__type_support.cpp.o[0m
[3.126s] [ 43%] [32mBuilding CXX object CMakeFiles/champ_msgs__rosidl_typesupport_c.dir/rosidl_typesupport_c/champ_msgs/msg/point__type_support.cpp.o[0m
[3.147s] [ 44%] [32m[1mLinking CXX shared library libchamp_msgs__rosidl_typesupport_cpp.so[0m
[3.158s] [ 45%] [32mBuilding CXX object CMakeFiles/champ_msgs__rosidl_typesupport_c.dir/rosidl_typesupport_c/champ_msgs/msg/point_array__type_support.cpp.o[0m
[3.178s] [ 46%] [32mBuilding CXX object CMakeFiles/champ_msgs__rosidl_typesupport_introspection_cpp.dir/rosidl_typesupport_introspection_cpp/champ_msgs/msg/detail/contacts__type_support.cpp.o[0m
[3.188s] [ 47%] [32mBuilding CXX object CMakeFiles/champ_msgs__rosidl_typesupport_c.dir/rosidl_typesupport_c/champ_msgs/msg/joints__type_support.cpp.o[0m
[3.223s] [ 47%] Built target champ_msgs__rosidl_typesupport_cpp
[3.245s] [ 48%] [32mBuilding CXX object CMakeFiles/champ_msgs__rosidl_typesupport_c.dir/rosidl_typesupport_c/champ_msgs/msg/contacts__type_support.cpp.o[0m
[3.249s] [ 49%] [32mBuilding CXX object CMakeFiles/champ_msgs__rosidl_typesupport_c.dir/rosidl_typesupport_c/champ_msgs/msg/contacts_stamped__type_support.cpp.o[0m
[3.260s] [ 50%] [32mBuilding CXX object CMakeFiles/champ_msgs__rosidl_typesupport_c.dir/rosidl_typesupport_c/champ_msgs/msg/pose__type_support.cpp.o[0m
[3.272s] [ 51%] [32mBuilding CXX object CMakeFiles/champ_msgs__rosidl_typesupport_fastrtps_c.dir/rosidl_typesupport_fastrtps_c/champ_msgs/msg/detail/velocities__type_support_c.cpp.o[0m
[3.292s] [ 52%] [32mBuilding C object CMakeFiles/champ_msgs__rosidl_typesupport_introspection_c.dir/rosidl_typesupport_introspection_c/champ_msgs/msg/detail/velocities__type_support.c.o[0m
[3.317s] [ 53%] [32mBuilding CXX object CMakeFiles/champ_msgs__rosidl_typesupport_fastrtps_cpp.dir/rosidl_typesupport_fastrtps_cpp/champ_msgs/msg/detail/dds_fastrtps/point_array__type_support.cpp.o[0m
[3.348s] [ 55%] [32m[1mLinking CXX shared library libchamp_msgs__rosidl_typesupport_c.so[0m
[3.354s] [ 55%] [32mBuilding CXX object CMakeFiles/champ_msgs__rosidl_typesupport_fastrtps_cpp.dir/rosidl_typesupport_fastrtps_cpp/champ_msgs/msg/detail/dds_fastrtps/joints__type_support.cpp.o[0m
[3.387s] [ 57%] [32mBuilding C object CMakeFiles/champ_msgs__rosidl_typesupport_introspection_c.dir/rosidl_typesupport_introspection_c/champ_msgs/msg/detail/pid__type_support.c.o[0m
[3.387s] [ 57%] [32mBuilding CXX object CMakeFiles/champ_msgs__rosidl_typesupport_introspection_cpp.dir/rosidl_typesupport_introspection_cpp/champ_msgs/msg/detail/contacts_stamped__type_support.cpp.o[0m
[3.397s] [ 58%] [32mBuilding CXX object CMakeFiles/champ_msgs__rosidl_typesupport_introspection_cpp.dir/rosidl_typesupport_introspection_cpp/champ_msgs/msg/detail/pose__type_support.cpp.o[0m
[3.417s] [ 60%] [32mBuilding C object CMakeFiles/champ_msgs__rosidl_typesupport_introspection_c.dir/rosidl_typesupport_introspection_c/champ_msgs/msg/detail/imu__type_support.c.o[0m
[3.429s] [ 60%] Built target champ_msgs__rosidl_typesupport_c
[3.440s] [ 61%] [32mBuilding CXX object CMakeFiles/champ_msgs__rosidl_typesupport_fastrtps_cpp.dir/rosidl_typesupport_fastrtps_cpp/champ_msgs/msg/detail/dds_fastrtps/contacts__type_support.cpp.o[0m
[3.446s] [ 62%] [32mBuilding C object CMakeFiles/champ_msgs__rosidl_typesupport_introspection_c.dir/rosidl_typesupport_introspection_c/champ_msgs/msg/detail/point__type_support.c.o[0m
[3.491s] [ 63%] [32mBuilding CXX object CMakeFiles/champ_msgs__rosidl_typesupport_fastrtps_cpp.dir/rosidl_typesupport_fastrtps_cpp/champ_msgs/msg/detail/dds_fastrtps/contacts_stamped__type_support.cpp.o[0m
[3.512s] [ 64%] [32mBuilding C object CMakeFiles/champ_msgs__rosidl_typesupport_introspection_c.dir/rosidl_typesupport_introspection_c/champ_msgs/msg/detail/point_array__type_support.c.o[0m
[3.532s] [ 65%] [32mBuilding C object CMakeFiles/champ_msgs__rosidl_typesupport_introspection_c.dir/rosidl_typesupport_introspection_c/champ_msgs/msg/detail/joints__type_support.c.o[0m
[3.534s] [ 66%] [32mBuilding C object CMakeFiles/champ_msgs__rosidl_typesupport_introspection_c.dir/rosidl_typesupport_introspection_c/champ_msgs/msg/detail/contacts__type_support.c.o[0m
[3.542s] [ 67%] [32mBuilding CXX object CMakeFiles/champ_msgs__rosidl_typesupport_fastrtps_cpp.dir/rosidl_typesupport_fastrtps_cpp/champ_msgs/msg/detail/dds_fastrtps/pose__type_support.cpp.o[0m
[3.579s] [ 68%] [32mBuilding C object CMakeFiles/champ_msgs__rosidl_typesupport_introspection_c.dir/rosidl_typesupport_introspection_c/champ_msgs/msg/detail/contacts_stamped__type_support.c.o[0m
[3.584s] [ 69%] [32mBuilding C object CMakeFiles/champ_msgs__rosidl_typesupport_introspection_c.dir/rosidl_typesupport_introspection_c/champ_msgs/msg/detail/pose__type_support.c.o[0m
[3.596s] [ 70%] [32mBuilding CXX object CMakeFiles/champ_msgs__rosidl_typesupport_fastrtps_c.dir/rosidl_typesupport_fastrtps_c/champ_msgs/msg/detail/pid__type_support_c.cpp.o[0m
[3.598s] [ 71%] [32mBuilding CXX object CMakeFiles/champ_msgs__rosidl_typesupport_fastrtps_c.dir/rosidl_typesupport_fastrtps_c/champ_msgs/msg/detail/imu__type_support_c.cpp.o[0m
[3.623s] [ 72%] [32mBuilding CXX object CMakeFiles/champ_msgs__rosidl_typesupport_fastrtps_c.dir/rosidl_typesupport_fastrtps_c/champ_msgs/msg/detail/point_array__type_support_c.cpp.o[0m
[3.637s] [ 73%] [32mBuilding CXX object CMakeFiles/champ_msgs__rosidl_typesupport_fastrtps_c.dir/rosidl_typesupport_fastrtps_c/champ_msgs/msg/detail/point__type_support_c.cpp.o[0m
[3.650s] [ 74%] [32m[1mLinking C shared library libchamp_msgs__rosidl_typesupport_introspection_c.so[0m
[3.697s] [ 75%] [32mBuilding CXX object CMakeFiles/champ_msgs__rosidl_typesupport_fastrtps_c.dir/rosidl_typesupport_fastrtps_c/champ_msgs/msg/detail/joints__type_support_c.cpp.o[0m
[3.763s] [ 76%] [32mBuilding CXX object CMakeFiles/champ_msgs__rosidl_typesupport_fastrtps_c.dir/rosidl_typesupport_fastrtps_c/champ_msgs/msg/detail/contacts__type_support_c.cpp.o[0m
[3.772s] [ 77%] [32mBuilding CXX object CMakeFiles/champ_msgs__rosidl_typesupport_fastrtps_c.dir/rosidl_typesupport_fastrtps_c/champ_msgs/msg/detail/contacts_stamped__type_support_c.cpp.o[0m
[3.779s] [ 77%] Built target champ_msgs__rosidl_typesupport_introspection_c
[3.816s] [ 78%] [32mBuilding CXX object CMakeFiles/champ_msgs__rosidl_typesupport_fastrtps_c.dir/rosidl_typesupport_fastrtps_c/champ_msgs/msg/detail/pose__type_support_c.cpp.o[0m
[4.013s] [ 80%] [32m[1mLinking CXX shared library libchamp_msgs__rosidl_typesupport_introspection_cpp.so[0m
[4.107s] [ 80%] Built target champ_msgs__rosidl_typesupport_introspection_cpp
[4.134s] [ 81%] [32m[1mLinking CXX shared library libchamp_msgs__rosidl_typesupport_fastrtps_cpp.so[0m
[4.135s] [ 82%] [32m[1mLinking CXX shared library libchamp_msgs__rosidl_typesupport_fastrtps_c.so[0m
[4.222s] [ 82%] Built target champ_msgs__rosidl_typesupport_fastrtps_c
[4.225s] [ 82%] Built target champ_msgs__rosidl_typesupport_fastrtps_cpp
[4.240s] [ 82%] Built target champ_msgs
[4.257s] [ 83%] [34m[1mGenerating Python code for ROS interfaces[0m
[4.769s] [ 83%] Built target champ_msgs__py
[4.782s] [ 85%] [32mBuilding C object CMakeFiles/champ_msgs__rosidl_generator_py.dir/rosidl_generator_py/champ_msgs/msg/_point_s.c.o[0m
[4.782s] [ 86%] [32mBuilding C object CMakeFiles/champ_msgs__rosidl_generator_py.dir/rosidl_generator_py/champ_msgs/msg/_contacts_stamped_s.c.o[0m
[4.782s] [ 86%] [32mBuilding C object CMakeFiles/champ_msgs__rosidl_generator_py.dir/rosidl_generator_py/champ_msgs/msg/_pid_s.c.o[0m
[4.783s] [ 87%] [32mBuilding C object CMakeFiles/champ_msgs__rosidl_generator_py.dir/rosidl_generator_py/champ_msgs/msg/_velocities_s.c.o[0m
[4.783s] [ 88%] [32mBuilding C object CMakeFiles/champ_msgs__rosidl_generator_py.dir/rosidl_generator_py/champ_msgs/msg/_imu_s.c.o[0m
[4.784s] [ 89%] [32mBuilding C object CMakeFiles/champ_msgs__rosidl_generator_py.dir/rosidl_generator_py/champ_msgs/msg/_point_array_s.c.o[0m
[4.784s] [ 90%] [32mBuilding C object CMakeFiles/champ_msgs__rosidl_generator_py.dir/rosidl_generator_py/champ_msgs/msg/_pose_s.c.o[0m
[4.785s] [ 92%] [32mBuilding C object CMakeFiles/champ_msgs__rosidl_generator_py.dir/rosidl_generator_py/champ_msgs/msg/_joints_s.c.o[0m
[4.785s] [ 92%] [32mBuilding C object CMakeFiles/champ_msgs__rosidl_generator_py.dir/rosidl_generator_py/champ_msgs/msg/_contacts_s.c.o[0m
[4.872s] [ 93%] [32m[1mLinking C shared library rosidl_generator_py/champ_msgs/libchamp_msgs__rosidl_generator_py.so[0m
[4.900s] [ 93%] Built target champ_msgs__rosidl_generator_py
[4.914s] [ 96%] [32mBuilding C object CMakeFiles/champ_msgs__rosidl_typesupport_c__pyext.dir/rosidl_generator_py/champ_msgs/_champ_msgs_s.ep.rosidl_typesupport_c.c.o[0m
[4.914s] [ 96%] [32mBuilding C object CMakeFiles/champ_msgs__rosidl_typesupport_introspection_c__pyext.dir/rosidl_generator_py/champ_msgs/_champ_msgs_s.ep.rosidl_typesupport_introspection_c.c.o[0m
[4.914s] [ 96%] [32mBuilding C object CMakeFiles/champ_msgs__rosidl_typesupport_fastrtps_c__pyext.dir/rosidl_generator_py/champ_msgs/_champ_msgs_s.ep.rosidl_typesupport_fastrtps_c.c.o[0m
[4.984s] [ 98%] [32m[1mLinking C shared library rosidl_generator_py/champ_msgs/champ_msgs_s__rosidl_typesupport_fastrtps_c.cpython-310-x86_64-linux-gnu.so[0m
[4.984s] [ 98%] [32m[1mLinking C shared library rosidl_generator_py/champ_msgs/champ_msgs_s__rosidl_typesupport_c.cpython-310-x86_64-linux-gnu.so[0m
[4.988s] [100%] [32m[1mLinking C shared library rosidl_generator_py/champ_msgs/champ_msgs_s__rosidl_typesupport_introspection_c.cpython-310-x86_64-linux-gnu.so[0m
[5.008s] [100%] Built target champ_msgs__rosidl_typesupport_fastrtps_c__pyext
[5.009s] [100%] Built target champ_msgs__rosidl_typesupport_c__pyext
[5.013s] [100%] Built target champ_msgs__rosidl_typesupport_introspection_c__pyext
[5.020s] Invoked command in '/home/riboha/ros2_ws/src/build/champ_msgs' returned '0': CMAKE_PREFIX_PATH=${CMAKE_PREFIX_PATH}:/home/riboha/ros2_ws/install/mini_pupper_control:/home/riboha/ros2_ws/install/actions:/home/riboha/turtle/install/turtlebot3_teleop:/home/riboha/turtle/install/turtlebot3_example:/home/riboha/colcon_ws/install/ros_tcp_endpoint:/opt/ros/humble /usr/bin/cmake --build /home/riboha/ros2_ws/src/build/champ_msgs -- -j16 -l16
[5.134s] Invoking command in '/home/riboha/ros2_ws/src/build/champ_msgs': CMAKE_PREFIX_PATH=${CMAKE_PREFIX_PATH}:/home/riboha/ros2_ws/install/mini_pupper_control:/home/riboha/ros2_ws/install/actions:/home/riboha/turtle/install/turtlebot3_teleop:/home/riboha/turtle/install/turtlebot3_example:/home/riboha/colcon_ws/install/ros_tcp_endpoint:/opt/ros/humble /usr/bin/cmake --install /home/riboha/ros2_ws/src/build/champ_msgs
[5.140s] -- Install configuration: ""
[5.140s] -- Installing: /home/riboha/ros2_ws/src/install/champ_msgs/share/ament_index/resource_index/rosidl_interfaces/champ_msgs
[5.140s] -- Installing: /home/riboha/ros2_ws/src/install/champ_msgs/include/champ_msgs/champ_msgs
[5.140s] -- Installing: /home/riboha/ros2_ws/src/install/champ_msgs/include/champ_msgs/champ_msgs/msg
[5.140s] -- Installing: /home/riboha/ros2_ws/src/install/champ_msgs/include/champ_msgs/champ_msgs/msg/rosidl_generator_c__visibility_control.h
[5.140s] -- Installing: /home/riboha/ros2_ws/src/install/champ_msgs/include/champ_msgs/champ_msgs/msg/imu.h
[5.140s] -- Installing: /home/riboha/ros2_ws/src/install/champ_msgs/include/champ_msgs/champ_msgs/msg/detail
[5.140s] -- Installing: /home/riboha/ros2_ws/src/install/champ_msgs/include/champ_msgs/champ_msgs/msg/detail/pid__struct.h
[5.140s] -- Installing: /home/riboha/ros2_ws/src/install/champ_msgs/include/champ_msgs/champ_msgs/msg/detail/imu__type_support.h
[5.140s] -- Installing: /home/riboha/ros2_ws/src/install/champ_msgs/include/champ_msgs/champ_msgs/msg/detail/contacts__struct.h
[5.140s] -- Installing: /home/riboha/ros2_ws/src/install/champ_msgs/include/champ_msgs/champ_msgs/msg/detail/contacts_stamped__functions.h
[5.140s] -- Installing: /home/riboha/ros2_ws/src/install/champ_msgs/include/champ_msgs/champ_msgs/msg/detail/point__type_support.h
[5.140s] -- Installing: /home/riboha/ros2_ws/src/install/champ_msgs/include/champ_msgs/champ_msgs/msg/detail/imu__struct.h
[5.140s] -- Installing: /home/riboha/ros2_ws/src/install/champ_msgs/include/champ_msgs/champ_msgs/msg/detail/point_array__type_support.h
[5.140s] -- Installing: /home/riboha/ros2_ws/src/install/champ_msgs/include/champ_msgs/champ_msgs/msg/detail/point__functions.h
[5.140s] -- Installing: /home/riboha/ros2_ws/src/install/champ_msgs/include/champ_msgs/champ_msgs/msg/detail/pose__type_support.h
[5.141s] -- Installing: /home/riboha/ros2_ws/src/install/champ_msgs/include/champ_msgs/champ_msgs/msg/detail/contacts__functions.c
[5.141s] -- Installing: /home/riboha/ros2_ws/src/install/champ_msgs/include/champ_msgs/champ_msgs/msg/detail/pid__functions.h
[5.141s] -- Installing: /home/riboha/ros2_ws/src/install/champ_msgs/include/champ_msgs/champ_msgs/msg/detail/joints__functions.c
[5.141s] -- Installing: /home/riboha/ros2_ws/src/install/champ_msgs/include/champ_msgs/champ_msgs/msg/detail/contacts_stamped__struct.h
[5.141s] -- Installing: /home/riboha/ros2_ws/src/install/champ_msgs/include/champ_msgs/champ_msgs/msg/detail/velocities__struct.h
[5.141s] -- Installing: /home/riboha/ros2_ws/src/install/champ_msgs/include/champ_msgs/champ_msgs/msg/detail/contacts_stamped__functions.c
[5.141s] -- Installing: /home/riboha/ros2_ws/src/install/champ_msgs/include/champ_msgs/champ_msgs/msg/detail/velocities__type_support.h
[5.141s] -- Installing: /home/riboha/ros2_ws/src/install/champ_msgs/include/champ_msgs/champ_msgs/msg/detail/pose__functions.h
[5.141s] -- Installing: /home/riboha/ros2_ws/src/install/champ_msgs/include/champ_msgs/champ_msgs/msg/detail/point__struct.h
[5.141s] -- Installing: /home/riboha/ros2_ws/src/install/champ_msgs/include/champ_msgs/champ_msgs/msg/detail/imu__functions.h
[5.141s] -- Installing: /home/riboha/ros2_ws/src/install/champ_msgs/include/champ_msgs/champ_msgs/msg/detail/point_array__functions.h
[5.141s] -- Installing: /home/riboha/ros2_ws/src/install/champ_msgs/include/champ_msgs/champ_msgs/msg/detail/pid__functions.c
[5.141s] -- Installing: /home/riboha/ros2_ws/src/install/champ_msgs/include/champ_msgs/champ_msgs/msg/detail/pid__type_support.h
[5.141s] -- Installing: /home/riboha/ros2_ws/src/install/champ_msgs/include/champ_msgs/champ_msgs/msg/detail/velocities__functions.h
[5.141s] -- Installing: /home/riboha/ros2_ws/src/install/champ_msgs/include/champ_msgs/champ_msgs/msg/detail/joints__functions.h
[5.141s] -- Installing: /home/riboha/ros2_ws/src/install/champ_msgs/include/champ_msgs/champ_msgs/msg/detail/pose__struct.h
[5.141s] -- Installing: /home/riboha/ros2_ws/src/install/champ_msgs/include/champ_msgs/champ_msgs/msg/detail/contacts__functions.h
[5.141s] -- Installing: /home/riboha/ros2_ws/src/install/champ_msgs/include/champ_msgs/champ_msgs/msg/detail/pose__functions.c
[5.141s] -- Installing: /home/riboha/ros2_ws/src/install/champ_msgs/include/champ_msgs/champ_msgs/msg/detail/contacts__type_support.h
[5.141s] -- Installing: /home/riboha/ros2_ws/src/install/champ_msgs/include/champ_msgs/champ_msgs/msg/detail/point_array__functions.c
[5.141s] -- Installing: /home/riboha/ros2_ws/src/install/champ_msgs/include/champ_msgs/champ_msgs/msg/detail/joints__struct.h
[5.141s] -- Installing: /home/riboha/ros2_ws/src/install/champ_msgs/include/champ_msgs/champ_msgs/msg/detail/point_array__struct.h
[5.141s] -- Installing: /home/riboha/ros2_ws/src/install/champ_msgs/include/champ_msgs/champ_msgs/msg/detail/point__functions.c
[5.141s] -- Installing: /home/riboha/ros2_ws/src/install/champ_msgs/include/champ_msgs/champ_msgs/msg/detail/velocities__functions.c
[5.141s] -- Installing: /home/riboha/ros2_ws/src/install/champ_msgs/include/champ_msgs/champ_msgs/msg/detail/contacts_stamped__type_support.h
[5.141s] -- Installing: /home/riboha/ros2_ws/src/install/champ_msgs/include/champ_msgs/champ_msgs/msg/detail/joints__type_support.h
[5.141s] -- Installing: /home/riboha/ros2_ws/src/install/champ_msgs/include/champ_msgs/champ_msgs/msg/detail/imu__functions.c
[5.141s] -- Installing: /home/riboha/ros2_ws/src/install/champ_msgs/include/champ_msgs/champ_msgs/msg/point.h
[5.141s] -- Installing: /home/riboha/ros2_ws/src/install/champ_msgs/include/champ_msgs/champ_msgs/msg/contacts_stamped.h
[5.142s] -- Installing: /home/riboha/ros2_ws/src/install/champ_msgs/include/champ_msgs/champ_msgs/msg/pid.h
[5.142s] -- Installing: /home/riboha/ros2_ws/src/install/champ_msgs/include/champ_msgs/champ_msgs/msg/contacts.h
[5.142s] -- Installing: /home/riboha/ros2_ws/src/install/champ_msgs/include/champ_msgs/champ_msgs/msg/velocities.h
[5.142s] -- Installing: /home/riboha/ros2_ws/src/install/champ_msgs/include/champ_msgs/champ_msgs/msg/pose.h
[5.142s] -- Installing: /home/riboha/ros2_ws/src/install/champ_msgs/include/champ_msgs/champ_msgs/msg/joints.h
[5.142s] -- Installing: /home/riboha/ros2_ws/src/install/champ_msgs/include/champ_msgs/champ_msgs/msg/point_array.h
[5.142s] -- Installing: /home/riboha/ros2_ws/src/install/champ_msgs/share/champ_msgs/environment/library_path.sh
[5.142s] -- Installing: /home/riboha/ros2_ws/src/install/champ_msgs/share/champ_msgs/environment/library_path.dsv
[5.142s] -- Installing: /home/riboha/ros2_ws/src/install/champ_msgs/lib/libchamp_msgs__rosidl_generator_c.so
[5.142s] -- Set runtime path of "/home/riboha/ros2_ws/src/install/champ_msgs/lib/libchamp_msgs__rosidl_generator_c.so" to ""
[5.142s] -- Up-to-date: /home/riboha/ros2_ws/src/install/champ_msgs/include/champ_msgs/champ_msgs
[5.142s] -- Up-to-date: /home/riboha/ros2_ws/src/install/champ_msgs/include/champ_msgs/champ_msgs/msg
[5.142s] -- Up-to-date: /home/riboha/ros2_ws/src/install/champ_msgs/include/champ_msgs/champ_msgs/msg/detail
[5.142s] -- Installing: /home/riboha/ros2_ws/src/install/champ_msgs/include/champ_msgs/champ_msgs/msg/detail/contacts__rosidl_typesupport_fastrtps_c.h
[5.142s] -- Installing: /home/riboha/ros2_ws/src/install/champ_msgs/include/champ_msgs/champ_msgs/msg/detail/point__rosidl_typesupport_fastrtps_c.h
[5.142s] -- Installing: /home/riboha/ros2_ws/src/install/champ_msgs/include/champ_msgs/champ_msgs/msg/detail/pose__rosidl_typesupport_fastrtps_c.h
[5.142s] -- Installing: /home/riboha/ros2_ws/src/install/champ_msgs/include/champ_msgs/champ_msgs/msg/detail/velocities__rosidl_typesupport_fastrtps_c.h
[5.142s] -- Installing: /home/riboha/ros2_ws/src/install/champ_msgs/include/champ_msgs/champ_msgs/msg/detail/joints__rosidl_typesupport_fastrtps_c.h
[5.142s] -- Installing: /home/riboha/ros2_ws/src/install/champ_msgs/include/champ_msgs/champ_msgs/msg/detail/contacts_stamped__rosidl_typesupport_fastrtps_c.h
[5.142s] -- Installing: /home/riboha/ros2_ws/src/install/champ_msgs/include/champ_msgs/champ_msgs/msg/detail/pid__rosidl_typesupport_fastrtps_c.h
[5.142s] -- Installing: /home/riboha/ros2_ws/src/install/champ_msgs/include/champ_msgs/champ_msgs/msg/detail/imu__rosidl_typesupport_fastrtps_c.h
[5.142s] -- Installing: /home/riboha/ros2_ws/src/install/champ_msgs/include/champ_msgs/champ_msgs/msg/detail/point_array__rosidl_typesupport_fastrtps_c.h
[5.142s] -- Installing: /home/riboha/ros2_ws/src/install/champ_msgs/include/champ_msgs/champ_msgs/msg/rosidl_typesupport_fastrtps_c__visibility_control.h
[5.142s] -- Installing: /home/riboha/ros2_ws/src/install/champ_msgs/lib/libchamp_msgs__rosidl_typesupport_fastrtps_c.so
[5.142s] -- Set runtime path of "/home/riboha/ros2_ws/src/install/champ_msgs/lib/libchamp_msgs__rosidl_typesupport_fastrtps_c.so" to ""
[5.142s] -- Up-to-date: /home/riboha/ros2_ws/src/install/champ_msgs/include/champ_msgs/champ_msgs
[5.143s] -- Up-to-date: /home/riboha/ros2_ws/src/install/champ_msgs/include/champ_msgs/champ_msgs/msg
[5.143s] -- Up-to-date: /home/riboha/ros2_ws/src/install/champ_msgs/include/champ_msgs/champ_msgs/msg/detail
[5.143s] -- Installing: /home/riboha/ros2_ws/src/install/champ_msgs/include/champ_msgs/champ_msgs/msg/detail/velocities__rosidl_typesupport_introspection_c.h
[5.143s] -- Installing: /home/riboha/ros2_ws/src/install/champ_msgs/include/champ_msgs/champ_msgs/msg/detail/pid__type_support.c
[5.143s] -- Installing: /home/riboha/ros2_ws/src/install/champ_msgs/include/champ_msgs/champ_msgs/msg/detail/pose__type_support.c
[5.143s] -- Installing: /home/riboha/ros2_ws/src/install/champ_msgs/include/champ_msgs/champ_msgs/msg/detail/velocities__type_support.c
[5.143s] -- Installing: /home/riboha/ros2_ws/src/install/champ_msgs/include/champ_msgs/champ_msgs/msg/detail/contacts_stamped__type_support.c
[5.143s] -- Installing: /home/riboha/ros2_ws/src/install/champ_msgs/include/champ_msgs/champ_msgs/msg/detail/point__type_support.c
[5.143s] -- Installing: /home/riboha/ros2_ws/src/install/champ_msgs/include/champ_msgs/champ_msgs/msg/detail/contacts_stamped__rosidl_typesupport_introspection_c.h
[5.143s] -- Installing: /home/riboha/ros2_ws/src/install/champ_msgs/include/champ_msgs/champ_msgs/msg/detail/point_array__rosidl_typesupport_introspection_c.h
[5.143s] -- Installing: /home/riboha/ros2_ws/src/install/champ_msgs/include/champ_msgs/champ_msgs/msg/detail/joints__type_support.c
[5.143s] -- Installing: /home/riboha/ros2_ws/src/install/champ_msgs/include/champ_msgs/champ_msgs/msg/detail/imu__type_support.c
[5.143s] -- Installing: /home/riboha/ros2_ws/src/install/champ_msgs/include/champ_msgs/champ_msgs/msg/detail/pose__rosidl_typesupport_introspection_c.h
[5.143s] -- Installing: /home/riboha/ros2_ws/src/install/champ_msgs/include/champ_msgs/champ_msgs/msg/detail/pid__rosidl_typesupport_introspection_c.h
[5.143s] -- Installing: /home/riboha/ros2_ws/src/install/champ_msgs/include/champ_msgs/champ_msgs/msg/detail/contacts__type_support.c
[5.143s] -- Installing: /home/riboha/ros2_ws/src/install/champ_msgs/include/champ_msgs/champ_msgs/msg/detail/point_array__type_support.c
[5.143s] -- Installing: /home/riboha/ros2_ws/src/install/champ_msgs/include/champ_msgs/champ_msgs/msg/detail/point__rosidl_typesupport_introspection_c.h
[5.143s] -- Installing: /home/riboha/ros2_ws/src/install/champ_msgs/include/champ_msgs/champ_msgs/msg/detail/contacts__rosidl_typesupport_introspection_c.h
[5.143s] -- Installing: /home/riboha/ros2_ws/src/install/champ_msgs/include/champ_msgs/champ_msgs/msg/detail/joints__rosidl_typesupport_introspection_c.h
[5.143s] -- Installing: /home/riboha/ros2_ws/src/install/champ_msgs/include/champ_msgs/champ_msgs/msg/detail/imu__rosidl_typesupport_introspection_c.h
[5.143s] -- Installing: /home/riboha/ros2_ws/src/install/champ_msgs/include/champ_msgs/champ_msgs/msg/rosidl_typesupport_introspection_c__visibility_control.h
[5.143s] -- Installing: /home/riboha/ros2_ws/src/install/champ_msgs/lib/libchamp_msgs__rosidl_typesupport_introspection_c.so
[5.143s] -- Set runtime path of "/home/riboha/ros2_ws/src/install/champ_msgs/lib/libchamp_msgs__rosidl_typesupport_introspection_c.so" to ""
[5.143s] -- Installing: /home/riboha/ros2_ws/src/install/champ_msgs/lib/libchamp_msgs__rosidl_typesupport_c.so
[5.144s] -- Set runtime path of "/home/riboha/ros2_ws/src/install/champ_msgs/lib/libchamp_msgs__rosidl_typesupport_c.so" to ""
[5.144s] -- Up-to-date: /home/riboha/ros2_ws/src/install/champ_msgs/include/champ_msgs/champ_msgs
[5.144s] -- Up-to-date: /home/riboha/ros2_ws/src/install/champ_msgs/include/champ_msgs/champ_msgs/msg
[5.144s] -- Installing: /home/riboha/ros2_ws/src/install/champ_msgs/include/champ_msgs/champ_msgs/msg/joints.hpp
[5.144s] -- Installing: /home/riboha/ros2_ws/src/install/champ_msgs/include/champ_msgs/champ_msgs/msg/velocities.hpp
[5.144s] -- Installing: /home/riboha/ros2_ws/src/install/champ_msgs/include/champ_msgs/champ_msgs/msg/point.hpp
[5.144s] -- Up-to-date: /home/riboha/ros2_ws/src/install/champ_msgs/include/champ_msgs/champ_msgs/msg/detail
[5.144s] -- Installing: /home/riboha/ros2_ws/src/install/champ_msgs/include/champ_msgs/champ_msgs/msg/detail/velocities__traits.hpp
[5.144s] -- Installing: /home/riboha/ros2_ws/src/install/champ_msgs/include/champ_msgs/champ_msgs/msg/detail/contacts_stamped__traits.hpp
[5.144s] -- Installing: /home/riboha/ros2_ws/src/install/champ_msgs/include/champ_msgs/champ_msgs/msg/detail/pid__builder.hpp
[5.144s] -- Installing: /home/riboha/ros2_ws/src/install/champ_msgs/include/champ_msgs/champ_msgs/msg/detail/pid__struct.hpp
[5.144s] -- Installing: /home/riboha/ros2_ws/src/install/champ_msgs/include/champ_msgs/champ_msgs/msg/detail/pose__struct.hpp
[5.144s] -- Installing: /home/riboha/ros2_ws/src/install/champ_msgs/include/champ_msgs/champ_msgs/msg/detail/point_array__traits.hpp
[5.144s] -- Installing: /home/riboha/ros2_ws/src/install/champ_msgs/include/champ_msgs/champ_msgs/msg/detail/point__builder.hpp
[5.144s] -- Installing: /home/riboha/ros2_ws/src/install/champ_msgs/include/champ_msgs/champ_msgs/msg/detail/point_array__struct.hpp
[5.144s] -- Installing: /home/riboha/ros2_ws/src/install/champ_msgs/include/champ_msgs/champ_msgs/msg/detail/point__traits.hpp
[5.144s] -- Installing: /home/riboha/ros2_ws/src/install/champ_msgs/include/champ_msgs/champ_msgs/msg/detail/contacts_stamped__struct.hpp
[5.144s] -- Installing: /home/riboha/ros2_ws/src/install/champ_msgs/include/champ_msgs/champ_msgs/msg/detail/pose__traits.hpp
[5.144s] -- Installing: /home/riboha/ros2_ws/src/install/champ_msgs/include/champ_msgs/champ_msgs/msg/detail/imu__struct.hpp
[5.144s] -- Installing: /home/riboha/ros2_ws/src/install/champ_msgs/include/champ_msgs/champ_msgs/msg/detail/imu__builder.hpp
[5.144s] -- Installing: /home/riboha/ros2_ws/src/install/champ_msgs/include/champ_msgs/champ_msgs/msg/detail/joints__builder.hpp
[5.145s] -- Installing: /home/riboha/ros2_ws/src/install/champ_msgs/include/champ_msgs/champ_msgs/msg/detail/point__struct.hpp
[5.145s] -- Installing: /home/riboha/ros2_ws/src/install/champ_msgs/include/champ_msgs/champ_msgs/msg/detail/velocities__struct.hpp
[5.145s] -- Installing: /home/riboha/ros2_ws/src/install/champ_msgs/include/champ_msgs/champ_msgs/msg/detail/contacts_stamped__builder.hpp
[5.145s] -- Installing: /home/riboha/ros2_ws/src/install/champ_msgs/include/champ_msgs/champ_msgs/msg/detail/contacts__builder.hpp
[5.145s] -- Installing: /home/riboha/ros2_ws/src/install/champ_msgs/include/champ_msgs/champ_msgs/msg/detail/contacts__traits.hpp
[5.145s] -- Installing: /home/riboha/ros2_ws/src/install/champ_msgs/include/champ_msgs/champ_msgs/msg/detail/pid__traits.hpp
[5.145s] -- Installing: /home/riboha/ros2_ws/src/install/champ_msgs/include/champ_msgs/champ_msgs/msg/detail/imu__traits.hpp
[5.145s] -- Installing: /home/riboha/ros2_ws/src/install/champ_msgs/include/champ_msgs/champ_msgs/msg/detail/contacts__struct.hpp
[5.145s] -- Installing: /home/riboha/ros2_ws/src/install/champ_msgs/include/champ_msgs/champ_msgs/msg/detail/joints__struct.hpp
[5.145s] -- Installing: /home/riboha/ros2_ws/src/install/champ_msgs/include/champ_msgs/champ_msgs/msg/detail/point_array__builder.hpp
[5.145s] -- Installing: /home/riboha/ros2_ws/src/install/champ_msgs/include/champ_msgs/champ_msgs/msg/detail/joints__traits.hpp
[5.145s] -- Installing: /home/riboha/ros2_ws/src/install/champ_msgs/include/champ_msgs/champ_msgs/msg/detail/pose__builder.hpp
[5.145s] -- Installing: /home/riboha/ros2_ws/src/install/champ_msgs/include/champ_msgs/champ_msgs/msg/detail/velocities__builder.hpp
[5.146s] -- Installing: /home/riboha/ros2_ws/src/install/champ_msgs/include/champ_msgs/champ_msgs/msg/pose.hpp
[5.146s] -- Installing: /home/riboha/ros2_ws/src/install/champ_msgs/include/champ_msgs/champ_msgs/msg/contacts.hpp
[5.146s] -- Installing: /home/riboha/ros2_ws/src/install/champ_msgs/include/champ_msgs/champ_msgs/msg/contacts_stamped.hpp
[5.146s] -- Installing: /home/riboha/ros2_ws/src/install/champ_msgs/include/champ_msgs/champ_msgs/msg/point_array.hpp
[5.146s] -- Installing: /home/riboha/ros2_ws/src/install/champ_msgs/include/champ_msgs/champ_msgs/msg/imu.hpp
[5.146s] -- Installing: /home/riboha/ros2_ws/src/install/champ_msgs/include/champ_msgs/champ_msgs/msg/pid.hpp
[5.146s] -- Up-to-date: /home/riboha/ros2_ws/src/install/champ_msgs/include/champ_msgs/champ_msgs
[5.146s] -- Up-to-date: /home/riboha/ros2_ws/src/install/champ_msgs/include/champ_msgs/champ_msgs/msg
[5.146s] -- Up-to-date: /home/riboha/ros2_ws/src/install/champ_msgs/include/champ_msgs/champ_msgs/msg/detail
[5.146s] -- Installing: /home/riboha/ros2_ws/src/install/champ_msgs/include/champ_msgs/champ_msgs/msg/detail/velocities__rosidl_typesupport_fastrtps_cpp.hpp
[5.146s] -- Installing: /home/riboha/ros2_ws/src/install/champ_msgs/include/champ_msgs/champ_msgs/msg/detail/pid__rosidl_typesupport_fastrtps_cpp.hpp
[5.146s] -- Installing: /home/riboha/ros2_ws/src/install/champ_msgs/include/champ_msgs/champ_msgs/msg/detail/contacts_stamped__rosidl_typesupport_fastrtps_cpp.hpp
[5.146s] -- Installing: /home/riboha/ros2_ws/src/install/champ_msgs/include/champ_msgs/champ_msgs/msg/detail/point__rosidl_typesupport_fastrtps_cpp.hpp
[5.146s] -- Installing: /home/riboha/ros2_ws/src/install/champ_msgs/include/champ_msgs/champ_msgs/msg/detail/imu__rosidl_typesupport_fastrtps_cpp.hpp
[5.146s] -- Installing: /home/riboha/ros2_ws/src/install/champ_msgs/include/champ_msgs/champ_msgs/msg/detail/contacts__rosidl_typesupport_fastrtps_cpp.hpp
[5.146s] -- Installing: /home/riboha/ros2_ws/src/install/champ_msgs/include/champ_msgs/champ_msgs/msg/detail/pose__rosidl_typesupport_fastrtps_cpp.hpp
[5.146s] -- Installing: /home/riboha/ros2_ws/src/install/champ_msgs/include/champ_msgs/champ_msgs/msg/detail/dds_fastrtps
[5.146s] -- Installing: /home/riboha/ros2_ws/src/install/champ_msgs/include/champ_msgs/champ_msgs/msg/detail/joints__rosidl_typesupport_fastrtps_cpp.hpp
[5.146s] -- Installing: /home/riboha/ros2_ws/src/install/champ_msgs/include/champ_msgs/champ_msgs/msg/detail/point_array__rosidl_typesupport_fastrtps_cpp.hpp
[5.146s] -- Installing: /home/riboha/ros2_ws/src/install/champ_msgs/include/champ_msgs/champ_msgs/msg/rosidl_typesupport_fastrtps_cpp__visibility_control.h
[5.146s] -- Installing: /home/riboha/ros2_ws/src/install/champ_msgs/lib/libchamp_msgs__rosidl_typesupport_fastrtps_cpp.so
[5.146s] -- Set runtime path of "/home/riboha/ros2_ws/src/install/champ_msgs/lib/libchamp_msgs__rosidl_typesupport_fastrtps_cpp.so" to ""
[5.146s] -- Up-to-date: /home/riboha/ros2_ws/src/install/champ_msgs/include/champ_msgs/champ_msgs
[5.146s] -- Up-to-date: /home/riboha/ros2_ws/src/install/champ_msgs/include/champ_msgs/champ_msgs/msg
[5.146s] -- Up-to-date: /home/riboha/ros2_ws/src/install/champ_msgs/include/champ_msgs/champ_msgs/msg/detail
[5.146s] -- Installing: /home/riboha/ros2_ws/src/install/champ_msgs/include/champ_msgs/champ_msgs/msg/detail/velocities__rosidl_typesupport_introspection_cpp.hpp
[5.146s] -- Installing: /home/riboha/ros2_ws/src/install/champ_msgs/include/champ_msgs/champ_msgs/msg/detail/contacts__rosidl_typesupport_introspection_cpp.hpp
[5.146s] -- Installing: /home/riboha/ros2_ws/src/install/champ_msgs/include/champ_msgs/champ_msgs/msg/detail/pose__type_support.cpp
[5.146s] -- Installing: /home/riboha/ros2_ws/src/install/champ_msgs/include/champ_msgs/champ_msgs/msg/detail/velocities__type_support.cpp
[5.146s] -- Installing: /home/riboha/ros2_ws/src/install/champ_msgs/include/champ_msgs/champ_msgs/msg/detail/contacts_stamped__type_support.cpp
[5.147s] -- Installing: /home/riboha/ros2_ws/src/install/champ_msgs/include/champ_msgs/champ_msgs/msg/detail/joints__rosidl_typesupport_introspection_cpp.hpp
[5.147s] -- Installing: /home/riboha/ros2_ws/src/install/champ_msgs/include/champ_msgs/champ_msgs/msg/detail/imu__type_support.cpp
[5.147s] -- Installing: /home/riboha/ros2_ws/src/install/champ_msgs/include/champ_msgs/champ_msgs/msg/detail/pid__type_support.cpp
[5.147s] -- Installing: /home/riboha/ros2_ws/src/install/champ_msgs/include/champ_msgs/champ_msgs/msg/detail/contacts__type_support.cpp
[5.147s] -- Installing: /home/riboha/ros2_ws/src/install/champ_msgs/include/champ_msgs/champ_msgs/msg/detail/imu__rosidl_typesupport_introspection_cpp.hpp
[5.147s] -- Installing: /home/riboha/ros2_ws/src/install/champ_msgs/include/champ_msgs/champ_msgs/msg/detail/contacts_stamped__rosidl_typesupport_introspection_cpp.hpp
[5.147s] -- Installing: /home/riboha/ros2_ws/src/install/champ_msgs/include/champ_msgs/champ_msgs/msg/detail/point_array__rosidl_typesupport_introspection_cpp.hpp
[5.147s] -- Installing: /home/riboha/ros2_ws/src/install/champ_msgs/include/champ_msgs/champ_msgs/msg/detail/pose__rosidl_typesupport_introspection_cpp.hpp
[5.147s] -- Installing: /home/riboha/ros2_ws/src/install/champ_msgs/include/champ_msgs/champ_msgs/msg/detail/point__type_support.cpp
[5.147s] -- Installing: /home/riboha/ros2_ws/src/install/champ_msgs/include/champ_msgs/champ_msgs/msg/detail/pid__rosidl_typesupport_introspection_cpp.hpp
[5.147s] -- Installing: /home/riboha/ros2_ws/src/install/champ_msgs/include/champ_msgs/champ_msgs/msg/detail/point__rosidl_typesupport_introspection_cpp.hpp
[5.147s] -- Installing: /home/riboha/ros2_ws/src/install/champ_msgs/include/champ_msgs/champ_msgs/msg/detail/joints__type_support.cpp
[5.147s] -- Installing: /home/riboha/ros2_ws/src/install/champ_msgs/include/champ_msgs/champ_msgs/msg/detail/point_array__type_support.cpp
[5.147s] -- Installing: /home/riboha/ros2_ws/src/install/champ_msgs/lib/libchamp_msgs__rosidl_typesupport_introspection_cpp.so
[5.147s] -- Set runtime path of "/home/riboha/ros2_ws/src/install/champ_msgs/lib/libchamp_msgs__rosidl_typesupport_introspection_cpp.so" to ""
[5.147s] -- Installing: /home/riboha/ros2_ws/src/install/champ_msgs/lib/libchamp_msgs__rosidl_typesupport_cpp.so
[5.147s] -- Set runtime path of "/home/riboha/ros2_ws/src/install/champ_msgs/lib/libchamp_msgs__rosidl_typesupport_cpp.so" to ""
[5.147s] -- Installing: /home/riboha/ros2_ws/src/install/champ_msgs/share/champ_msgs/environment/pythonpath.sh
[5.147s] -- Installing: /home/riboha/ros2_ws/src/install/champ_msgs/share/champ_msgs/environment/pythonpath.dsv
[5.147s] -- Installing: /home/riboha/ros2_ws/src/install/champ_msgs/local/lib/python3.10/dist-packages/champ_msgs-0.1.0-py3.10.egg-info
[5.147s] -- Installing: /home/riboha/ros2_ws/src/install/champ_msgs/local/lib/python3.10/dist-packages/champ_msgs-0.1.0-py3.10.egg-info/top_level.txt
[5.147s] -- Installing: /home/riboha/ros2_ws/src/install/champ_msgs/local/lib/python3.10/dist-packages/champ_msgs-0.1.0-py3.10.egg-info/PKG-INFO
[5.147s] -- Installing: /home/riboha/ros2_ws/src/install/champ_msgs/local/lib/python3.10/dist-packages/champ_msgs-0.1.0-py3.10.egg-info/SOURCES.txt
[5.147s] -- Installing: /home/riboha/ros2_ws/src/install/champ_msgs/local/lib/python3.10/dist-packages/champ_msgs-0.1.0-py3.10.egg-info/dependency_links.txt
[5.147s] -- Installing: /home/riboha/ros2_ws/src/install/champ_msgs/local/lib/python3.10/dist-packages/champ_msgs
[5.147s] -- Installing: /home/riboha/ros2_ws/src/install/champ_msgs/local/lib/python3.10/dist-packages/champ_msgs/libchamp_msgs__rosidl_generator_py.so
[5.147s] -- Installing: /home/riboha/ros2_ws/src/install/champ_msgs/local/lib/python3.10/dist-packages/champ_msgs/__init__.py
[5.147s] -- Installing: /home/riboha/ros2_ws/src/install/champ_msgs/local/lib/python3.10/dist-packages/champ_msgs/champ_msgs_s__rosidl_typesupport_c.cpython-310-x86_64-linux-gnu.so
[5.147s] -- Installing: /home/riboha/ros2_ws/src/install/champ_msgs/local/lib/python3.10/dist-packages/champ_msgs/_champ_msgs_s.ep.rosidl_typesupport_introspection_c.c
[5.147s] -- Installing: /home/riboha/ros2_ws/src/install/champ_msgs/local/lib/python3.10/dist-packages/champ_msgs/champ_msgs_s__rosidl_typesupport_introspection_c.cpython-310-x86_64-linux-gnu.so
[5.147s] -- Installing: /home/riboha/ros2_ws/src/install/champ_msgs/local/lib/python3.10/dist-packages/champ_msgs/msg
[5.148s] -- Installing: /home/riboha/ros2_ws/src/install/champ_msgs/local/lib/python3.10/dist-packages/champ_msgs/msg/__init__.py
[5.148s] -- Installing: /home/riboha/ros2_ws/src/install/champ_msgs/local/lib/python3.10/dist-packages/champ_msgs/msg/_imu.py
[5.148s] -- Installing: /home/riboha/ros2_ws/src/install/champ_msgs/local/lib/python3.10/dist-packages/champ_msgs/msg/_contacts_stamped_s.c
[5.148s] -- Installing: /home/riboha/ros2_ws/src/install/champ_msgs/local/lib/python3.10/dist-packages/champ_msgs/msg/_pose.py
[5.148s] -- Installing: /home/riboha/ros2_ws/src/install/champ_msgs/local/lib/python3.10/dist-packages/champ_msgs/msg/_point_s.c
[5.148s] -- Installing: /home/riboha/ros2_ws/src/install/champ_msgs/local/lib/python3.10/dist-packages/champ_msgs/msg/_pid.py
[5.148s] -- Installing: /home/riboha/ros2_ws/src/install/champ_msgs/local/lib/python3.10/dist-packages/champ_msgs/msg/_velocities_s.c
[5.148s] -- Installing: /home/riboha/ros2_ws/src/install/champ_msgs/local/lib/python3.10/dist-packages/champ_msgs/msg/_point_array_s.c
[5.148s] -- Installing: /home/riboha/ros2_ws/src/install/champ_msgs/local/lib/python3.10/dist-packages/champ_msgs/msg/_velocities.py
[5.148s] -- Installing: /home/riboha/ros2_ws/src/install/champ_msgs/local/lib/python3.10/dist-packages/champ_msgs/msg/_contacts_s.c
[5.148s] -- Installing: /home/riboha/ros2_ws/src/install/champ_msgs/local/lib/python3.10/dist-packages/champ_msgs/msg/_pose_s.c
[5.148s] -- Installing: /home/riboha/ros2_ws/src/install/champ_msgs/local/lib/python3.10/dist-packages/champ_msgs/msg/_imu_s.c
[5.148s] -- Installing: /home/riboha/ros2_ws/src/install/champ_msgs/local/lib/python3.10/dist-packages/champ_msgs/msg/_joints_s.c
[5.148s] -- Installing: /home/riboha/ros2_ws/src/install/champ_msgs/local/lib/python3.10/dist-packages/champ_msgs/msg/_point_array.py
[5.148s] -- Installing: /home/riboha/ros2_ws/src/install/champ_msgs/local/lib/python3.10/dist-packages/champ_msgs/msg/_point.py
[5.148s] -- Installing: /home/riboha/ros2_ws/src/install/champ_msgs/local/lib/python3.10/dist-packages/champ_msgs/msg/_joints.py
[5.148s] -- Installing: /home/riboha/ros2_ws/src/install/champ_msgs/local/lib/python3.10/dist-packages/champ_msgs/msg/_contacts.py
[5.148s] -- Installing: /home/riboha/ros2_ws/src/install/champ_msgs/local/lib/python3.10/dist-packages/champ_msgs/msg/_contacts_stamped.py
[5.148s] -- Installing: /home/riboha/ros2_ws/src/install/champ_msgs/local/lib/python3.10/dist-packages/champ_msgs/msg/_pid_s.c
[5.148s] -- Installing: /home/riboha/ros2_ws/src/install/champ_msgs/local/lib/python3.10/dist-packages/champ_msgs/champ_msgs_s__rosidl_typesupport_fastrtps_c.cpython-310-x86_64-linux-gnu.so
[5.148s] -- Installing: /home/riboha/ros2_ws/src/install/champ_msgs/local/lib/python3.10/dist-packages/champ_msgs/_champ_msgs_s.ep.rosidl_typesupport_fastrtps_c.c
[5.148s] -- Installing: /home/riboha/ros2_ws/src/install/champ_msgs/local/lib/python3.10/dist-packages/champ_msgs/_champ_msgs_s.ep.rosidl_typesupport_c.c
[5.177s] Listing '/home/riboha/ros2_ws/src/install/champ_msgs/local/lib/python3.10/dist-packages/champ_msgs'...
[5.177s] Compiling '/home/riboha/ros2_ws/src/install/champ_msgs/local/lib/python3.10/dist-packages/champ_msgs/__init__.py'...
[5.178s] Listing '/home/riboha/ros2_ws/src/install/champ_msgs/local/lib/python3.10/dist-packages/champ_msgs/msg'...
[5.178s] Compiling '/home/riboha/ros2_ws/src/install/champ_msgs/local/lib/python3.10/dist-packages/champ_msgs/msg/__init__.py'...
[5.178s] Compiling '/home/riboha/ros2_ws/src/install/champ_msgs/local/lib/python3.10/dist-packages/champ_msgs/msg/_contacts.py'...
[5.178s] Compiling '/home/riboha/ros2_ws/src/install/champ_msgs/local/lib/python3.10/dist-packages/champ_msgs/msg/_contacts_stamped.py'...
[5.178s] Compiling '/home/riboha/ros2_ws/src/install/champ_msgs/local/lib/python3.10/dist-packages/champ_msgs/msg/_imu.py'...
[5.178s] Compiling '/home/riboha/ros2_ws/src/install/champ_msgs/local/lib/python3.10/dist-packages/champ_msgs/msg/_joints.py'...
[5.178s] Compiling '/home/riboha/ros2_ws/src/install/champ_msgs/local/lib/python3.10/dist-packages/champ_msgs/msg/_pid.py'...
[5.178s] Compiling '/home/riboha/ros2_ws/src/install/champ_msgs/local/lib/python3.10/dist-packages/champ_msgs/msg/_point.py'...
[5.178s] Compiling '/home/riboha/ros2_ws/src/install/champ_msgs/local/lib/python3.10/dist-packages/champ_msgs/msg/_point_array.py'...
[5.178s] Compiling '/home/riboha/ros2_ws/src/install/champ_msgs/local/lib/python3.10/dist-packages/champ_msgs/msg/_pose.py'...
[5.178s] Compiling '/home/riboha/ros2_ws/src/install/champ_msgs/local/lib/python3.10/dist-packages/champ_msgs/msg/_velocities.py'...
[5.180s] -- Installing: /home/riboha/ros2_ws/src/install/champ_msgs/local/lib/python3.10/dist-packages/champ_msgs/champ_msgs_s__rosidl_typesupport_fastrtps_c.cpython-310-x86_64-linux-gnu.so
[5.180s] -- Set runtime path of "/home/riboha/ros2_ws/src/install/champ_msgs/local/lib/python3.10/dist-packages/champ_msgs/champ_msgs_s__rosidl_typesupport_fastrtps_c.cpython-310-x86_64-linux-gnu.so" to ""
[5.181s] -- Installing: /home/riboha/ros2_ws/src/install/champ_msgs/local/lib/python3.10/dist-packages/champ_msgs/champ_msgs_s__rosidl_typesupport_introspection_c.cpython-310-x86_64-linux-gnu.so
[5.181s] -- Set runtime path of "/home/riboha/ros2_ws/src/install/champ_msgs/local/lib/python3.10/dist-packages/champ_msgs/champ_msgs_s__rosidl_typesupport_introspection_c.cpython-310-x86_64-linux-gnu.so" to ""
[5.181s] -- Installing: /home/riboha/ros2_ws/src/install/champ_msgs/local/lib/python3.10/dist-packages/champ_msgs/champ_msgs_s__rosidl_typesupport_c.cpython-310-x86_64-linux-gnu.so
[5.181s] -- Set runtime path of "/home/riboha/ros2_ws/src/install/champ_msgs/local/lib/python3.10/dist-packages/champ_msgs/champ_msgs_s__rosidl_typesupport_c.cpython-310-x86_64-linux-gnu.so" to ""
[5.181s] -- Installing: /home/riboha/ros2_ws/src/install/champ_msgs/lib/libchamp_msgs__rosidl_generator_py.so
[5.181s] -- Set runtime path of "/home/riboha/ros2_ws/src/install/champ_msgs/lib/libchamp_msgs__rosidl_generator_py.so" to ""
[5.181s] -- Installing: /home/riboha/ros2_ws/src/install/champ_msgs/share/champ_msgs/msg/Velocities.idl
[5.181s] -- Installing: /home/riboha/ros2_ws/src/install/champ_msgs/share/champ_msgs/msg/PID.idl
[5.181s] -- Installing: /home/riboha/ros2_ws/src/install/champ_msgs/share/champ_msgs/msg/Imu.idl
[5.181s] -- Installing: /home/riboha/ros2_ws/src/install/champ_msgs/share/champ_msgs/msg/Point.idl
[5.181s] -- Installing: /home/riboha/ros2_ws/src/install/champ_msgs/share/champ_msgs/msg/PointArray.idl
[5.181s] -- Installing: /home/riboha/ros2_ws/src/install/champ_msgs/share/champ_msgs/msg/Joints.idl
[5.181s] -- Installing: /home/riboha/ros2_ws/src/install/champ_msgs/share/champ_msgs/msg/Contacts.idl
[5.182s] -- Installing: /home/riboha/ros2_ws/src/install/champ_msgs/share/champ_msgs/msg/ContactsStamped.idl
[5.182s] -- Installing: /home/riboha/ros2_ws/src/install/champ_msgs/share/champ_msgs/msg/Pose.idl
[5.182s] -- Installing: /home/riboha/ros2_ws/src/install/champ_msgs/share/champ_msgs/msg/Velocities.msg
[5.182s] -- Installing: /home/riboha/ros2_ws/src/install/champ_msgs/share/champ_msgs/msg/PID.msg
[5.182s] -- Installing: /home/riboha/ros2_ws/src/install/champ_msgs/share/champ_msgs/msg/Imu.msg
[5.182s] -- Installing: /home/riboha/ros2_ws/src/install/champ_msgs/share/champ_msgs/msg/Point.msg
[5.182s] -- Installing: /home/riboha/ros2_ws/src/install/champ_msgs/share/champ_msgs/msg/PointArray.msg
[5.182s] -- Installing: /home/riboha/ros2_ws/src/install/champ_msgs/share/champ_msgs/msg/Joints.msg
[5.182s] -- Installing: /home/riboha/ros2_ws/src/install/champ_msgs/share/champ_msgs/msg/Contacts.msg
[5.182s] -- Installing: /home/riboha/ros2_ws/src/install/champ_msgs/share/champ_msgs/msg/ContactsStamped.msg
[5.182s] -- Installing: /home/riboha/ros2_ws/src/install/champ_msgs/share/champ_msgs/msg/Pose.msg
[5.182s] -- Installing: /home/riboha/ros2_ws/src/install/champ_msgs/share/ament_index/resource_index/package_run_dependencies/champ_msgs
[5.182s] -- Installing: /home/riboha/ros2_ws/src/install/champ_msgs/share/ament_index/resource_index/parent_prefix_path/champ_msgs
[5.183s] -- Installing: /home/riboha/ros2_ws/src/install/champ_msgs/share/champ_msgs/environment/ament_prefix_path.sh
[5.183s] -- Installing: /home/riboha/ros2_ws/src/install/champ_msgs/share/champ_msgs/environment/ament_prefix_path.dsv
[5.183s] -- Installing: /home/riboha/ros2_ws/src/install/champ_msgs/share/champ_msgs/environment/path.sh
[5.183s] -- Installing: /home/riboha/ros2_ws/src/install/champ_msgs/share/champ_msgs/environment/path.dsv
[5.183s] -- Installing: /home/riboha/ros2_ws/src/install/champ_msgs/share/champ_msgs/local_setup.bash
[5.183s] -- Installing: /home/riboha/ros2_ws/src/install/champ_msgs/share/champ_msgs/local_setup.sh
[5.183s] -- Installing: /home/riboha/ros2_ws/src/install/champ_msgs/share/champ_msgs/local_setup.zsh
[5.183s] -- Installing: /home/riboha/ros2_ws/src/install/champ_msgs/share/champ_msgs/local_setup.dsv
[5.183s] -- Installing: /home/riboha/ros2_ws/src/install/champ_msgs/share/champ_msgs/package.dsv
[5.183s] -- Installing: /home/riboha/ros2_ws/src/install/champ_msgs/share/ament_index/resource_index/packages/champ_msgs
[5.183s] -- Installing: /home/riboha/ros2_ws/src/install/champ_msgs/share/champ_msgs/cmake/export_champ_msgs__rosidl_generator_cExport.cmake
[5.183s] -- Installing: /home/riboha/ros2_ws/src/install/champ_msgs/share/champ_msgs/cmake/export_champ_msgs__rosidl_generator_cExport-noconfig.cmake
[5.183s] -- Installing: /home/riboha/ros2_ws/src/install/champ_msgs/share/champ_msgs/cmake/export_champ_msgs__rosidl_typesupport_fastrtps_cExport.cmake
[5.183s] -- Installing: /home/riboha/ros2_ws/src/install/champ_msgs/share/champ_msgs/cmake/export_champ_msgs__rosidl_typesupport_fastrtps_cExport-noconfig.cmake
[5.183s] -- Installing: /home/riboha/ros2_ws/src/install/champ_msgs/share/champ_msgs/cmake/champ_msgs__rosidl_typesupport_introspection_cExport.cmake
[5.183s] -- Installing: /home/riboha/ros2_ws/src/install/champ_msgs/share/champ_msgs/cmake/champ_msgs__rosidl_typesupport_introspection_cExport-noconfig.cmake
[5.183s] -- Installing: /home/riboha/ros2_ws/src/install/champ_msgs/share/champ_msgs/cmake/champ_msgs__rosidl_typesupport_cExport.cmake
[5.183s] -- Installing: /home/riboha/ros2_ws/src/install/champ_msgs/share/champ_msgs/cmake/champ_msgs__rosidl_typesupport_cExport-noconfig.cmake
[5.183s] -- Installing: /home/riboha/ros2_ws/src/install/champ_msgs/share/champ_msgs/cmake/export_champ_msgs__rosidl_generator_cppExport.cmake
[5.183s] -- Installing: /home/riboha/ros2_ws/src/install/champ_msgs/share/champ_msgs/cmake/export_champ_msgs__rosidl_typesupport_fastrtps_cppExport.cmake
[5.183s] -- Installing: /home/riboha/ros2_ws/src/install/champ_msgs/share/champ_msgs/cmake/export_champ_msgs__rosidl_typesupport_fastrtps_cppExport-noconfig.cmake
[5.183s] -- Installing: /home/riboha/ros2_ws/src/install/champ_msgs/share/champ_msgs/cmake/champ_msgs__rosidl_typesupport_introspection_cppExport.cmake
[5.183s] -- Installing: /home/riboha/ros2_ws/src/install/champ_msgs/share/champ_msgs/cmake/champ_msgs__rosidl_typesupport_introspection_cppExport-noconfig.cmake
[5.183s] -- Installing: /home/riboha/ros2_ws/src/install/champ_msgs/share/champ_msgs/cmake/champ_msgs__rosidl_typesupport_cppExport.cmake
[5.183s] -- Installing: /home/riboha/ros2_ws/src/install/champ_msgs/share/champ_msgs/cmake/champ_msgs__rosidl_typesupport_cppExport-noconfig.cmake
[5.184s] -- Installing: /home/riboha/ros2_ws/src/install/champ_msgs/share/champ_msgs/cmake/export_champ_msgs__rosidl_generator_pyExport.cmake
[5.184s] -- Installing: /home/riboha/ros2_ws/src/install/champ_msgs/share/champ_msgs/cmake/export_champ_msgs__rosidl_generator_pyExport-noconfig.cmake
[5.184s] -- Installing: /home/riboha/ros2_ws/src/install/champ_msgs/share/champ_msgs/cmake/rosidl_cmake-extras.cmake
[5.184s] -- Installing: /home/riboha/ros2_ws/src/install/champ_msgs/share/champ_msgs/cmake/ament_cmake_export_dependencies-extras.cmake
[5.184s] -- Installing: /home/riboha/ros2_ws/src/install/champ_msgs/share/champ_msgs/cmake/ament_cmake_export_include_directories-extras.cmake
[5.184s] -- Installing: /home/riboha/ros2_ws/src/install/champ_msgs/share/champ_msgs/cmake/ament_cmake_export_libraries-extras.cmake
[5.184s] -- Installing: /home/riboha/ros2_ws/src/install/champ_msgs/share/champ_msgs/cmake/ament_cmake_export_targets-extras.cmake
[5.184s] -- Installing: /home/riboha/ros2_ws/src/install/champ_msgs/share/champ_msgs/cmake/rosidl_cmake_export_typesupport_targets-extras.cmake
[5.184s] -- Installing: /home/riboha/ros2_ws/src/install/champ_msgs/share/champ_msgs/cmake/rosidl_cmake_export_typesupport_libraries-extras.cmake
[5.184s] -- Installing: /home/riboha/ros2_ws/src/install/champ_msgs/share/champ_msgs/cmake/champ_msgsConfig.cmake
[5.184s] -- Installing: /home/riboha/ros2_ws/src/install/champ_msgs/share/champ_msgs/cmake/champ_msgsConfig-version.cmake
[5.184s] -- Installing: /home/riboha/ros2_ws/src/install/champ_msgs/share/champ_msgs/package.xml
[5.185s] Invoked command in '/home/riboha/ros2_ws/src/build/champ_msgs' returned '0': CMAKE_PREFIX_PATH=${CMAKE_PREFIX_PATH}:/home/riboha/ros2_ws/install/mini_pupper_control:/home/riboha/ros2_ws/install/actions:/home/riboha/turtle/install/turtlebot3_teleop:/home/riboha/turtle/install/turtlebot3_example:/home/riboha/colcon_ws/install/ros_tcp_endpoint:/opt/ros/humble /usr/bin/cmake --install /home/riboha/ros2_ws/src/build/champ_msgs
