[0.424s] Invoking command in '/home/riboha/ros2_ws/src/build/mini_pupper_navigation': CMAKE_PREFIX_PATH=${CMAKE_PREFIX_PATH}:/home/riboha/ros2_ws/install/mini_pupper_control:/home/riboha/ros2_ws/install/actions:/home/riboha/turtle/install/turtlebot3_teleop:/home/riboha/turtle/install/turtlebot3_example:/home/riboha/colcon_ws/install/ros_tcp_endpoint:/opt/ros/humble /usr/bin/cmake /home/riboha/ros2_ws/src/mini_pupper_ros/mini_pupper_navigation -DCMAKE_INSTALL_PREFIX=/home/riboha/ros2_ws/src/install/mini_pupper_navigation
[0.492s] -- The C compiler identification is GNU 11.3.0
[0.581s] -- The CXX compiler identification is GNU 11.3.0
[0.589s] -- Detecting C compiler ABI info
[0.674s] -- Detecting C compiler ABI info - done
[0.684s] -- Check for working C compiler: /usr/bin/cc - skipped
[0.684s] -- Detecting C compile features
[0.685s] -- Detecting C compile features - done
[0.688s] -- Detecting CXX compiler ABI info
[0.771s] -- Detecting CXX compiler ABI info - done
[0.779s] -- Check for working CXX compiler: /usr/bin/c++ - skipped
[0.779s] -- Detecting CXX compile features
[0.780s] -- Detecting CXX compile features - done
[0.785s] -- Found ament_cmake: 1.3.3 (/opt/ros/humble/share/ament_cmake/cmake)
[1.023s] -- Found Python3: /usr/bin/python3.10 (found version "3.10.6") found components: Interpreter 
[1.164s] -- Found ament_lint_auto: 0.12.5 (/opt/ros/humble/share/ament_lint_auto/cmake)
[1.265s] -- Added test 'copyright' to check source files copyright and LICENSE
[1.267s] -- Added test 'flake8' to check Python code syntax and style conventions
[1.268s] -- Added test 'lint_cmake' to check CMake code style
[1.268s] -- Added test 'pep257' to check Python code against some of the docstring style conventions in PEP 257
[1.269s] -- Added test 'xmllint' to check XML markup files
[1.271s] -- Configuring done
[1.273s] -- Generating done
[1.273s] -- Build files have been written to: /home/riboha/ros2_ws/src/build/mini_pupper_navigation
[1.278s] Invoked command in '/home/riboha/ros2_ws/src/build/mini_pupper_navigation' returned '0': CMAKE_PREFIX_PATH=${CMAKE_PREFIX_PATH}:/home/riboha/ros2_ws/install/mini_pupper_control:/home/riboha/ros2_ws/install/actions:/home/riboha/turtle/install/turtlebot3_teleop:/home/riboha/turtle/install/turtlebot3_example:/home/riboha/colcon_ws/install/ros_tcp_endpoint:/opt/ros/humble /usr/bin/cmake /home/riboha/ros2_ws/src/mini_pupper_ros/mini_pupper_navigation -DCMAKE_INSTALL_PREFIX=/home/riboha/ros2_ws/src/install/mini_pupper_navigation
[1.280s] Invoking command in '/home/riboha/ros2_ws/src/build/mini_pupper_navigation': CMAKE_PREFIX_PATH=${CMAKE_PREFIX_PATH}:/home/riboha/ros2_ws/install/mini_pupper_control:/home/riboha/ros2_ws/install/actions:/home/riboha/turtle/install/turtlebot3_teleop:/home/riboha/turtle/install/turtlebot3_example:/home/riboha/colcon_ws/install/ros_tcp_endpoint:/opt/ros/humble /usr/bin/cmake --build /home/riboha/ros2_ws/src/build/mini_pupper_navigation -- -j16 -l16
[1.312s] Invoked command in '/home/riboha/ros2_ws/src/build/mini_pupper_navigation' returned '0': CMAKE_PREFIX_PATH=${CMAKE_PREFIX_PATH}:/home/riboha/ros2_ws/install/mini_pupper_control:/home/riboha/ros2_ws/install/actions:/home/riboha/turtle/install/turtlebot3_teleop:/home/riboha/turtle/install/turtlebot3_example:/home/riboha/colcon_ws/install/ros_tcp_endpoint:/opt/ros/humble /usr/bin/cmake --build /home/riboha/ros2_ws/src/build/mini_pupper_navigation -- -j16 -l16
[1.333s] Invoking command in '/home/riboha/ros2_ws/src/build/mini_pupper_navigation': CMAKE_PREFIX_PATH=${CMAKE_PREFIX_PATH}:/home/riboha/ros2_ws/install/mini_pupper_control:/home/riboha/ros2_ws/install/actions:/home/riboha/turtle/install/turtlebot3_teleop:/home/riboha/turtle/install/turtlebot3_example:/home/riboha/colcon_ws/install/ros_tcp_endpoint:/opt/ros/humble /usr/bin/cmake --install /home/riboha/ros2_ws/src/build/mini_pupper_navigation
[1.338s] -- Install configuration: ""
[1.338s] -- Installing: /home/riboha/ros2_ws/src/install/mini_pupper_navigation/share/mini_pupper_navigation/launch
[1.339s] -- Installing: /home/riboha/ros2_ws/src/install/mini_pupper_navigation/share/mini_pupper_navigation/launch/localization.launch.py
[1.339s] -- Installing: /home/riboha/ros2_ws/src/install/mini_pupper_navigation/share/mini_pupper_navigation/launch/navigation.launch.py
[1.339s] -- Installing: /home/riboha/ros2_ws/src/install/mini_pupper_navigation/share/mini_pupper_navigation/launch/slam.launch.py
[1.339s] -- Installing: /home/riboha/ros2_ws/src/install/mini_pupper_navigation/share/mini_pupper_navigation/launch/bringup.launch.py
[1.339s] -- Installing: /home/riboha/ros2_ws/src/install/mini_pupper_navigation/share/mini_pupper_navigation/config
[1.339s] -- Installing: /home/riboha/ros2_ws/src/install/mini_pupper_navigation/share/mini_pupper_navigation/config/cartographer
[1.339s] -- Installing: /home/riboha/ros2_ws/src/install/mini_pupper_navigation/share/mini_pupper_navigation/config/cartographer/nav.lua
[1.339s] -- Installing: /home/riboha/ros2_ws/src/install/mini_pupper_navigation/share/mini_pupper_navigation/config/cartographer/slam.lua
[1.339s] -- Installing: /home/riboha/ros2_ws/src/install/mini_pupper_navigation/share/mini_pupper_navigation/config/nav2
[1.339s] -- Installing: /home/riboha/ros2_ws/src/install/mini_pupper_navigation/share/mini_pupper_navigation/config/nav2/mini_pupper.yaml
[1.339s] -- Installing: /home/riboha/ros2_ws/src/install/mini_pupper_navigation/share/mini_pupper_navigation/maps
[1.339s] -- Installing: /home/riboha/ros2_ws/src/install/mini_pupper_navigation/share/mini_pupper_navigation/maps/cartographer_map.pbstream
[1.344s] -- Installing: /home/riboha/ros2_ws/src/install/mini_pupper_navigation/share/mini_pupper_navigation/maps/map.yaml
[1.345s] -- Installing: /home/riboha/ros2_ws/src/install/mini_pupper_navigation/share/mini_pupper_navigation/maps/map.pgm
[1.347s] -- Installing: /home/riboha/ros2_ws/src/install/mini_pupper_navigation/share/mini_pupper_navigation/maps/playground.pgm
[1.348s] -- Installing: /home/riboha/ros2_ws/src/install/mini_pupper_navigation/share/mini_pupper_navigation/maps/cartographer_map.pgm
[1.349s] -- Installing: /home/riboha/ros2_ws/src/install/mini_pupper_navigation/share/mini_pupper_navigation/maps/playground.yaml
[1.350s] -- Installing: /home/riboha/ros2_ws/src/install/mini_pupper_navigation/share/mini_pupper_navigation/maps/cartographer_map.yaml
[1.350s] -- Installing: /home/riboha/ros2_ws/src/install/mini_pupper_navigation/share/mini_pupper_navigation/rviz
[1.350s] -- Installing: /home/riboha/ros2_ws/src/install/mini_pupper_navigation/share/mini_pupper_navigation/rviz/navigation_minimal.rviz
[1.350s] -- Installing: /home/riboha/ros2_ws/src/install/mini_pupper_navigation/share/mini_pupper_navigation/rviz/navigation.rviz
[1.350s] -- Installing: /home/riboha/ros2_ws/src/install/mini_pupper_navigation/share/mini_pupper_navigation/rviz/slam.rviz
[1.350s] -- Installing: /home/riboha/ros2_ws/src/install/mini_pupper_navigation/share/mini_pupper_navigation/rviz/cartographer.rviz
[1.350s] -- Installing: /home/riboha/ros2_ws/src/install/mini_pupper_navigation/share/ament_index/resource_index/package_run_dependencies/mini_pupper_navigation
[1.351s] -- Installing: /home/riboha/ros2_ws/src/install/mini_pupper_navigation/share/ament_index/resource_index/parent_prefix_path/mini_pupper_navigation
[1.351s] -- Installing: /home/riboha/ros2_ws/src/install/mini_pupper_navigation/share/mini_pupper_navigation/environment/ament_prefix_path.sh
[1.351s] -- Installing: /home/riboha/ros2_ws/src/install/mini_pupper_navigation/share/mini_pupper_navigation/environment/ament_prefix_path.dsv
[1.351s] -- Installing: /home/riboha/ros2_ws/src/install/mini_pupper_navigation/share/mini_pupper_navigation/environment/path.sh
[1.351s] -- Installing: /home/riboha/ros2_ws/src/install/mini_pupper_navigation/share/mini_pupper_navigation/environment/path.dsv
[1.351s] -- Installing: /home/riboha/ros2_ws/src/install/mini_pupper_navigation/share/mini_pupper_navigation/local_setup.bash
[1.351s] -- Installing: /home/riboha/ros2_ws/src/install/mini_pupper_navigation/share/mini_pupper_navigation/local_setup.sh
[1.351s] -- Installing: /home/riboha/ros2_ws/src/install/mini_pupper_navigation/share/mini_pupper_navigation/local_setup.zsh
[1.351s] -- Installing: /home/riboha/ros2_ws/src/install/mini_pupper_navigation/share/mini_pupper_navigation/local_setup.dsv
[1.351s] -- Installing: /home/riboha/ros2_ws/src/install/mini_pupper_navigation/share/mini_pupper_navigation/package.dsv
[1.351s] -- Installing: /home/riboha/ros2_ws/src/install/mini_pupper_navigation/share/ament_index/resource_index/packages/mini_pupper_navigation
[1.351s] -- Installing: /home/riboha/ros2_ws/src/install/mini_pupper_navigation/share/mini_pupper_navigation/cmake/mini_pupper_navigationConfig.cmake
[1.351s] -- Installing: /home/riboha/ros2_ws/src/install/mini_pupper_navigation/share/mini_pupper_navigation/cmake/mini_pupper_navigationConfig-version.cmake
[1.351s] -- Installing: /home/riboha/ros2_ws/src/install/mini_pupper_navigation/share/mini_pupper_navigation/package.xml
[1.354s] Invoked command in '/home/riboha/ros2_ws/src/build/mini_pupper_navigation' returned '0': CMAKE_PREFIX_PATH=${CMAKE_PREFIX_PATH}:/home/riboha/ros2_ws/install/mini_pupper_control:/home/riboha/ros2_ws/install/actions:/home/riboha/turtle/install/turtlebot3_teleop:/home/riboha/turtle/install/turtlebot3_example:/home/riboha/colcon_ws/install/ros_tcp_endpoint:/opt/ros/humble /usr/bin/cmake --install /home/riboha/ros2_ws/src/build/mini_pupper_navigation
