[0.013s] Invoking command in '/home/riboha/ros2_ws/src/build/champ_base': AMENT_PREFIX_PATH=/home/riboha/ros2_ws/src/install/champ_msgs:/home/riboha/ros2_ws/src/install/champ:${AMENT_PREFIX_PATH} CMAKE_PREFIX_PATH=/home/riboha/ros2_ws/src/install/champ_msgs:/home/riboha/ros2_ws/src/install/champ:/home/riboha/ros2_ws/install/mini_pupper_navigation:/home/riboha/ros2_ws/install/mini_pupper_gazebo:/home/riboha/ros2_ws/install/mini_pupper_description:/home/riboha/ros2_ws/install/mini_pupper_bringup:/home/riboha/ros2_ws/install/ldlidar_stl_ros2:/home/riboha/ros2_ws/install/champ_teleop:/home/riboha/ros2_ws/install/champ_navigation:/home/riboha/ros2_ws/install/champ_gazebo:/home/riboha/ros2_ws/install/champ_bringup:/home/riboha/ros2_ws/install/champ_base:/home/riboha/ros2_ws/install/champ_msgs:/home/riboha/ros2_ws/install/champ_description:/home/riboha/ros2_ws/install/champ_config:/home/riboha/ros2_ws/install/champ:/home/riboha/turtle/install/turtlebot3:/home/riboha/turtle/install/turtlebot3_simulations:/home/riboha/turtle/install/turtlebot3_bringup:/home/riboha/turtle/install/turtlebot3_node:/home/riboha/turtle/install/turtlebot3_navigation2:/home/riboha/turtle/install/turtlebot3_gazebo:/home/riboha/turtle/install/turtlebot3_fake_node:/home/riboha/turtle/install/turtlebot3_description:/home/riboha/turtle/install/turtlebot3_cartographer:/home/riboha/colcon_ws/install/velodyne:/home/riboha/colcon_ws/install/velodyne_pointcloud:/home/riboha/colcon_ws/install/velodyne_driver:/home/riboha/colcon_ws/install/velodyne_msgs:/home/riboha/colcon_ws/install/velodyne_laserscan:/home/riboha/colcon_ws/install/lidarslam:/home/riboha/colcon_ws/install/scanmatcher:/home/riboha/colcon_ws/install/pcls:/home/riboha/colcon_ws/install/pcl_localization_ros2:/home/riboha/colcon_ws/install/graph_based_slam:/home/riboha/colcon_ws/install/ndt_omp_ros2:/home/riboha/colcon_ws/install/lidarslam_msgs:/home/riboha/ros2_ws/install/mini_pupper_control:/home/riboha/ros2_ws/install/actions:/home/riboha/turtle/install/turtlebot3_teleop:/home/riboha/turtle/install/turtlebot3_example:/home/riboha/colcon_ws/install/ros_tcp_endpoint:/opt/ros/humble LD_LIBRARY_PATH=/home/riboha/ros2_ws/src/install/champ_msgs/lib:/home/riboha/ros2_ws/install/champ_base/lib:/home/riboha/ros2_ws/install/champ_msgs/lib:/home/riboha/colcon_ws/install/velodyne_pointcloud/lib:/home/riboha/colcon_ws/install/velodyne_driver/lib:/home/riboha/colcon_ws/install/velodyne_msgs/lib:/home/riboha/colcon_ws/install/velodyne_laserscan/lib:/home/riboha/colcon_ws/install/scanmatcher/lib:/home/riboha/colcon_ws/install/pcl_localization_ros2/lib:/home/riboha/colcon_ws/install/graph_based_slam/lib:/home/riboha/colcon_ws/install/lidarslam_msgs/lib:/usr/lib/x86_64-linux-gnu/gazebo-11/plugins:/opt/ros/humble/opt/rviz_ogre_vendor/lib:/opt/ros/humble/lib/x86_64-linux-gnu:/opt/ros/humble/lib:/usr/local/cuda-12.0/lib64 PYTHONPATH=/home/riboha/ros2_ws/src/install/champ_msgs/local/lib/python3.10/dist-packages:${PYTHONPATH} /usr/bin/cmake /home/riboha/ros2_ws/src/champ/champ/champ_base -DCMAKE_INSTALL_PREFIX=/home/riboha/ros2_ws/src/install/champ_base
[0.050s] -- The C compiler identification is GNU 11.3.0
[0.084s] -- The CXX compiler identification is GNU 11.3.0
[0.089s] -- Detecting C compiler ABI info
[0.133s] -- Detecting C compiler ABI info - done
[0.140s] -- Check for working C compiler: /usr/bin/cc - skipped
[0.140s] -- Detecting C compile features
[0.140s] -- Detecting C compile features - done
[0.142s] -- Detecting CXX compiler ABI info
[0.190s] -- Detecting CXX compiler ABI info - done
[0.194s] -- Check for working CXX compiler: /usr/bin/c++ - skipped
[0.194s] -- Detecting CXX compile features
[0.194s] -- Detecting CXX compile features - done
[0.197s] -- Found ament_cmake: 1.3.3 (/opt/ros/humble/share/ament_cmake/cmake)
[0.324s] -- Found Python3: /usr/bin/python3.10 (found version "3.10.6") found components: Interpreter 
[0.411s] -- Found rclcpp: 16.0.3 (/opt/ros/humble/share/rclcpp/cmake)
[0.462s] -- Found rosidl_generator_c: 3.1.4 (/opt/ros/humble/share/rosidl_generator_c/cmake)
[0.468s] -- Found rosidl_adapter: 3.1.4 (/opt/ros/humble/share/rosidl_adapter/cmake)
[0.476s] -- Found rosidl_generator_cpp: 3.1.4 (/opt/ros/humble/share/rosidl_generator_cpp/cmake)
[0.488s] -- Using all available rosidl_typesupport_c: rosidl_typesupport_fastrtps_c;rosidl_typesupport_introspection_c
[0.506s] -- Using all available rosidl_typesupport_cpp: rosidl_typesupport_fastrtps_cpp;rosidl_typesupport_introspection_cpp
[0.562s] -- Found rmw_implementation_cmake: 6.1.1 (/opt/ros/humble/share/rmw_implementation_cmake/cmake)
[0.566s] -- Found rmw_fastrtps_cpp: 6.2.2 (/opt/ros/humble/share/rmw_fastrtps_cpp/cmake)
[0.639s] -- Found OpenSSL: /usr/lib/x86_64-linux-gnu/libcrypto.so (found version "3.0.2")  
[0.659s] -- Found FastRTPS: /opt/ros/humble/include  
[0.693s] -- Using RMW implementation 'rmw_fastrtps_cpp' as default
[0.704s] -- Looking for pthread.h
[0.746s] -- Looking for pthread.h - found
[0.747s] -- Performing Test CMAKE_HAVE_LIBC_PTHREAD
[0.789s] -- Performing Test CMAKE_HAVE_LIBC_PTHREAD - Success
[0.790s] -- Found Threads: TRUE  
[0.898s] -- Found rclpy: 3.3.7 (/opt/ros/humble/share/rclpy/cmake)
[0.898s] -- Found champ_msgs: 0.1.0 (/home/riboha/ros2_ws/src/install/champ_msgs/share/champ_msgs/cmake)
[0.974s] -- Found visualization_msgs: 4.2.3 (/opt/ros/humble/share/visualization_msgs/cmake)
[1.113s] -- Found trajectory_msgs: 4.2.3 (/opt/ros/humble/share/trajectory_msgs/cmake)
[1.167s] -- Found nav_msgs: 4.2.3 (/opt/ros/humble/share/nav_msgs/cmake)
[1.222s] -- Found tf2_ros: 0.25.2 (/opt/ros/humble/share/tf2_ros/cmake)
[1.462s] -- Found urdf: 2.6.0 (/opt/ros/humble/share/urdf/cmake)
[1.488s] -- Found champ: 0.1.0 (/home/riboha/ros2_ws/src/install/champ/share/champ/cmake)
[1.571s] -- Configuring done
[1.596s] -- Generating done
[1.597s] -- Build files have been written to: /home/riboha/ros2_ws/src/build/champ_base
[1.605s] Invoked command in '/home/riboha/ros2_ws/src/build/champ_base' returned '0': AMENT_PREFIX_PATH=/home/riboha/ros2_ws/src/install/champ_msgs:/home/riboha/ros2_ws/src/install/champ:${AMENT_PREFIX_PATH} CMAKE_PREFIX_PATH=/home/riboha/ros2_ws/src/install/champ_msgs:/home/riboha/ros2_ws/src/install/champ:/home/riboha/ros2_ws/install/mini_pupper_navigation:/home/riboha/ros2_ws/install/mini_pupper_gazebo:/home/riboha/ros2_ws/install/mini_pupper_description:/home/riboha/ros2_ws/install/mini_pupper_bringup:/home/riboha/ros2_ws/install/ldlidar_stl_ros2:/home/riboha/ros2_ws/install/champ_teleop:/home/riboha/ros2_ws/install/champ_navigation:/home/riboha/ros2_ws/install/champ_gazebo:/home/riboha/ros2_ws/install/champ_bringup:/home/riboha/ros2_ws/install/champ_base:/home/riboha/ros2_ws/install/champ_msgs:/home/riboha/ros2_ws/install/champ_description:/home/riboha/ros2_ws/install/champ_config:/home/riboha/ros2_ws/install/champ:/home/riboha/turtle/install/turtlebot3:/home/riboha/turtle/install/turtlebot3_simulations:/home/riboha/turtle/install/turtlebot3_bringup:/home/riboha/turtle/install/turtlebot3_node:/home/riboha/turtle/install/turtlebot3_navigation2:/home/riboha/turtle/install/turtlebot3_gazebo:/home/riboha/turtle/install/turtlebot3_fake_node:/home/riboha/turtle/install/turtlebot3_description:/home/riboha/turtle/install/turtlebot3_cartographer:/home/riboha/colcon_ws/install/velodyne:/home/riboha/colcon_ws/install/velodyne_pointcloud:/home/riboha/colcon_ws/install/velodyne_driver:/home/riboha/colcon_ws/install/velodyne_msgs:/home/riboha/colcon_ws/install/velodyne_laserscan:/home/riboha/colcon_ws/install/lidarslam:/home/riboha/colcon_ws/install/scanmatcher:/home/riboha/colcon_ws/install/pcls:/home/riboha/colcon_ws/install/pcl_localization_ros2:/home/riboha/colcon_ws/install/graph_based_slam:/home/riboha/colcon_ws/install/ndt_omp_ros2:/home/riboha/colcon_ws/install/lidarslam_msgs:/home/riboha/ros2_ws/install/mini_pupper_control:/home/riboha/ros2_ws/install/actions:/home/riboha/turtle/install/turtlebot3_teleop:/home/riboha/turtle/install/turtlebot3_example:/home/riboha/colcon_ws/install/ros_tcp_endpoint:/opt/ros/humble LD_LIBRARY_PATH=/home/riboha/ros2_ws/src/install/champ_msgs/lib:/home/riboha/ros2_ws/install/champ_base/lib:/home/riboha/ros2_ws/install/champ_msgs/lib:/home/riboha/colcon_ws/install/velodyne_pointcloud/lib:/home/riboha/colcon_ws/install/velodyne_driver/lib:/home/riboha/colcon_ws/install/velodyne_msgs/lib:/home/riboha/colcon_ws/install/velodyne_laserscan/lib:/home/riboha/colcon_ws/install/scanmatcher/lib:/home/riboha/colcon_ws/install/pcl_localization_ros2/lib:/home/riboha/colcon_ws/install/graph_based_slam/lib:/home/riboha/colcon_ws/install/lidarslam_msgs/lib:/usr/lib/x86_64-linux-gnu/gazebo-11/plugins:/opt/ros/humble/opt/rviz_ogre_vendor/lib:/opt/ros/humble/lib/x86_64-linux-gnu:/opt/ros/humble/lib:/usr/local/cuda-12.0/lib64 PYTHONPATH=/home/riboha/ros2_ws/src/install/champ_msgs/local/lib/python3.10/dist-packages:${PYTHONPATH} /usr/bin/cmake /home/riboha/ros2_ws/src/champ/champ/champ_base -DCMAKE_INSTALL_PREFIX=/home/riboha/ros2_ws/src/install/champ_base
[1.605s] Invoking command in '/home/riboha/ros2_ws/src/build/champ_base': AMENT_PREFIX_PATH=/home/riboha/ros2_ws/src/install/champ_msgs:/home/riboha/ros2_ws/src/install/champ:${AMENT_PREFIX_PATH} CMAKE_PREFIX_PATH=/home/riboha/ros2_ws/src/install/champ_msgs:/home/riboha/ros2_ws/src/install/champ:/home/riboha/ros2_ws/install/mini_pupper_navigation:/home/riboha/ros2_ws/install/mini_pupper_gazebo:/home/riboha/ros2_ws/install/mini_pupper_description:/home/riboha/ros2_ws/install/mini_pupper_bringup:/home/riboha/ros2_ws/install/ldlidar_stl_ros2:/home/riboha/ros2_ws/install/champ_teleop:/home/riboha/ros2_ws/install/champ_navigation:/home/riboha/ros2_ws/install/champ_gazebo:/home/riboha/ros2_ws/install/champ_bringup:/home/riboha/ros2_ws/install/champ_base:/home/riboha/ros2_ws/install/champ_msgs:/home/riboha/ros2_ws/install/champ_description:/home/riboha/ros2_ws/install/champ_config:/home/riboha/ros2_ws/install/champ:/home/riboha/turtle/install/turtlebot3:/home/riboha/turtle/install/turtlebot3_simulations:/home/riboha/turtle/install/turtlebot3_bringup:/home/riboha/turtle/install/turtlebot3_node:/home/riboha/turtle/install/turtlebot3_navigation2:/home/riboha/turtle/install/turtlebot3_gazebo:/home/riboha/turtle/install/turtlebot3_fake_node:/home/riboha/turtle/install/turtlebot3_description:/home/riboha/turtle/install/turtlebot3_cartographer:/home/riboha/colcon_ws/install/velodyne:/home/riboha/colcon_ws/install/velodyne_pointcloud:/home/riboha/colcon_ws/install/velodyne_driver:/home/riboha/colcon_ws/install/velodyne_msgs:/home/riboha/colcon_ws/install/velodyne_laserscan:/home/riboha/colcon_ws/install/lidarslam:/home/riboha/colcon_ws/install/scanmatcher:/home/riboha/colcon_ws/install/pcls:/home/riboha/colcon_ws/install/pcl_localization_ros2:/home/riboha/colcon_ws/install/graph_based_slam:/home/riboha/colcon_ws/install/ndt_omp_ros2:/home/riboha/colcon_ws/install/lidarslam_msgs:/home/riboha/ros2_ws/install/mini_pupper_control:/home/riboha/ros2_ws/install/actions:/home/riboha/turtle/install/turtlebot3_teleop:/home/riboha/turtle/install/turtlebot3_example:/home/riboha/colcon_ws/install/ros_tcp_endpoint:/opt/ros/humble LD_LIBRARY_PATH=/home/riboha/ros2_ws/src/install/champ_msgs/lib:/home/riboha/ros2_ws/install/champ_base/lib:/home/riboha/ros2_ws/install/champ_msgs/lib:/home/riboha/colcon_ws/install/velodyne_pointcloud/lib:/home/riboha/colcon_ws/install/velodyne_driver/lib:/home/riboha/colcon_ws/install/velodyne_msgs/lib:/home/riboha/colcon_ws/install/velodyne_laserscan/lib:/home/riboha/colcon_ws/install/scanmatcher/lib:/home/riboha/colcon_ws/install/pcl_localization_ros2/lib:/home/riboha/colcon_ws/install/graph_based_slam/lib:/home/riboha/colcon_ws/install/lidarslam_msgs/lib:/usr/lib/x86_64-linux-gnu/gazebo-11/plugins:/opt/ros/humble/opt/rviz_ogre_vendor/lib:/opt/ros/humble/lib/x86_64-linux-gnu:/opt/ros/humble/lib:/usr/local/cuda-12.0/lib64 PYTHONPATH=/home/riboha/ros2_ws/src/install/champ_msgs/local/lib/python3.10/dist-packages:${PYTHONPATH} /usr/bin/cmake --build /home/riboha/ros2_ws/src/build/champ_base -- -j16 -l16
[1.635s] [ 25%] [32mBuilding CXX object CMakeFiles/quadruped_controller.dir/src/quadruped_controller.cpp.o[0m
[1.635s] [ 25%] [32mBuilding CXX object CMakeFiles/state_estimation.dir/src/state_estimation.cpp.o[0m
[1.635s] [ 25%] [32mBuilding CXX object CMakeFiles/message_relay.dir/src/message_relay.cpp.o[0m
[11.874s] [ 33%] [32m[1mLinking CXX shared library libquadruped_controller.so[0m
[12.368s] [ 41%] [32m[1mLinking CXX shared library libmessage_relay.so[0m
[12.901s] [ 41%] Built target quadruped_controller
[12.915s] [ 50%] [32mBuilding CXX object CMakeFiles/quadruped_controller_node.dir/src/quadruped_controller_node.cpp.o[0m
[13.174s] [ 50%] Built target message_relay
[13.188s] [ 58%] [32mBuilding CXX object CMakeFiles/message_relay_node.dir/src/message_relay_node.cpp.o[0m
[13.498s] [ 66%] [32m[1mLinking CXX shared library libstate_estimation.so[0m
[14.318s] [ 66%] Built target state_estimation
[14.331s] [ 75%] [32mBuilding CXX object CMakeFiles/state_estimation_node.dir/src/state_estimation_node.cpp.o[0m
[15.092s] [ 83%] [32m[1mLinking CXX executable quadruped_controller_node[0m
[15.362s] [ 83%] Built target quadruped_controller_node
[15.376s] [ 91%] [32m[1mLinking CXX executable message_relay_node[0m
[15.641s] [ 91%] Built target message_relay_node
[17.924s] [100%] [32m[1mLinking CXX executable state_estimation_node[0m
[18.204s] [100%] Built target state_estimation_node
[18.213s] Invoked command in '/home/riboha/ros2_ws/src/build/champ_base' returned '0': AMENT_PREFIX_PATH=/home/riboha/ros2_ws/src/install/champ_msgs:/home/riboha/ros2_ws/src/install/champ:${AMENT_PREFIX_PATH} CMAKE_PREFIX_PATH=/home/riboha/ros2_ws/src/install/champ_msgs:/home/riboha/ros2_ws/src/install/champ:/home/riboha/ros2_ws/install/mini_pupper_navigation:/home/riboha/ros2_ws/install/mini_pupper_gazebo:/home/riboha/ros2_ws/install/mini_pupper_description:/home/riboha/ros2_ws/install/mini_pupper_bringup:/home/riboha/ros2_ws/install/ldlidar_stl_ros2:/home/riboha/ros2_ws/install/champ_teleop:/home/riboha/ros2_ws/install/champ_navigation:/home/riboha/ros2_ws/install/champ_gazebo:/home/riboha/ros2_ws/install/champ_bringup:/home/riboha/ros2_ws/install/champ_base:/home/riboha/ros2_ws/install/champ_msgs:/home/riboha/ros2_ws/install/champ_description:/home/riboha/ros2_ws/install/champ_config:/home/riboha/ros2_ws/install/champ:/home/riboha/turtle/install/turtlebot3:/home/riboha/turtle/install/turtlebot3_simulations:/home/riboha/turtle/install/turtlebot3_bringup:/home/riboha/turtle/install/turtlebot3_node:/home/riboha/turtle/install/turtlebot3_navigation2:/home/riboha/turtle/install/turtlebot3_gazebo:/home/riboha/turtle/install/turtlebot3_fake_node:/home/riboha/turtle/install/turtlebot3_description:/home/riboha/turtle/install/turtlebot3_cartographer:/home/riboha/colcon_ws/install/velodyne:/home/riboha/colcon_ws/install/velodyne_pointcloud:/home/riboha/colcon_ws/install/velodyne_driver:/home/riboha/colcon_ws/install/velodyne_msgs:/home/riboha/colcon_ws/install/velodyne_laserscan:/home/riboha/colcon_ws/install/lidarslam:/home/riboha/colcon_ws/install/scanmatcher:/home/riboha/colcon_ws/install/pcls:/home/riboha/colcon_ws/install/pcl_localization_ros2:/home/riboha/colcon_ws/install/graph_based_slam:/home/riboha/colcon_ws/install/ndt_omp_ros2:/home/riboha/colcon_ws/install/lidarslam_msgs:/home/riboha/ros2_ws/install/mini_pupper_control:/home/riboha/ros2_ws/install/actions:/home/riboha/turtle/install/turtlebot3_teleop:/home/riboha/turtle/install/turtlebot3_example:/home/riboha/colcon_ws/install/ros_tcp_endpoint:/opt/ros/humble LD_LIBRARY_PATH=/home/riboha/ros2_ws/src/install/champ_msgs/lib:/home/riboha/ros2_ws/install/champ_base/lib:/home/riboha/ros2_ws/install/champ_msgs/lib:/home/riboha/colcon_ws/install/velodyne_pointcloud/lib:/home/riboha/colcon_ws/install/velodyne_driver/lib:/home/riboha/colcon_ws/install/velodyne_msgs/lib:/home/riboha/colcon_ws/install/velodyne_laserscan/lib:/home/riboha/colcon_ws/install/scanmatcher/lib:/home/riboha/colcon_ws/install/pcl_localization_ros2/lib:/home/riboha/colcon_ws/install/graph_based_slam/lib:/home/riboha/colcon_ws/install/lidarslam_msgs/lib:/usr/lib/x86_64-linux-gnu/gazebo-11/plugins:/opt/ros/humble/opt/rviz_ogre_vendor/lib:/opt/ros/humble/lib/x86_64-linux-gnu:/opt/ros/humble/lib:/usr/local/cuda-12.0/lib64 PYTHONPATH=/home/riboha/ros2_ws/src/install/champ_msgs/local/lib/python3.10/dist-packages:${PYTHONPATH} /usr/bin/cmake --build /home/riboha/ros2_ws/src/build/champ_base -- -j16 -l16
[18.237s] Invoking command in '/home/riboha/ros2_ws/src/build/champ_base': AMENT_PREFIX_PATH=/home/riboha/ros2_ws/src/install/champ_msgs:/home/riboha/ros2_ws/src/install/champ:${AMENT_PREFIX_PATH} CMAKE_PREFIX_PATH=/home/riboha/ros2_ws/src/install/champ_msgs:/home/riboha/ros2_ws/src/install/champ:/home/riboha/ros2_ws/install/mini_pupper_navigation:/home/riboha/ros2_ws/install/mini_pupper_gazebo:/home/riboha/ros2_ws/install/mini_pupper_description:/home/riboha/ros2_ws/install/mini_pupper_bringup:/home/riboha/ros2_ws/install/ldlidar_stl_ros2:/home/riboha/ros2_ws/install/champ_teleop:/home/riboha/ros2_ws/install/champ_navigation:/home/riboha/ros2_ws/install/champ_gazebo:/home/riboha/ros2_ws/install/champ_bringup:/home/riboha/ros2_ws/install/champ_base:/home/riboha/ros2_ws/install/champ_msgs:/home/riboha/ros2_ws/install/champ_description:/home/riboha/ros2_ws/install/champ_config:/home/riboha/ros2_ws/install/champ:/home/riboha/turtle/install/turtlebot3:/home/riboha/turtle/install/turtlebot3_simulations:/home/riboha/turtle/install/turtlebot3_bringup:/home/riboha/turtle/install/turtlebot3_node:/home/riboha/turtle/install/turtlebot3_navigation2:/home/riboha/turtle/install/turtlebot3_gazebo:/home/riboha/turtle/install/turtlebot3_fake_node:/home/riboha/turtle/install/turtlebot3_description:/home/riboha/turtle/install/turtlebot3_cartographer:/home/riboha/colcon_ws/install/velodyne:/home/riboha/colcon_ws/install/velodyne_pointcloud:/home/riboha/colcon_ws/install/velodyne_driver:/home/riboha/colcon_ws/install/velodyne_msgs:/home/riboha/colcon_ws/install/velodyne_laserscan:/home/riboha/colcon_ws/install/lidarslam:/home/riboha/colcon_ws/install/scanmatcher:/home/riboha/colcon_ws/install/pcls:/home/riboha/colcon_ws/install/pcl_localization_ros2:/home/riboha/colcon_ws/install/graph_based_slam:/home/riboha/colcon_ws/install/ndt_omp_ros2:/home/riboha/colcon_ws/install/lidarslam_msgs:/home/riboha/ros2_ws/install/mini_pupper_control:/home/riboha/ros2_ws/install/actions:/home/riboha/turtle/install/turtlebot3_teleop:/home/riboha/turtle/install/turtlebot3_example:/home/riboha/colcon_ws/install/ros_tcp_endpoint:/opt/ros/humble LD_LIBRARY_PATH=/home/riboha/ros2_ws/src/install/champ_msgs/lib:/home/riboha/ros2_ws/install/champ_base/lib:/home/riboha/ros2_ws/install/champ_msgs/lib:/home/riboha/colcon_ws/install/velodyne_pointcloud/lib:/home/riboha/colcon_ws/install/velodyne_driver/lib:/home/riboha/colcon_ws/install/velodyne_msgs/lib:/home/riboha/colcon_ws/install/velodyne_laserscan/lib:/home/riboha/colcon_ws/install/scanmatcher/lib:/home/riboha/colcon_ws/install/pcl_localization_ros2/lib:/home/riboha/colcon_ws/install/graph_based_slam/lib:/home/riboha/colcon_ws/install/lidarslam_msgs/lib:/usr/lib/x86_64-linux-gnu/gazebo-11/plugins:/opt/ros/humble/opt/rviz_ogre_vendor/lib:/opt/ros/humble/lib/x86_64-linux-gnu:/opt/ros/humble/lib:/usr/local/cuda-12.0/lib64 PYTHONPATH=/home/riboha/ros2_ws/src/install/champ_msgs/local/lib/python3.10/dist-packages:${PYTHONPATH} /usr/bin/cmake --install /home/riboha/ros2_ws/src/build/champ_base
[18.241s] -- Install configuration: ""
[18.242s] -- Installing: /home/riboha/ros2_ws/src/install/champ_base/share/champ_base/config
[18.242s] -- Installing: /home/riboha/ros2_ws/src/install/champ_base/share/champ_base/config/ekf
[18.242s] -- Installing: /home/riboha/ros2_ws/src/install/champ_base/share/champ_base/config/ekf/footprint_to_odom.yaml
[18.242s] -- Installing: /home/riboha/ros2_ws/src/install/champ_base/share/champ_base/config/ekf/base_to_footprint.yaml
[18.242s] -- Installing: /home/riboha/ros2_ws/src/install/champ_base/share/champ_base/config/velocity_smoother
[18.242s] -- Installing: /home/riboha/ros2_ws/src/install/champ_base/share/champ_base/config/velocity_smoother/velocity_smoother.yaml
[18.242s] -- Installing: /home/riboha/ros2_ws/src/install/champ_base/lib/libquadruped_controller.so
[18.252s] -- Set runtime path of "/home/riboha/ros2_ws/src/install/champ_base/lib/libquadruped_controller.so" to ""
[18.252s] -- Installing: /home/riboha/ros2_ws/src/install/champ_base/bin/quadruped_controller_node
[18.252s] -- Set runtime path of "/home/riboha/ros2_ws/src/install/champ_base/bin/quadruped_controller_node" to ""
[18.252s] -- Installing: /home/riboha/ros2_ws/src/install/champ_base/lib/libmessage_relay.so
[18.262s] -- Set runtime path of "/home/riboha/ros2_ws/src/install/champ_base/lib/libmessage_relay.so" to ""
[18.262s] -- Installing: /home/riboha/ros2_ws/src/install/champ_base/bin/message_relay_node
[18.262s] -- Set runtime path of "/home/riboha/ros2_ws/src/install/champ_base/bin/message_relay_node" to ""
[18.262s] -- Installing: /home/riboha/ros2_ws/src/install/champ_base/lib/libstate_estimation.so
[18.273s] -- Set runtime path of "/home/riboha/ros2_ws/src/install/champ_base/lib/libstate_estimation.so" to ""
[18.273s] -- Installing: /home/riboha/ros2_ws/src/install/champ_base/bin/state_estimation_node
[18.273s] -- Set runtime path of "/home/riboha/ros2_ws/src/install/champ_base/bin/state_estimation_node" to ""
[18.273s] -- Installing: /home/riboha/ros2_ws/src/install/champ_base/lib/champ_base/quadruped_controller_node
[18.273s] -- Set runtime path of "/home/riboha/ros2_ws/src/install/champ_base/lib/champ_base/quadruped_controller_node" to ""
[18.273s] -- Installing: /home/riboha/ros2_ws/src/install/champ_base/lib/champ_base/message_relay_node
[18.274s] -- Set runtime path of "/home/riboha/ros2_ws/src/install/champ_base/lib/champ_base/message_relay_node" to ""
[18.274s] -- Installing: /home/riboha/ros2_ws/src/install/champ_base/lib/champ_base/state_estimation_node
[18.274s] -- Set runtime path of "/home/riboha/ros2_ws/src/install/champ_base/lib/champ_base/state_estimation_node" to ""
[18.274s] -- Installing: /home/riboha/ros2_ws/src/install/champ_base/share/ament_index/resource_index/package_run_dependencies/champ_base
[18.274s] -- Installing: /home/riboha/ros2_ws/src/install/champ_base/share/ament_index/resource_index/parent_prefix_path/champ_base
[18.274s] -- Installing: /home/riboha/ros2_ws/src/install/champ_base/share/champ_base/environment/ament_prefix_path.sh
[18.274s] -- Installing: /home/riboha/ros2_ws/src/install/champ_base/share/champ_base/environment/ament_prefix_path.dsv
[18.274s] -- Installing: /home/riboha/ros2_ws/src/install/champ_base/share/champ_base/environment/path.sh
[18.274s] -- Installing: /home/riboha/ros2_ws/src/install/champ_base/share/champ_base/environment/path.dsv
[18.274s] -- Installing: /home/riboha/ros2_ws/src/install/champ_base/share/champ_base/local_setup.bash
[18.274s] -- Installing: /home/riboha/ros2_ws/src/install/champ_base/share/champ_base/local_setup.sh
[18.274s] -- Installing: /home/riboha/ros2_ws/src/install/champ_base/share/champ_base/local_setup.zsh
[18.274s] -- Installing: /home/riboha/ros2_ws/src/install/champ_base/share/champ_base/local_setup.dsv
[18.274s] -- Installing: /home/riboha/ros2_ws/src/install/champ_base/share/champ_base/package.dsv
[18.274s] -- Installing: /home/riboha/ros2_ws/src/install/champ_base/share/ament_index/resource_index/packages/champ_base
[18.274s] -- Installing: /home/riboha/ros2_ws/src/install/champ_base/share/champ_base/cmake/ament_cmake_export_include_directories-extras.cmake
[18.274s] -- Installing: /home/riboha/ros2_ws/src/install/champ_base/share/champ_base/cmake/ament_cmake_export_dependencies-extras.cmake
[18.275s] -- Installing: /home/riboha/ros2_ws/src/install/champ_base/share/champ_base/cmake/champ_baseConfig.cmake
[18.275s] -- Installing: /home/riboha/ros2_ws/src/install/champ_base/share/champ_base/cmake/champ_baseConfig-version.cmake
[18.275s] -- Installing: /home/riboha/ros2_ws/src/install/champ_base/share/champ_base/package.xml
[18.277s] Invoked command in '/home/riboha/ros2_ws/src/build/champ_base' returned '0': AMENT_PREFIX_PATH=/home/riboha/ros2_ws/src/install/champ_msgs:/home/riboha/ros2_ws/src/install/champ:${AMENT_PREFIX_PATH} CMAKE_PREFIX_PATH=/home/riboha/ros2_ws/src/install/champ_msgs:/home/riboha/ros2_ws/src/install/champ:/home/riboha/ros2_ws/install/mini_pupper_navigation:/home/riboha/ros2_ws/install/mini_pupper_gazebo:/home/riboha/ros2_ws/install/mini_pupper_description:/home/riboha/ros2_ws/install/mini_pupper_bringup:/home/riboha/ros2_ws/install/ldlidar_stl_ros2:/home/riboha/ros2_ws/install/champ_teleop:/home/riboha/ros2_ws/install/champ_navigation:/home/riboha/ros2_ws/install/champ_gazebo:/home/riboha/ros2_ws/install/champ_bringup:/home/riboha/ros2_ws/install/champ_base:/home/riboha/ros2_ws/install/champ_msgs:/home/riboha/ros2_ws/install/champ_description:/home/riboha/ros2_ws/install/champ_config:/home/riboha/ros2_ws/install/champ:/home/riboha/turtle/install/turtlebot3:/home/riboha/turtle/install/turtlebot3_simulations:/home/riboha/turtle/install/turtlebot3_bringup:/home/riboha/turtle/install/turtlebot3_node:/home/riboha/turtle/install/turtlebot3_navigation2:/home/riboha/turtle/install/turtlebot3_gazebo:/home/riboha/turtle/install/turtlebot3_fake_node:/home/riboha/turtle/install/turtlebot3_description:/home/riboha/turtle/install/turtlebot3_cartographer:/home/riboha/colcon_ws/install/velodyne:/home/riboha/colcon_ws/install/velodyne_pointcloud:/home/riboha/colcon_ws/install/velodyne_driver:/home/riboha/colcon_ws/install/velodyne_msgs:/home/riboha/colcon_ws/install/velodyne_laserscan:/home/riboha/colcon_ws/install/lidarslam:/home/riboha/colcon_ws/install/scanmatcher:/home/riboha/colcon_ws/install/pcls:/home/riboha/colcon_ws/install/pcl_localization_ros2:/home/riboha/colcon_ws/install/graph_based_slam:/home/riboha/colcon_ws/install/ndt_omp_ros2:/home/riboha/colcon_ws/install/lidarslam_msgs:/home/riboha/ros2_ws/install/mini_pupper_control:/home/riboha/ros2_ws/install/actions:/home/riboha/turtle/install/turtlebot3_teleop:/home/riboha/turtle/install/turtlebot3_example:/home/riboha/colcon_ws/install/ros_tcp_endpoint:/opt/ros/humble LD_LIBRARY_PATH=/home/riboha/ros2_ws/src/install/champ_msgs/lib:/home/riboha/ros2_ws/install/champ_base/lib:/home/riboha/ros2_ws/install/champ_msgs/lib:/home/riboha/colcon_ws/install/velodyne_pointcloud/lib:/home/riboha/colcon_ws/install/velodyne_driver/lib:/home/riboha/colcon_ws/install/velodyne_msgs/lib:/home/riboha/colcon_ws/install/velodyne_laserscan/lib:/home/riboha/colcon_ws/install/scanmatcher/lib:/home/riboha/colcon_ws/install/pcl_localization_ros2/lib:/home/riboha/colcon_ws/install/graph_based_slam/lib:/home/riboha/colcon_ws/install/lidarslam_msgs/lib:/usr/lib/x86_64-linux-gnu/gazebo-11/plugins:/opt/ros/humble/opt/rviz_ogre_vendor/lib:/opt/ros/humble/lib/x86_64-linux-gnu:/opt/ros/humble/lib:/usr/local/cuda-12.0/lib64 PYTHONPATH=/home/riboha/ros2_ws/src/install/champ_msgs/local/lib/python3.10/dist-packages:${PYTHONPATH} /usr/bin/cmake --install /home/riboha/ros2_ws/src/build/champ_base
