[0.418s] Invoking command in '/home/riboha/ros2_ws/src/build/mini_pupper_gazebo': CMAKE_PREFIX_PATH=${CMAKE_PREFIX_PATH}:/home/riboha/ros2_ws/install/mini_pupper_control:/home/riboha/ros2_ws/install/actions:/home/riboha/turtle/install/turtlebot3_teleop:/home/riboha/turtle/install/turtlebot3_example:/home/riboha/colcon_ws/install/ros_tcp_endpoint:/opt/ros/humble /usr/bin/cmake /home/riboha/ros2_ws/src/mini_pupper_ros/mini_pupper_gazebo -DCMAKE_INSTALL_PREFIX=/home/riboha/ros2_ws/src/install/mini_pupper_gazebo
[0.468s] -- The C compiler identification is GNU 11.3.0
[0.540s] -- The CXX compiler identification is GNU 11.3.0
[0.547s] -- Detecting C compiler ABI info
[0.635s] -- Detecting C compiler ABI info - done
[0.644s] -- Check for working C compiler: /usr/bin/cc - skipped
[0.645s] -- Detecting C compile features
[0.645s] -- Detecting C compile features - done
[0.648s] -- Detecting CXX compiler ABI info
[0.740s] -- Detecting CXX compiler ABI info - done
[0.752s] -- Check for working CXX compiler: /usr/bin/c++ - skipped
[0.752s] -- Detecting CXX compile features
[0.752s] -- Detecting CXX compile features - done
[0.758s] -- Found ament_cmake: 1.3.3 (/opt/ros/humble/share/ament_cmake/cmake)
[0.947s] -- Found Python3: /usr/bin/python3.10 (found version "3.10.6") found components: Interpreter 
[1.053s] -- Found ament_lint_auto: 0.12.5 (/opt/ros/humble/share/ament_lint_auto/cmake)
[1.158s] -- Added test 'copyright' to check source files copyright and LICENSE
[1.160s] -- Added test 'flake8' to check Python code syntax and style conventions
[1.161s] -- Added test 'lint_cmake' to check CMake code style
[1.162s] -- Added test 'pep257' to check Python code against some of the docstring style conventions in PEP 257
[1.164s] -- Added test 'xmllint' to check XML markup files
[1.167s] -- Configuring done
[1.170s] -- Generating done
[1.171s] -- Build files have been written to: /home/riboha/ros2_ws/src/build/mini_pupper_gazebo
[1.176s] Invoked command in '/home/riboha/ros2_ws/src/build/mini_pupper_gazebo' returned '0': CMAKE_PREFIX_PATH=${CMAKE_PREFIX_PATH}:/home/riboha/ros2_ws/install/mini_pupper_control:/home/riboha/ros2_ws/install/actions:/home/riboha/turtle/install/turtlebot3_teleop:/home/riboha/turtle/install/turtlebot3_example:/home/riboha/colcon_ws/install/ros_tcp_endpoint:/opt/ros/humble /usr/bin/cmake /home/riboha/ros2_ws/src/mini_pupper_ros/mini_pupper_gazebo -DCMAKE_INSTALL_PREFIX=/home/riboha/ros2_ws/src/install/mini_pupper_gazebo
[1.177s] Invoking command in '/home/riboha/ros2_ws/src/build/mini_pupper_gazebo': CMAKE_PREFIX_PATH=${CMAKE_PREFIX_PATH}:/home/riboha/ros2_ws/install/mini_pupper_control:/home/riboha/ros2_ws/install/actions:/home/riboha/turtle/install/turtlebot3_teleop:/home/riboha/turtle/install/turtlebot3_example:/home/riboha/colcon_ws/install/ros_tcp_endpoint:/opt/ros/humble /usr/bin/cmake --build /home/riboha/ros2_ws/src/build/mini_pupper_gazebo -- -j16 -l16
[1.211s] Invoked command in '/home/riboha/ros2_ws/src/build/mini_pupper_gazebo' returned '0': CMAKE_PREFIX_PATH=${CMAKE_PREFIX_PATH}:/home/riboha/ros2_ws/install/mini_pupper_control:/home/riboha/ros2_ws/install/actions:/home/riboha/turtle/install/turtlebot3_teleop:/home/riboha/turtle/install/turtlebot3_example:/home/riboha/colcon_ws/install/ros_tcp_endpoint:/opt/ros/humble /usr/bin/cmake --build /home/riboha/ros2_ws/src/build/mini_pupper_gazebo -- -j16 -l16
[1.226s] Invoking command in '/home/riboha/ros2_ws/src/build/mini_pupper_gazebo': CMAKE_PREFIX_PATH=${CMAKE_PREFIX_PATH}:/home/riboha/ros2_ws/install/mini_pupper_control:/home/riboha/ros2_ws/install/actions:/home/riboha/turtle/install/turtlebot3_teleop:/home/riboha/turtle/install/turtlebot3_example:/home/riboha/colcon_ws/install/ros_tcp_endpoint:/opt/ros/humble /usr/bin/cmake --install /home/riboha/ros2_ws/src/build/mini_pupper_gazebo
[1.231s] -- Install configuration: ""
[1.231s] -- Installing: /home/riboha/ros2_ws/src/install/mini_pupper_gazebo/share/mini_pupper_gazebo/launch
[1.231s] -- Installing: /home/riboha/ros2_ws/src/install/mini_pupper_gazebo/share/mini_pupper_gazebo/launch/gazebo.launch.py
[1.231s] -- Installing: /home/riboha/ros2_ws/src/install/mini_pupper_gazebo/share/mini_pupper_gazebo/worlds
[1.231s] -- Installing: /home/riboha/ros2_ws/src/install/mini_pupper_gazebo/share/mini_pupper_gazebo/worlds/outdoor.world
[1.231s] -- Installing: /home/riboha/ros2_ws/src/install/mini_pupper_gazebo/share/mini_pupper_gazebo/worlds/default.world
[1.231s] -- Installing: /home/riboha/ros2_ws/src/install/mini_pupper_gazebo/share/mini_pupper_gazebo/worlds/playground.world
[1.232s] -- Installing: /home/riboha/ros2_ws/src/install/mini_pupper_gazebo/share/ament_index/resource_index/package_run_dependencies/mini_pupper_gazebo
[1.232s] -- Installing: /home/riboha/ros2_ws/src/install/mini_pupper_gazebo/share/ament_index/resource_index/parent_prefix_path/mini_pupper_gazebo
[1.232s] -- Installing: /home/riboha/ros2_ws/src/install/mini_pupper_gazebo/share/mini_pupper_gazebo/environment/ament_prefix_path.sh
[1.232s] -- Installing: /home/riboha/ros2_ws/src/install/mini_pupper_gazebo/share/mini_pupper_gazebo/environment/ament_prefix_path.dsv
[1.232s] -- Installing: /home/riboha/ros2_ws/src/install/mini_pupper_gazebo/share/mini_pupper_gazebo/environment/path.sh
[1.233s] -- Installing: /home/riboha/ros2_ws/src/install/mini_pupper_gazebo/share/mini_pupper_gazebo/environment/path.dsv
[1.233s] -- Installing: /home/riboha/ros2_ws/src/install/mini_pupper_gazebo/share/mini_pupper_gazebo/local_setup.bash
[1.233s] -- Installing: /home/riboha/ros2_ws/src/install/mini_pupper_gazebo/share/mini_pupper_gazebo/local_setup.sh
[1.234s] -- Installing: /home/riboha/ros2_ws/src/install/mini_pupper_gazebo/share/mini_pupper_gazebo/local_setup.zsh
[1.235s] -- Installing: /home/riboha/ros2_ws/src/install/mini_pupper_gazebo/share/mini_pupper_gazebo/local_setup.dsv
[1.236s] -- Installing: /home/riboha/ros2_ws/src/install/mini_pupper_gazebo/share/mini_pupper_gazebo/package.dsv
[1.236s] -- Installing: /home/riboha/ros2_ws/src/install/mini_pupper_gazebo/share/ament_index/resource_index/packages/mini_pupper_gazebo
[1.238s] -- Installing: /home/riboha/ros2_ws/src/install/mini_pupper_gazebo/share/mini_pupper_gazebo/cmake/mini_pupper_gazeboConfig.cmake
[1.238s] -- Installing: /home/riboha/ros2_ws/src/install/mini_pupper_gazebo/share/mini_pupper_gazebo/cmake/mini_pupper_gazeboConfig-version.cmake
[1.238s] -- Installing: /home/riboha/ros2_ws/src/install/mini_pupper_gazebo/share/mini_pupper_gazebo/package.xml
[1.239s] Invoked command in '/home/riboha/ros2_ws/src/build/mini_pupper_gazebo' returned '0': CMAKE_PREFIX_PATH=${CMAKE_PREFIX_PATH}:/home/riboha/ros2_ws/install/mini_pupper_control:/home/riboha/ros2_ws/install/actions:/home/riboha/turtle/install/turtlebot3_teleop:/home/riboha/turtle/install/turtlebot3_example:/home/riboha/colcon_ws/install/ros_tcp_endpoint:/opt/ros/humble /usr/bin/cmake --install /home/riboha/ros2_ws/src/build/mini_pupper_gazebo
