running egg_info
writing ../../build/mini_pupper_control/mini_pupper_control.egg-info/PKG-INFO
writing dependency_links to ../../build/mini_pupper_control/mini_pupper_control.egg-info/dependency_links.txt
writing entry points to ../../build/mini_pupper_control/mini_pupper_control.egg-info/entry_points.txt
writing requirements to ../../build/mini_pupper_control/mini_pupper_control.egg-info/requires.txt
writing top-level names to ../../build/mini_pupper_control/mini_pupper_control.egg-info/top_level.txt
reading manifest file '../../build/mini_pupper_control/mini_pupper_control.egg-info/SOURCES.txt'
writing manifest file '../../build/mini_pupper_control/mini_pupper_control.egg-info/SOURCES.txt'
running build
running build_py
running install
/usr/lib/python3/dist-packages/setuptools/command/install.py:34: SetuptoolsDeprecationWarning: setup.py install is deprecated. Use build and pip and other standards-based tools.
  warnings.warn(
running install_lib
running install_data
running install_egg_info
removing '/home/riboha/ros2_ws/src/install/mini_pupper_control/lib/python3.10/site-packages/mini_pupper_control-0.0.1-py3.10.egg-info' (and everything under it)
Copying ../../build/mini_pupper_control/mini_pupper_control.egg-info to /home/riboha/ros2_ws/src/install/mini_pupper_control/lib/python3.10/site-packages/mini_pupper_control-0.0.1-py3.10.egg-info
running install_scripts
Installing display_interface script to /home/riboha/ros2_ws/src/install/mini_pupper_control/lib/mini_pupper_control
Installing servo_interface script to /home/riboha/ros2_ws/src/install/mini_pupper_control/lib/mini_pupper_control
writing list of installed files to '/home/riboha/ros2_ws/src/build/mini_pupper_control/install.log'
