[0.201s] Invoking command in '/home/riboha/ros2_ws/src/build/champ_navigation': CMAKE_PREFIX_PATH=${CMAKE_PREFIX_PATH}:/home/riboha/ros2_ws/install/mini_pupper_control:/home/riboha/ros2_ws/install/actions:/home/riboha/turtle/install/turtlebot3_teleop:/home/riboha/turtle/install/turtlebot3_example:/home/riboha/colcon_ws/install/ros_tcp_endpoint:/opt/ros/humble /usr/bin/cmake --build /home/riboha/ros2_ws/src/build/champ_navigation -- -j16 -l16
[0.380s] Invoked command in '/home/riboha/ros2_ws/src/build/champ_navigation' returned '0': CMAKE_PREFIX_PATH=${CMAKE_PREFIX_PATH}:/home/riboha/ros2_ws/install/mini_pupper_control:/home/riboha/ros2_ws/install/actions:/home/riboha/turtle/install/turtlebot3_teleop:/home/riboha/turtle/install/turtlebot3_example:/home/riboha/colcon_ws/install/ros_tcp_endpoint:/opt/ros/humble /usr/bin/cmake --build /home/riboha/ros2_ws/src/build/champ_navigation -- -j16 -l16
[0.411s] Invoking command in '/home/riboha/ros2_ws/src/build/champ_navigation': CMAKE_PREFIX_PATH=${CMAKE_PREFIX_PATH}:/home/riboha/ros2_ws/install/mini_pupper_control:/home/riboha/ros2_ws/install/actions:/home/riboha/turtle/install/turtlebot3_teleop:/home/riboha/turtle/install/turtlebot3_example:/home/riboha/colcon_ws/install/ros_tcp_endpoint:/opt/ros/humble /usr/bin/cmake --install /home/riboha/ros2_ws/src/build/champ_navigation
[0.418s] -- Install configuration: ""
[0.418s] -- Up-to-date: /home/riboha/ros2_ws/src/install/champ_navigation/share/champ_navigation/launch
[0.418s] -- Up-to-date: /home/riboha/ros2_ws/src/install/champ_navigation/share/champ_navigation/launch/navigate.launch.py
[0.418s] -- Up-to-date: /home/riboha/ros2_ws/src/install/champ_navigation/share/champ_navigation/launch/slam.launch.py
[0.418s] -- Up-to-date: /home/riboha/ros2_ws/src/install/champ_navigation/share/champ_navigation/rviz
[0.419s] -- Up-to-date: /home/riboha/ros2_ws/src/install/champ_navigation/share/champ_navigation/rviz/navigation_minimal.rviz
[0.419s] -- Up-to-date: /home/riboha/ros2_ws/src/install/champ_navigation/share/champ_navigation/rviz/navigation.rviz
[0.419s] -- Up-to-date: /home/riboha/ros2_ws/src/install/champ_navigation/share/champ_navigation/rviz/slam.rviz
[0.419s] -- Up-to-date: /home/riboha/ros2_ws/src/install/champ_navigation/share/ament_index/resource_index/package_run_dependencies/champ_navigation
[0.419s] -- Up-to-date: /home/riboha/ros2_ws/src/install/champ_navigation/share/ament_index/resource_index/parent_prefix_path/champ_navigation
[0.419s] -- Up-to-date: /home/riboha/ros2_ws/src/install/champ_navigation/share/champ_navigation/environment/ament_prefix_path.sh
[0.419s] -- Up-to-date: /home/riboha/ros2_ws/src/install/champ_navigation/share/champ_navigation/environment/ament_prefix_path.dsv
[0.419s] -- Up-to-date: /home/riboha/ros2_ws/src/install/champ_navigation/share/champ_navigation/environment/path.sh
[0.419s] -- Up-to-date: /home/riboha/ros2_ws/src/install/champ_navigation/share/champ_navigation/environment/path.dsv
[0.419s] -- Up-to-date: /home/riboha/ros2_ws/src/install/champ_navigation/share/champ_navigation/local_setup.bash
[0.419s] -- Up-to-date: /home/riboha/ros2_ws/src/install/champ_navigation/share/champ_navigation/local_setup.sh
[0.419s] -- Up-to-date: /home/riboha/ros2_ws/src/install/champ_navigation/share/champ_navigation/local_setup.zsh
[0.420s] -- Up-to-date: /home/riboha/ros2_ws/src/install/champ_navigation/share/champ_navigation/local_setup.dsv
[0.420s] -- Up-to-date: /home/riboha/ros2_ws/src/install/champ_navigation/share/champ_navigation/package.dsv
[0.420s] -- Up-to-date: /home/riboha/ros2_ws/src/install/champ_navigation/share/ament_index/resource_index/packages/champ_navigation
[0.420s] -- Up-to-date: /home/riboha/ros2_ws/src/install/champ_navigation/share/champ_navigation/cmake/champ_navigationConfig.cmake
[0.420s] -- Up-to-date: /home/riboha/ros2_ws/src/install/champ_navigation/share/champ_navigation/cmake/champ_navigationConfig-version.cmake
[0.420s] -- Up-to-date: /home/riboha/ros2_ws/src/install/champ_navigation/share/champ_navigation/package.xml
[0.445s] Invoked command in '/home/riboha/ros2_ws/src/build/champ_navigation' returned '0': CMAKE_PREFIX_PATH=${CMAKE_PREFIX_PATH}:/home/riboha/ros2_ws/install/mini_pupper_control:/home/riboha/ros2_ws/install/actions:/home/riboha/turtle/install/turtlebot3_teleop:/home/riboha/turtle/install/turtlebot3_example:/home/riboha/colcon_ws/install/ros_tcp_endpoint:/opt/ros/humble /usr/bin/cmake --install /home/riboha/ros2_ws/src/build/champ_navigation
