[0.073s] Invoking command in '/home/riboha/ros2_ws/src/build/champ': CMAKE_PREFIX_PATH=${CMAKE_PREFIX_PATH}:/home/riboha/ros2_ws/install/mini_pupper_control:/home/riboha/ros2_ws/install/actions:/home/riboha/turtle/install/turtlebot3_teleop:/home/riboha/turtle/install/turtlebot3_example:/home/riboha/colcon_ws/install/ros_tcp_endpoint:/opt/ros/humble /usr/bin/cmake /home/riboha/ros2_ws/src/champ/champ/champ -DCMAKE_INSTALL_PREFIX=/home/riboha/ros2_ws/src/install/champ
[0.478s] -- The C compiler identification is GNU 11.3.0
[0.478s] -- The CXX compiler identification is GNU 11.3.0
[0.478s] -- Detecting C compiler ABI info
[0.479s] -- Detecting C compiler ABI info - done
[0.479s] -- Check for working C compiler: /usr/bin/cc - skipped
[0.479s] -- Detecting C compile features
[0.479s] -- Detecting C compile features - done
[0.479s] -- Detecting CXX compiler ABI info
[0.479s] -- Detecting CXX compiler ABI info - done
[0.479s] -- Check for working CXX compiler: /usr/bin/c++ - skipped
[0.479s] -- Detecting CXX compile features
[0.479s] -- Detecting CXX compile features - done
[0.479s] -- Found ament_cmake: 1.3.3 (/opt/ros/humble/share/ament_cmake/cmake)
[0.479s] -- Found Python3: /usr/bin/python3.10 (found version "3.10.6") found components: Interpreter 
[0.547s] -- Found rclcpp: 16.0.3 (/opt/ros/humble/share/rclcpp/cmake)
[0.645s] -- Found rosidl_generator_c: 3.1.4 (/opt/ros/humble/share/rosidl_generator_c/cmake)
[0.655s] -- Found rosidl_adapter: 3.1.4 (/opt/ros/humble/share/rosidl_adapter/cmake)
[0.668s] -- Found rosidl_generator_cpp: 3.1.4 (/opt/ros/humble/share/rosidl_generator_cpp/cmake)
[0.688s] -- Using all available rosidl_typesupport_c: rosidl_typesupport_fastrtps_c;rosidl_typesupport_introspection_c
[0.717s] -- Using all available rosidl_typesupport_cpp: rosidl_typesupport_fastrtps_cpp;rosidl_typesupport_introspection_cpp
[0.797s] -- Found rmw_implementation_cmake: 6.1.1 (/opt/ros/humble/share/rmw_implementation_cmake/cmake)
[0.802s] -- Found rmw_fastrtps_cpp: 6.2.2 (/opt/ros/humble/share/rmw_fastrtps_cpp/cmake)
[0.931s] -- Found OpenSSL: /usr/lib/x86_64-linux-gnu/libcrypto.so (found version "3.0.2")  
[0.965s] -- Found FastRTPS: /opt/ros/humble/include  
[1.012s] -- Using RMW implementation 'rmw_fastrtps_cpp' as default
[1.030s] -- Looking for pthread.h
[1.098s] -- Looking for pthread.h - found
[1.099s] -- Performing Test CMAKE_HAVE_LIBC_PTHREAD
[1.169s] -- Performing Test CMAKE_HAVE_LIBC_PTHREAD - Success
[1.170s] -- Found Threads: TRUE  
[1.292s] -- Found ament_lint_auto: 0.12.5 (/opt/ros/humble/share/ament_lint_auto/cmake)
[1.344s] -- Configuring done
[1.346s] -- Generating done
[1.347s] -- Build files have been written to: /home/riboha/ros2_ws/src/build/champ
[1.354s] Invoked command in '/home/riboha/ros2_ws/src/build/champ' returned '0': CMAKE_PREFIX_PATH=${CMAKE_PREFIX_PATH}:/home/riboha/ros2_ws/install/mini_pupper_control:/home/riboha/ros2_ws/install/actions:/home/riboha/turtle/install/turtlebot3_teleop:/home/riboha/turtle/install/turtlebot3_example:/home/riboha/colcon_ws/install/ros_tcp_endpoint:/opt/ros/humble /usr/bin/cmake /home/riboha/ros2_ws/src/champ/champ/champ -DCMAKE_INSTALL_PREFIX=/home/riboha/ros2_ws/src/install/champ
[1.355s] Invoking command in '/home/riboha/ros2_ws/src/build/champ': CMAKE_PREFIX_PATH=${CMAKE_PREFIX_PATH}:/home/riboha/ros2_ws/install/mini_pupper_control:/home/riboha/ros2_ws/install/actions:/home/riboha/turtle/install/turtlebot3_teleop:/home/riboha/turtle/install/turtlebot3_example:/home/riboha/colcon_ws/install/ros_tcp_endpoint:/opt/ros/humble /usr/bin/cmake --build /home/riboha/ros2_ws/src/build/champ -- -j16 -l16
[1.384s] Invoked command in '/home/riboha/ros2_ws/src/build/champ' returned '0': CMAKE_PREFIX_PATH=${CMAKE_PREFIX_PATH}:/home/riboha/ros2_ws/install/mini_pupper_control:/home/riboha/ros2_ws/install/actions:/home/riboha/turtle/install/turtlebot3_teleop:/home/riboha/turtle/install/turtlebot3_example:/home/riboha/colcon_ws/install/ros_tcp_endpoint:/opt/ros/humble /usr/bin/cmake --build /home/riboha/ros2_ws/src/build/champ -- -j16 -l16
[1.399s] Invoking command in '/home/riboha/ros2_ws/src/build/champ': CMAKE_PREFIX_PATH=${CMAKE_PREFIX_PATH}:/home/riboha/ros2_ws/install/mini_pupper_control:/home/riboha/ros2_ws/install/actions:/home/riboha/turtle/install/turtlebot3_teleop:/home/riboha/turtle/install/turtlebot3_example:/home/riboha/colcon_ws/install/ros_tcp_endpoint:/opt/ros/humble /usr/bin/cmake --install /home/riboha/ros2_ws/src/build/champ
[1.404s] -- Install configuration: ""
[1.404s] -- Installing: /home/riboha/ros2_ws/src/install/champ/include
[1.404s] -- Installing: /home/riboha/ros2_ws/src/install/champ/include/champ
[1.404s] -- Installing: /home/riboha/ros2_ws/src/install/champ/include/champ/bla
[1.404s] -- Installing: /home/riboha/ros2_ws/src/install/champ/include/champ/bla/basic_linear_algebra.h
[1.404s] -- Installing: /home/riboha/ros2_ws/src/install/champ/include/champ/bla/memory_delegate.h
[1.404s] -- Installing: /home/riboha/ros2_ws/src/install/champ/include/champ/body_controller
[1.404s] -- Installing: /home/riboha/ros2_ws/src/install/champ/include/champ/body_controller/body_controller.h
[1.404s] -- Installing: /home/riboha/ros2_ws/src/install/champ/include/champ/odometry
[1.404s] -- Installing: /home/riboha/ros2_ws/src/install/champ/include/champ/odometry/odometry.h
[1.404s] -- Installing: /home/riboha/ros2_ws/src/install/champ/include/champ/LICENSE
[1.404s] -- Installing: /home/riboha/ros2_ws/src/install/champ/include/champ/leg_controller
[1.404s] -- Installing: /home/riboha/ros2_ws/src/install/champ/include/champ/leg_controller/leg_controller.h
[1.404s] -- Installing: /home/riboha/ros2_ws/src/install/champ/include/champ/leg_controller/phase_generator.h
[1.405s] -- Installing: /home/riboha/ros2_ws/src/install/champ/include/champ/leg_controller/trajectory_planner.h
[1.405s] -- Installing: /home/riboha/ros2_ws/src/install/champ/include/champ/kinematics
[1.405s] -- Installing: /home/riboha/ros2_ws/src/install/champ/include/champ/kinematics/kinematics.h
[1.405s] -- Installing: /home/riboha/ros2_ws/src/install/champ/include/champ/utils
[1.405s] -- Installing: /home/riboha/ros2_ws/src/install/champ/include/champ/utils/xmlrpc_helpers.h
[1.405s] -- Installing: /home/riboha/ros2_ws/src/install/champ/include/champ/utils/urdf_loader.h
[1.405s] -- Installing: /home/riboha/ros2_ws/src/install/champ/include/champ/geometry
[1.405s] -- Installing: /home/riboha/ros2_ws/src/install/champ/include/champ/geometry/geometry.h
[1.405s] -- Installing: /home/riboha/ros2_ws/src/install/champ/include/champ/.git
[1.405s] -- Installing: /home/riboha/ros2_ws/src/install/champ/include/champ/macros
[1.405s] -- Installing: /home/riboha/ros2_ws/src/install/champ/include/champ/macros/macros.h
[1.405s] -- Installing: /home/riboha/ros2_ws/src/install/champ/include/champ/README.md
[1.405s] -- Installing: /home/riboha/ros2_ws/src/install/champ/include/champ/quadruped_base
[1.405s] -- Installing: /home/riboha/ros2_ws/src/install/champ/include/champ/quadruped_base/quadruped_components.h
[1.405s] -- Installing: /home/riboha/ros2_ws/src/install/champ/include/champ/quadruped_base/quadruped_joint.h
[1.405s] -- Installing: /home/riboha/ros2_ws/src/install/champ/include/champ/quadruped_base/quadruped_base.h
[1.405s] -- Installing: /home/riboha/ros2_ws/src/install/champ/include/champ/quadruped_base/quadruped_leg.h
[1.406s] -- Installing: /home/riboha/ros2_ws/src/install/champ/share/ament_index/resource_index/package_run_dependencies/champ
[1.406s] -- Installing: /home/riboha/ros2_ws/src/install/champ/share/ament_index/resource_index/parent_prefix_path/champ
[1.406s] -- Installing: /home/riboha/ros2_ws/src/install/champ/share/champ/environment/ament_prefix_path.sh
[1.406s] -- Installing: /home/riboha/ros2_ws/src/install/champ/share/champ/environment/ament_prefix_path.dsv
[1.406s] -- Installing: /home/riboha/ros2_ws/src/install/champ/share/champ/environment/path.sh
[1.406s] -- Installing: /home/riboha/ros2_ws/src/install/champ/share/champ/environment/path.dsv
[1.406s] -- Installing: /home/riboha/ros2_ws/src/install/champ/share/champ/local_setup.bash
[1.406s] -- Installing: /home/riboha/ros2_ws/src/install/champ/share/champ/local_setup.sh
[1.406s] -- Installing: /home/riboha/ros2_ws/src/install/champ/share/champ/local_setup.zsh
[1.406s] -- Installing: /home/riboha/ros2_ws/src/install/champ/share/champ/local_setup.dsv
[1.406s] -- Installing: /home/riboha/ros2_ws/src/install/champ/share/champ/package.dsv
[1.406s] -- Installing: /home/riboha/ros2_ws/src/install/champ/share/ament_index/resource_index/packages/champ
[1.406s] -- Installing: /home/riboha/ros2_ws/src/install/champ/share/champ/cmake/ament_cmake_export_include_directories-extras.cmake
[1.406s] -- Installing: /home/riboha/ros2_ws/src/install/champ/share/champ/cmake/champConfig.cmake
[1.406s] -- Installing: /home/riboha/ros2_ws/src/install/champ/share/champ/cmake/champConfig-version.cmake
[1.406s] -- Installing: /home/riboha/ros2_ws/src/install/champ/share/champ/package.xml
[1.409s] Invoked command in '/home/riboha/ros2_ws/src/build/champ' returned '0': CMAKE_PREFIX_PATH=${CMAKE_PREFIX_PATH}:/home/riboha/ros2_ws/install/mini_pupper_control:/home/riboha/ros2_ws/install/actions:/home/riboha/turtle/install/turtlebot3_teleop:/home/riboha/turtle/install/turtlebot3_example:/home/riboha/colcon_ws/install/ros_tcp_endpoint:/opt/ros/humble /usr/bin/cmake --install /home/riboha/ros2_ws/src/build/champ
