/home/riboha/ros2_ws/src/install/actions/lib/python3.10/site-packages/actions/__init__.py
/home/riboha/ros2_ws/src/install/actions/lib/python3.10/site-packages/actions/foot_action.py
/home/riboha/ros2_ws/src/install/actions/lib/python3.10/site-packages/actions/stt_action.py
/home/riboha/ros2_ws/src/install/actions/lib/python3.10/site-packages/actions/send_action.py
/home/riboha/ros2_ws/src/install/actions/lib/python3.10/site-packages/actions/__pycache__/__init__.cpython-310.pyc
/home/riboha/ros2_ws/src/install/actions/lib/python3.10/site-packages/actions/__pycache__/foot_action.cpython-310.pyc
/home/riboha/ros2_ws/src/install/actions/lib/python3.10/site-packages/actions/__pycache__/stt_action.cpython-310.pyc
/home/riboha/ros2_ws/src/install/actions/lib/python3.10/site-packages/actions/__pycache__/send_action.cpython-310.pyc
/home/riboha/ros2_ws/src/install/actions/share/ament_index/resource_index/packages/actions
/home/riboha/ros2_ws/src/install/actions/share/actions/package.xml
/home/riboha/ros2_ws/src/install/actions/lib/python3.10/site-packages/actions-0.0.1-py3.10.egg-info/zip-safe
/home/riboha/ros2_ws/src/install/actions/lib/python3.10/site-packages/actions-0.0.1-py3.10.egg-info/top_level.txt
/home/riboha/ros2_ws/src/install/actions/lib/python3.10/site-packages/actions-0.0.1-py3.10.egg-info/PKG-INFO
/home/riboha/ros2_ws/src/install/actions/lib/python3.10/site-packages/actions-0.0.1-py3.10.egg-info/SOURCES.txt
/home/riboha/ros2_ws/src/install/actions/lib/python3.10/site-packages/actions-0.0.1-py3.10.egg-info/requires.txt
/home/riboha/ros2_ws/src/install/actions/lib/python3.10/site-packages/actions-0.0.1-py3.10.egg-info/dependency_links.txt
/home/riboha/ros2_ws/src/install/actions/lib/python3.10/site-packages/actions-0.0.1-py3.10.egg-info/entry_points.txt
/home/riboha/ros2_ws/src/install/actions/lib/actions/foot_action
/home/riboha/ros2_ws/src/install/actions/lib/actions/send_action
/home/riboha/ros2_ws/src/install/actions/lib/actions/stt_action
